TN:
SF:src/AsyncMandate.sol
DA:50,0
FN:50,AsyncMandate.initializeMandate
FNDA:0,AsyncMandate.initializeMandate
DA:56,0
DA:57,0
DA:59,0
DA:63,0
DA:72,0
FN:72,AsyncMandate.executeMandate
FNDA:0,AsyncMandate.executeMandate
DA:76,0
DA:77,0
BRDA:77,0,0,-
DA:78,0
DA:82,0
DA:83,0
DA:85,0
DA:87,0
DA:100,0
FN:100,AsyncMandate.handleRequest
FNDA:0,AsyncMandate.handleRequest
DA:121,0
FN:121,AsyncMandate._callOracle
FNDA:0,AsyncMandate._callOracle
DA:131,0
FN:131,AsyncMandate._replyPowers
FNDA:0,AsyncMandate._replyPowers
DA:140,0
DA:148,0
FN:148,AsyncMandate.getNameDescription
FNDA:0,AsyncMandate.getNameDescription
DA:149,0
DA:152,0
FN:152,AsyncMandate.getInputParams
FNDA:0,AsyncMandate.getInputParams
DA:153,0
DA:156,0
FN:156,AsyncMandate.getConfig
FNDA:0,AsyncMandate.getConfig
DA:157,0
DA:160,368
FN:160,AsyncMandate.version
FNDA:368,AsyncMandate.version
DA:161,368
DA:170,552
FN:170,AsyncMandate.supportsInterface
FNDA:552,AsyncMandate.supportsInterface
DA:171,552
FNF:10
FNH:2
LF:27
LH:4
BRF:1
BRH:0
end_of_record
TN:
SF:src/Mandate.sol
DA:50,1453
FN:50,Mandate.initializeMandate
FNDA:1453,Mandate.initializeMandate
DA:56,1453
DA:57,1453
DA:59,1451
DA:63,1451
DA:72,70
FN:72,Mandate.executeMandate
FNDA:70,Mandate.executeMandate
DA:76,70
DA:77,70
BRDA:77,0,0,1
DA:78,1
DA:82,69
DA:83,69
DA:85,53
DA:87,53
DA:100,0
FN:100,Mandate.handleRequest
FNDA:0,Mandate.handleRequest
DA:118,519
FN:118,Mandate.getNameDescription
FNDA:519,Mandate.getNameDescription
DA:119,519
DA:122,2
FN:122,Mandate.getInputParams
FNDA:2,Mandate.getInputParams
DA:123,2
DA:126,11
FN:126,Mandate.getConfig
FNDA:11,Mandate.getConfig
DA:127,72
DA:130,16192
FN:130,Mandate.version
FNDA:16192,Mandate.version
DA:131,16192
DA:140,28650
FN:140,Mandate.supportsInterface
FNDA:28650,Mandate.supportsInterface
DA:141,28650
FNF:8
FNH:7
LF:24
LH:23
BRF:1
BRH:1
end_of_record
TN:
SF:src/Powers.sol
DA:103,7
FN:103,Powers.onlyPowers
FNDA:7,Powers.onlyPowers
DA:104,7
DA:109,1012
FN:109,Powers._onlyPowers
FNDA:1012,Powers._onlyPowers
DA:110,1012
BRDA:110,0,0,2
DA:114,187
FN:114,Powers.onlyAdmin
FNDA:187,Powers.onlyAdmin
DA:115,187
DA:120,374
FN:120,Powers._onlyAdmin
FNDA:374,Powers._onlyAdmin
DA:121,374
BRDA:121,1,0,-
DA:134,560
FN:134,Powers.constructor
FNDA:560,Powers.constructor
DA:141,560
DA:142,560
BRDA:142,2,0,1
DA:143,559
BRDA:143,3,0,1
DA:144,558
BRDA:144,4,0,1
DA:145,557
BRDA:145,5,0,1
DA:147,556
DA:148,556
DA:149,556
DA:150,556
DA:151,556
DA:152,556
DA:153,556
DA:155,556
DA:160,0
FN:160,Powers.receive
FNDA:0,Powers.receive
DA:161,0
DA:169,187
FN:169,Powers.constitute
FNDA:187,Powers.constitute
DA:170,0
BRDA:170,6,0,-
DA:172,187
DA:174,187
DA:176,1430
BRDA:176,7,0,1430
DA:177,1430
DA:179,1430
DA:183,187
DA:187,187
FN:187,Powers.closeConstitute.0
FNDA:187,Powers.closeConstitute.0
DA:188,187
DA:192,0
FN:192,Powers.closeConstitute.1
FNDA:0,Powers.closeConstitute.1
DA:193,0
DA:197,0
FN:197,Powers.closeConstitute.2
FNDA:0,Powers.closeConstitute.2
DA:198,0
DA:204,187
FN:204,Powers._closeConstitute
FNDA:187,Powers._closeConstitute
DA:206,187
BRDA:206,8,0,-
DA:207,0
DA:208,0
DA:211,187
BRDA:211,9,0,-
DA:212,0
DA:213,0
DA:216,187
DA:223,32
FN:223,Powers.propose
FNDA:32,Powers.propose
DA:228,32
BRDA:228,10,0,-
DA:230,32
DA:233,32
BRDA:233,11,0,1
DA:236,31
BRDA:236,12,0,1
DA:239,30
BRDA:239,13,0,1
DA:242,29
BRDA:242,14,0,1
DA:245,28
DA:246,28
DA:248,28
DA:251,28
DA:252,28
BRDA:252,15,0,1
DA:255,27
DA:258,27
DA:259,27
DA:260,27
DA:261,27
DA:262,27
DA:263,27
DA:264,27
DA:265,27
DA:267,27
DA:279,27
DA:284,80
FN:284,Powers.request
FNDA:80,Powers.request
DA:288,80
BRDA:288,16,0,-
DA:290,80
DA:291,80
DA:293,80
BRDA:293,17,0,2
DA:296,78
BRDA:296,18,0,-
DA:299,78
BRDA:299,19,0,-
DA:302,78
BRDA:302,20,0,4
DA:304,74
DA:307,74
BRDA:307,21,0,1
DA:310,73
BRDA:310,22,0,1
DA:313,72
DA:316,69
BRDA:316,23,0,65
DA:319,69
DA:320,69
DA:321,69
DA:322,69
DA:323,69
DA:324,69
DA:327,69
DA:328,53
BRDA:328,24,0,-
DA:331,53
DA:333,53
DA:337,53
FN:337,Powers.fulfill
FNDA:53,Powers.fulfill
DA:344,53
DA:347,53
BRDA:347,25,0,-
DA:350,53
BRDA:350,26,0,-
DA:352,53
DA:355,53
BRDA:355,27,0,-
DA:358,53
BRDA:358,28,0,-
DA:361,53
DA:362,53
BRDA:362,29,0,-
DA:365,53
BRDA:365,30,0,-
DA:368,53
DA:371,53
DA:372,67
BRDA:372,31,0,-
DA:373,67
BRDA:373,32,0,-
DA:375,67
DA:376,67
BRDA:376,33,0,-
DA:378,0
DA:380,0
BRDA:380,34,0,-
BRDA:380,34,1,-
DA:382,0
DA:383,0
DA:386,0
DA:389,67
BRDA:389,35,0,67
BRDA:389,35,1,-
DA:390,67
DA:392,0
DA:395,67
DA:400,53
DA:403,53
DA:408,8
FN:408,Powers.cancel
FNDA:8,Powers.cancel
DA:409,8
DA:410,8
BRDA:410,36,0,1
DA:412,7
DA:413,7
DA:416,7
BRDA:416,37,0,1
DA:419,6
BRDA:419,38,0,-
DA:422,6
BRDA:422,39,0,2
DA:423,2
DA:427,4
DA:430,4
DA:432,4
DA:436,26
FN:436,Powers.castVote
FNDA:26,Powers.castVote
DA:437,26
DA:441,2
FN:441,Powers.castVoteWithReason
FNDA:2,Powers.castVoteWithReason
DA:442,2
DA:453,28
FN:453,Powers._castVote
FNDA:28,Powers._castVote
DA:454,28
DA:458,28
DA:459,28
DA:460,1
BRDA:460,40,0,1
DA:461,1
DA:465,27
DA:466,27
BRDA:466,41,0,1
DA:468,0
BRDA:468,42,0,-
DA:471,26
DA:473,25
DA:480,25
FN:480,Powers.adoptMandate
FNDA:25,Powers.adoptMandate
DA:481,24
DA:482,24
DA:484,19
DA:486,0
DA:490,9
FN:490,Powers.revokeMandate
FNDA:9,Powers.revokeMandate
DA:491,9
BRDA:491,43,0,1
DA:493,8
DA:494,8
DA:499,1454
FN:499,Powers._storeMandate
FNDA:1454,Powers._storeMandate
DA:500,1454
DA:501,1449
DA:505,0
FN:505,Powers.addFlow
FNDA:0,Powers.addFlow
DA:506,0
DA:507,0
DA:511,0
FN:511,Powers.removeFlow
FNDA:0,Powers.removeFlow
DA:512,0
BRDA:512,44,0,-
DA:517,0
DA:521,0
FN:521,Powers.editFlowByIndex
FNDA:0,Powers.editFlowByIndex
DA:522,0
BRDA:522,45,0,-
DA:523,0
BRDA:523,46,0,-
DA:524,0
DA:525,0
BRDA:525,47,0,-
DA:527,0
DA:529,0
DA:533,10
FN:533,Powers.labelRole
FNDA:10,Powers.labelRole
DA:534,10
BRDA:534,48,0,1
DA:535,9
BRDA:535,49,0,1
DA:536,8
BRDA:536,50,0,-
DA:538,8
DA:539,8
DA:540,8
DA:544,955
FN:544,Powers.assignRole
FNDA:955,Powers.assignRole
DA:545,954
BRDA:545,51,0,1
DA:547,953
DA:551,7
FN:551,Powers.revokeRole
FNDA:7,Powers.revokeRole
DA:552,7
DA:564,1516
FN:564,Powers._setRole
FNDA:1516,Powers._setRole
DA:565,1516
DA:566,1514
DA:570,3
FN:570,Powers.blacklistAddress
FNDA:3,Powers.blacklistAddress
DA:571,3
DA:572,3
DA:576,0
FN:576,Powers.setUri
FNDA:0,Powers.setUri
DA:577,0
DA:581,3
FN:581,Powers.setTreasury
FNDA:3,Powers.setTreasury
DA:582,3
BRDA:582,52,0,-
DA:583,3
DA:587,0
FN:587,Powers.setPaymaster
FNDA:0,Powers.setPaymaster
DA:588,0
BRDA:588,53,0,-
DA:589,0
DA:590,0
DA:599,12
FN:599,Powers._quorumReached
FNDA:12,Powers._quorumReached
DA:601,12
DA:602,12
DA:603,12
DA:606,12
DA:614,9
FN:614,Powers._voteSucceeded
FNDA:9,Powers._voteSucceeded
DA:616,9
DA:617,9
DA:618,9
DA:621,9
DA:630,26
FN:630,Powers._countVote
FNDA:26,Powers._countVote
DA:631,26
DA:638,21
FN:638,Powers._countMembersRole
FNDA:21,Powers._countMembersRole
DA:639,21
DA:646,0
FN:646,Powers.onERC721Received
FNDA:0,Powers.onERC721Received
DA:647,0
BRDA:647,54,0,-
DA:648,0
DA:652,0
FN:652,Powers.onERC1155Received
FNDA:0,Powers.onERC1155Received
DA:653,0
BRDA:653,55,0,-
DA:654,0
DA:658,0
FN:658,Powers.onERC1155BatchReceived
FNDA:0,Powers.onERC1155BatchReceived
DA:663,0
BRDA:663,56,0,-
DA:664,0
DA:668,0
FN:668,Powers.supportsInterface
FNDA:0,Powers.supportsInterface
DA:669,0
DA:670,0
DA:678,561
FN:678,Powers.version
FNDA:561,Powers.version
DA:679,561
DA:683,0
FN:683,Powers.getFlowCount
FNDA:0,Powers.getFlowCount
DA:684,0
DA:688,0
FN:688,Powers.getFlowMandatesAtIndex
FNDA:0,Powers.getFlowMandatesAtIndex
DA:689,0
BRDA:689,57,0,-
DA:690,0
DA:692,0
DA:696,0
FN:696,Powers.getFlowDescriptionAtIndex
FNDA:0,Powers.getFlowDescriptionAtIndex
DA:697,0
BRDA:697,58,0,-
DA:698,0
DA:700,0
DA:704,8
FN:704,Powers.canCallMandate
FNDA:8,Powers.canCallMandate
DA:705,144
DA:706,144
DA:708,144
DA:712,180
FN:712,Powers.hasRoleSince
FNDA:180,Powers.hasRoleSince
DA:713,698
DA:714,698
DA:715,698
BRDA:715,59,0,165
DA:716,165
DA:718,533
DA:722,11
FN:722,Powers.getAmountRoleHolders
FNDA:11,Powers.getAmountRoleHolders
DA:723,11
DA:727,2
FN:727,Powers.getRoleHolderAtIndex
FNDA:2,Powers.getRoleHolderAtIndex
DA:728,2
DA:729,2
BRDA:729,60,0,-
DA:730,0
DA:732,2
DA:736,8
FN:736,Powers.getRoleLabel
FNDA:8,Powers.getRoleLabel
DA:737,8
DA:741,0
FN:741,Powers.getRoleMetadata
FNDA:0,Powers.getRoleMetadata
DA:742,0
DA:746,35
FN:746,Powers.getActionState
FNDA:35,Powers.getActionState
DA:748,35
DA:750,35
BRDA:750,61,0,3
DA:751,3
DA:753,32
BRDA:753,62,0,-
DA:754,0
DA:756,32
BRDA:756,63,0,17
DA:757,17
DA:759,15
BRDA:759,64,0,2
DA:760,2
DA:762,13
BRDA:762,65,0,-
DA:763,0
DA:766,13
DA:768,13
BRDA:768,66,0,1
BRDA:768,66,1,9
DA:769,1
DA:770,12
BRDA:770,67,0,3
BRDA:770,67,1,9
DA:771,3
DA:773,9
DA:778,7
FN:778,Powers.getActionData
FNDA:7,Powers.getActionData
DA:791,7
DA:793,7
DA:805,3
FN:805,Powers.getActionVoteData
FNDA:3,Powers.getActionVoteData
DA:817,3
DA:819,3
DA:830,0
FN:830,Powers.getActionCalldata
FNDA:0,Powers.getActionCalldata
DA:831,0
DA:835,3
FN:835,Powers.getActionReturnData
FNDA:3,Powers.getActionReturnData
DA:836,3
DA:840,0
FN:840,Powers.getActionUri
FNDA:0,Powers.getActionUri
DA:841,0
DA:845,1
FN:845,Powers.hasVoted
FNDA:1,Powers.hasVoted
DA:846,1
DA:850,529
FN:850,Powers.getAdoptedMandate
FNDA:529,Powers.getAdoptedMandate
DA:855,529
DA:856,529
DA:857,529
DA:858,529
DA:860,529
DA:864,0
FN:864,Powers.getMandateCounter
FNDA:0,Powers.getMandateCounter
DA:865,0
DA:869,0
FN:869,Powers.getLatestFulfillment
FNDA:0,Powers.getLatestFulfillment
DA:870,0
DA:874,0
FN:874,Powers.getQuantityMandateActions
FNDA:0,Powers.getQuantityMandateActions
DA:875,0
DA:879,0
FN:879,Powers.getMandateActionAtIndex
FNDA:0,Powers.getMandateActionAtIndex
DA:880,0
DA:881,0
BRDA:881,68,0,-
DA:882,0
DA:884,0
DA:888,95
FN:888,Powers.getConditions
FNDA:95,Powers.getConditions
DA:889,116
DA:893,7
FN:893,Powers.getTreasury
FNDA:7,Powers.getTreasury
DA:894,7
DA:898,0
FN:898,Powers.isBlacklisted
FNDA:0,Powers.isBlacklisted
DA:899,1129
FNF:65
FNH:42
LF:312
LH:231
BRF:73
BRH:34
end_of_record
TN:
SF:src/helpers/ElectionRegistry.sol
DA:35,0
FN:35,ElectionRegistry.onlyOwner
FNDA:0,ElectionRegistry.onlyOwner
DA:36,0
BRDA:36,0,0,-
DA:41,41
FN:41,ElectionRegistry.constructor
FNDA:41,ElectionRegistry.constructor
DA:42,41
DA:43,41
DA:49,1
FN:49,ElectionRegistry.createElection
FNDA:1,ElectionRegistry.createElection
DA:50,1
DA:52,1
BRDA:52,1,0,-
DA:55,1
DA:62,1
DA:64,1
DA:70,1
FN:70,ElectionRegistry.nominate
FNDA:1,ElectionRegistry.nominate
DA:71,1
DA:73,0
BRDA:73,2,0,-
DA:74,1
BRDA:74,3,0,-
DA:76,1
DA:77,1
DA:79,1
DA:85,0
FN:85,ElectionRegistry.revokeNomination
FNDA:0,ElectionRegistry.revokeNomination
DA:86,0
DA:88,0
BRDA:88,4,0,-
DA:89,0
BRDA:89,5,0,-
DA:91,0
DA:93,0
DA:94,0
DA:95,0
BRDA:95,6,0,-
DA:96,0
DA:97,0
DA:98,0
DA:102,0
DA:109,1
FN:109,ElectionRegistry.vote
FNDA:1,ElectionRegistry.vote
DA:110,1
DA:111,1
BRDA:111,7,0,-
DA:112,0
DA:114,0
BRDA:114,8,0,-
DA:116,1
DA:117,1
BRDA:117,9,0,-
DA:119,1
DA:121,1
DA:122,1
BRDA:122,10,0,1
DA:123,1
DA:124,1
DA:125,1
DA:131,3
FN:131,ElectionRegistry.isElectionOpen
FNDA:3,ElectionRegistry.isElectionOpen
DA:132,3
DA:133,3
DA:136,0
FN:136,ElectionRegistry.getElectionInfo
FNDA:0,ElectionRegistry.getElectionInfo
DA:137,0
DA:140,3
FN:140,ElectionRegistry.getNominees
FNDA:3,ElectionRegistry.getNominees
DA:141,4
DA:144,0
FN:144,ElectionRegistry.getNomineeCount
FNDA:0,ElectionRegistry.getNomineeCount
DA:145,0
DA:148,1
FN:148,ElectionRegistry.getVoteCount
FNDA:1,ElectionRegistry.getVoteCount
DA:149,1
DA:152,0
FN:152,ElectionRegistry.hasUserVoted
FNDA:0,ElectionRegistry.hasUserVoted
DA:153,0
DA:156,1
FN:156,ElectionRegistry.getNomineeRanking
FNDA:1,ElectionRegistry.getNomineeRanking
DA:161,1
DA:162,1
BRDA:162,11,0,-
DA:163,0
DA:166,1
DA:169,0
FN:169,ElectionRegistry.getRankingAnyTime
FNDA:0,ElectionRegistry.getRankingAnyTime
DA:174,1
DA:175,1
BRDA:175,12,0,-
DA:177,1
DA:178,1
DA:181,1
DA:182,1
DA:183,1
DA:187,1
DA:188,0
DA:189,0
BRDA:189,13,0,-
DA:191,0
DA:192,0
DA:193,0
DA:196,0
DA:197,0
DA:198,0
DA:203,1
FNF:14
FNH:8
LF:79
LH:46
BRF:14
BRH:1
end_of_record
TN:
SF:src/helpers/Governed721.sol
DA:70,0
FN:70,Governed721.setPaymentId
FNDA:0,Governed721.setPaymentId
DA:71,0
DA:74,0
FN:74,Governed721.setSplit
FNDA:0,Governed721.setSplit
DA:75,0
BRDA:75,0,0,-
DA:76,0
DA:81,0
DA:82,0
BRDA:82,1,0,-
DA:83,0
DA:86,0
DA:87,0
DA:90,0
FN:90,Governed721.setWhitelist
FNDA:0,Governed721.setWhitelist
DA:91,0
DA:94,0
FN:94,Governed721.setBlacklist
FNDA:0,Governed721.setBlacklist
DA:95,0
DA:98,0
FN:98,Governed721.burn
FNDA:0,Governed721.burn
DA:99,0
DA:106,0
FN:106,Governed721.mint
FNDA:0,Governed721.mint
DA:107,0
BRDA:107,2,0,-
DA:108,0
BRDA:108,3,0,-
DA:109,0
BRDA:109,4,0,-
DA:110,0
BRDA:110,5,0,-
DA:112,0
DA:113,0
DA:114,0
DA:119,0
FN:119,Governed721.safeTransferFrom
FNDA:0,Governed721.safeTransferFrom
DA:123,0
DA:124,0
DA:125,0
DA:128,0
BRDA:128,6,0,-
DA:129,0
DA:133,0
BRDA:133,7,0,-
BRDA:133,7,1,-
DA:134,0
DA:137,0
BRDA:137,8,0,-
DA:138,0
BRDA:138,9,0,-
DA:139,0
DA:140,0
BRDA:140,10,0,-
DA:143,0
DA:146,0
DA:147,0
DA:159,0
DA:162,0
DA:171,0
FN:171,Governed721.safeTransferFromWithETH
FNDA:0,Governed721.safeTransferFromWithETH
DA:179,0
DA:182,0
BRDA:182,11,0,-
DA:183,0
DA:187,0
BRDA:187,12,0,-
DA:190,0
DA:191,0
BRDA:191,13,0,-
DA:194,0
BRDA:194,14,0,-
DA:195,0
DA:196,0
BRDA:196,15,0,-
DA:200,0
DA:201,0
DA:213,0
DA:216,0
DA:221,0
FN:221,Governed721.collectPayment
FNDA:0,Governed721.collectPayment
DA:225,0
BRDA:225,16,0,-
DA:227,0
DA:230,0
DA:238,0
FN:238,Governed721.getSplit
FNDA:0,Governed721.getSplit
DA:239,0
BRDA:239,17,0,-
DA:240,0
DA:242,0
DA:245,0
FN:245,Governed721.getArtist
FNDA:0,Governed721.getArtist
DA:246,0
DA:249,0
FN:249,Governed721.getTransferData
FNDA:0,Governed721.getTransferData
DA:250,0
DA:253,0
FN:253,Governed721.isWhitelisted
FNDA:0,Governed721.isWhitelisted
DA:254,0
DA:257,0
FN:257,Governed721.isBlacklisted
FNDA:0,Governed721.isBlacklisted
DA:258,0
FNF:14
FNH:0
LF:71
LH:0
BRF:19
BRH:0
end_of_record
TN:
SF:src/helpers/MandateRegistry.sol
DA:120,0
FN:120,MandateRegistry.registerMandate
FNDA:0,MandateRegistry.registerMandate
DA:122,8145
BRDA:122,0,0,-
DA:123,0
DA:125,8145
BRDA:125,1,0,-
DA:128,8145
BRDA:128,2,0,-
DA:129,0
DA:132,8145
DA:133,8145
DA:134,8145
DA:137,8145
BRDA:137,3,0,-
DA:138,0
BRDA:138,4,0,-
BRDA:138,4,1,-
DA:139,0
DA:141,0
DA:146,8145
DA:148,8145
DA:150,8145
DA:152,8145
DA:156,0
FN:156,MandateRegistry.deactivateMandate
FNDA:0,MandateRegistry.deactivateMandate
DA:160,0
DA:161,0
DA:163,0
BRDA:163,5,0,-
DA:164,0
DA:167,0
DA:168,0
BRDA:168,6,0,-
DA:170,0
DA:172,0
DA:176,0
FN:176,MandateRegistry.reactivateMandate
FNDA:0,MandateRegistry.reactivateMandate
DA:180,0
DA:181,0
DA:183,0
BRDA:183,7,0,-
DA:184,0
DA:187,0
DA:188,0
BRDA:188,8,0,-
DA:190,0
DA:192,0
DA:198,181
FN:198,MandateRegistry.batchRegisterMandates
FNDA:181,MandateRegistry.batchRegisterMandates
DA:202,181
BRDA:202,9,0,-
DA:203,0
DA:206,181
DA:207,8145
DA:215,0
FN:215,MandateRegistry.packVersion
FNDA:0,MandateRegistry.packVersion
DA:216,17826
DA:219,8145
FN:219,MandateRegistry._addVersion
FNDA:8145,MandateRegistry._addVersion
DA:227,8145
DA:228,8145
DA:230,8145
BRDA:230,10,0,-
DA:231,0
DA:234,8145
DA:237,1536
FN:237,MandateRegistry._getMandateEntryInternal
FNDA:1536,MandateRegistry._getMandateEntryInternal
DA:243,1536
DA:244,1536
DA:246,1536
DA:247,1536
BRDA:247,11,0,-
DA:248,1536
DA:255,0
FN:255,MandateRegistry.getMandateEntry
FNDA:0,MandateRegistry.getMandateEntry
DA:260,0
DA:264,1536
FN:264,MandateRegistry.getMandateAddress
FNDA:1536,MandateRegistry.getMandateAddress
DA:269,1536
DA:273,8145
FN:273,MandateRegistry.isMandateRegistered
FNDA:8145,MandateRegistry.isMandateRegistered
DA:278,8145
DA:282,8145
FN:282,MandateRegistry.isVersionActive
FNDA:8145,MandateRegistry.isVersionActive
DA:287,8145
DA:288,8145
DA:289,8145
BRDA:289,12,0,8145
DA:290,0
DA:293,0
FN:293,MandateRegistry.getLatestVersion
FNDA:0,MandateRegistry.getLatestVersion
DA:294,0
DA:295,0
DA:296,0
BRDA:296,13,0,-
DA:298,0
DA:299,0
DA:300,0
DA:301,0
FNF:12
FNH:6
LF:73
LH:35
BRF:15
BRH:1
end_of_record
TN:
SF:src/helpers/Nominees.sol
DA:26,13
FN:26,Nominees.nominate
FNDA:13,Nominees.nominate
DA:27,13
BRDA:27,0,0,13
BRDA:27,0,1,-
DA:28,13
BRDA:28,1,0,-
DA:29,13
DA:30,13
DA:32,13
DA:34,13
DA:36,0
BRDA:36,2,0,-
DA:37,0
DA:39,0
DA:40,0
DA:41,0
BRDA:41,3,0,-
DA:42,0
DA:43,0
DA:44,0
DA:48,0
DA:50,0
DA:55,0
FN:55,Nominees.revokeNomination
FNDA:0,Nominees.revokeNomination
DA:56,0
DA:61,29
FN:61,Nominees.getNominees
FNDA:29,Nominees.getNominees
DA:62,29
DA:65,0
FN:65,Nominees.isNominee
FNDA:0,Nominees.isNominee
DA:66,0
FNF:4
FNH:2
LF:23
LH:9
BRF:5
BRH:1
end_of_record
TN:
SF:src/helpers/PowersDeployer.sol
DA:11,0
FN:11,PowersDeployer.deploy
FNDA:0,PowersDeployer.deploy
DA:21,0
DA:23,0
DA:24,0
DA:26,0
FNF:1
FNH:0
LF:5
LH:0
BRF:0
BRH:0
end_of_record
TN:
SF:src/helpers/PowersFactory.sol
DA:34,19
FN:34,PowersFactory.constructor
FNDA:19,PowersFactory.constructor
DA:42,19
DA:44,19
DA:45,19
DA:46,19
DA:47,19
DA:57,19
FN:57,PowersFactory.addMandates
FNDA:19,PowersFactory.addMandates
DA:58,19
DA:59,114
DA:67,0
FN:67,PowersFactory.replaceMandate
FNDA:0,PowersFactory.replaceMandate
DA:68,0
DA:74,0
FN:74,PowersFactory.getMandate
FNDA:0,PowersFactory.getMandate
DA:75,0
DA:85,0
FN:85,PowersFactory.addFlows
FNDA:0,PowersFactory.addFlows
DA:86,0
DA:87,0
DA:95,0
FN:95,PowersFactory.replaceFlow
FNDA:0,PowersFactory.replaceFlow
DA:96,0
DA:102,0
FN:102,PowersFactory.getFlow
FNDA:0,PowersFactory.getFlow
DA:103,0
DA:113,0
FN:113,PowersFactory.createPowers.0
FNDA:0,PowersFactory.createPowers.0
DA:114,0
DA:116,0
DA:118,0
DA:124,0
FN:124,PowersFactory.createPowers.1
FNDA:0,PowersFactory.createPowers.1
DA:125,0
DA:127,0
DA:129,0
DA:138,0
FN:138,PowersFactory.getLatestDeployment
FNDA:0,PowersFactory.getLatestDeployment
DA:139,0
FNF:10
FNH:2
LF:30
LH:9
BRF:0
BRH:0
end_of_record
TN:
SF:src/helpers/PowersPaymaster.sol
DA:28,3
FN:28,PowersPaymaster.constructor
FNDA:3,PowersPaymaster.constructor
DA:29,3
DA:30,3
DA:33,0
FN:33,PowersPaymaster.addSponsoredTarget
FNDA:0,PowersPaymaster.addSponsoredTarget
DA:34,0
BRDA:34,0,0,-
DA:35,0
DA:37,0
DA:39,0
DA:42,0
FN:42,PowersPaymaster.removeSponsoredTarget
FNDA:0,PowersPaymaster.removeSponsoredTarget
DA:43,0
BRDA:43,1,0,-
DA:44,0
DA:47,0
DA:48,0
DA:49,0
DA:50,0
BRDA:50,2,0,-
DA:51,0
DA:52,0
DA:53,0
DA:54,0
DA:57,0
BRDA:57,3,0,-
DA:58,0
DA:61,0
DA:69,3
FN:69,PowersPaymaster._validatePaymasterUserOp
FNDA:3,PowersPaymaster._validatePaymasterUserOp
DA:80,3
BRDA:80,4,0,-
DA:81,0
DA:84,3
DA:86,3
BRDA:86,5,0,2
BRDA:86,5,1,-
DA:88,2
DA:89,2
DA:90,1
BRDA:90,6,0,-
BRDA:90,6,1,-
DA:93,0
BRDA:93,7,0,-
DA:94,0
DA:95,0
DA:99,0
DA:101,0
DA:103,1
DA:106,1
DA:109,2
FN:109,PowersPaymaster._requireSponsoredTarget
FNDA:2,PowersPaymaster._requireSponsoredTarget
DA:110,2
DA:111,2
BRDA:111,8,0,1
DA:113,1
FNF:5
FNH:3
LF:41
LH:16
BRF:11
BRH:2
end_of_record
TN:
SF:src/helpers/SlateRegistry.sol
DA:46,0
FN:46,SlateRegistry.constructor
FNDA:0,SlateRegistry.constructor
DA:47,0
DA:48,0
DA:49,0
DA:58,0
FN:58,SlateRegistry.createElection
FNDA:0,SlateRegistry.createElection
DA:59,0
DA:61,0
BRDA:61,0,0,-
DA:62,0
DA:64,0
BRDA:64,1,0,-
DA:67,0
DA:71,0
DA:73,0
DA:83,0
DA:85,0
DA:92,0
FN:92,SlateRegistry.registerSlate
FNDA:0,SlateRegistry.registerSlate
DA:93,0
BRDA:93,2,0,-
DA:94,0
BRDA:94,3,0,-
DA:95,0
DA:96,0
DA:97,0
DA:104,0
FN:104,SlateRegistry.removeSlate
FNDA:0,SlateRegistry.removeSlate
DA:105,0
BRDA:105,4,0,-
DA:106,0
BRDA:106,5,0,-
DA:107,0
DA:110,0
DA:111,0
DA:112,0
BRDA:112,6,0,-
DA:113,0
DA:114,0
DA:115,0
DA:118,0
DA:124,0
FN:124,SlateRegistry.vote
FNDA:0,SlateRegistry.vote
DA:125,0
DA:126,0
BRDA:126,7,0,-
DA:127,0
DA:129,0
BRDA:129,8,0,-
DA:130,0
BRDA:130,9,0,-
DA:132,0
DA:135,0
DA:136,0
DA:137,0
DA:138,0
DA:142,0
FN:142,SlateRegistry.executeResults
FNDA:0,SlateRegistry.executeResults
DA:144,0
DA:146,0
DA:148,0
DA:149,0
DA:150,0
DA:155,0
FN:155,SlateRegistry.isElectionOpen
FNDA:0,SlateRegistry.isElectionOpen
DA:156,0
DA:157,0
DA:160,0
FN:160,SlateRegistry.getElectionInfo
FNDA:0,SlateRegistry.getElectionInfo
DA:161,0
DA:164,0
FN:164,SlateRegistry.getSlates
FNDA:0,SlateRegistry.getSlates
DA:165,0
DA:168,0
FN:168,SlateRegistry.getSlateCount
FNDA:0,SlateRegistry.getSlateCount
DA:169,0
DA:172,0
FN:172,SlateRegistry.getElectionCount
FNDA:0,SlateRegistry.getElectionCount
DA:173,0
DA:176,0
FN:176,SlateRegistry.hasUserVoted
FNDA:0,SlateRegistry.hasUserVoted
DA:177,0
DA:180,0
FN:180,SlateRegistry.getSlateRanking
FNDA:0,SlateRegistry.getSlateRanking
DA:185,0
DA:186,0
BRDA:186,10,0,-
DA:187,0
DA:190,0
DA:193,0
FN:193,SlateRegistry.getRankingAnyTime
FNDA:0,SlateRegistry.getRankingAnyTime
DA:198,0
DA:199,0
BRDA:199,11,0,-
DA:201,0
DA:202,0
DA:205,0
DA:206,0
DA:207,0
DA:211,0
DA:212,0
DA:213,0
BRDA:213,12,0,-
DA:215,0
DA:216,0
DA:217,0
DA:220,0
DA:221,0
DA:222,0
DA:227,0
FNF:14
FNH:0
LF:84
LH:0
BRF:13
BRH:0
end_of_record
TN:
SF:src/helpers/ZKPassport_PowersRegistry.sol
DA:66,19
FN:66,ZKPassport_PowersRegistry.constructor
FNDA:19,ZKPassport_PowersRegistry.constructor
DA:67,19
BRDA:67,0,0,-
DA:68,19
DA:69,19
DA:70,19
DA:71,19
DA:78,0
FN:78,ZKPassport_PowersRegistry.mockAddDisclosedData
FNDA:0,ZKPassport_PowersRegistry.mockAddDisclosedData
DA:79,0
DA:80,0
DA:81,0
DA:82,0
DA:93,0
DA:98,0
DA:110,0
FN:110,ZKPassport_PowersRegistry.registerProof
FNDA:0,ZKPassport_PowersRegistry.registerProof
DA:114,0
DA:117,0
DA:118,0
BRDA:118,1,0,-
BRDA:118,1,1,-
DA:121,0
BRDA:121,2,0,-
BRDA:121,2,1,-
DA:127,0
BRDA:127,3,0,-
BRDA:127,3,1,-
DA:134,0
DA:135,0
BRDA:135,4,0,-
BRDA:135,4,1,-
DA:138,0
DA:140,0
BRDA:140,5,0,-
BRDA:140,5,1,-
DA:142,0
BRDA:142,6,0,-
BRDA:142,6,1,-
DA:145,0
DA:153,0
DA:154,0
BRDA:154,7,0,-
DA:157,0
DA:158,0
BRDA:158,7,1,-
DA:159,0
DA:163,0
DA:164,0
DA:165,0
DA:168,0
DA:169,0
DA:176,0
FN:176,ZKPassport_PowersRegistry.deleteProof
FNDA:0,ZKPassport_PowersRegistry.deleteProof
DA:177,0
DA:178,0
BRDA:178,8,0,-
BRDA:178,8,1,-
DA:180,0
BRDA:180,9,0,-
BRDA:180,9,1,-
DA:185,0
DA:191,0
FN:191,ZKPassport_PowersRegistry.getDisclosed
FNDA:0,ZKPassport_PowersRegistry.getDisclosed
DA:192,0
DA:193,0
BRDA:193,10,0,-
BRDA:193,10,1,-
DA:194,0
DA:197,0
FN:197,ZKPassport_PowersRegistry.getProofTimestamp
FNDA:0,ZKPassport_PowersRegistry.getProofTimestamp
DA:198,0
DA:199,0
BRDA:199,11,0,-
BRDA:199,11,1,-
DA:200,0
DA:203,0
FN:203,ZKPassport_PowersRegistry.getIsFacematched
FNDA:0,ZKPassport_PowersRegistry.getIsFacematched
DA:204,0
DA:205,0
BRDA:205,12,0,-
BRDA:205,12,1,-
DA:206,0
FNF:7
FNH:1
LF:52
LH:6
BRF:25
BRH:0
end_of_record
TN:
SF:src/libraries/Checks.sol
DA:35,77
FN:35,Checks.check
FNDA:77,Checks.check
DA:42,77
DA:44,77
BRDA:44,0,0,4
DA:45,4
DA:47,4
BRDA:47,1,0,1
DA:48,1
DA:53,76
BRDA:53,2,0,1
DA:54,1
DA:56,1
BRDA:56,3,0,-
DA:57,0
DA:62,76
BRDA:62,4,0,10
DA:63,10
BRDA:63,5,0,1
DA:64,1
DA:69,75
BRDA:69,6,0,8
DA:71,8
DA:73,1
BRDA:73,7,0,1
DA:74,1
DA:79,74
BRDA:79,8,0,7
DA:80,7
DA:81,7
DA:83,7
BRDA:83,9,0,-
DA:84,0
DA:87,7
BRDA:87,10,0,1
DA:88,1
DA:106,116
FN:106,Checks.computeActionId
FNDA:116,Checks.computeActionId
DA:111,136
DA:114,2
FN:114,Checks.getConditions
FNDA:2,Checks.getConditions
DA:119,79
FNF:3
FNH:3
LF:28
LH:26
BRF:11
BRH:9
end_of_record
TN:
SF:src/libraries/MandateUtilities.sol
DA:17,1454
FN:17,MandateUtilities.checkStringLength
FNDA:1454,MandateUtilities.checkStringLength
DA:18,1454
BRDA:18,0,0,1
DA:19,1
DA:21,1453
BRDA:21,1,0,1
DA:22,1
DA:35,98
FN:35,MandateUtilities.computeActionId
FNDA:98,MandateUtilities.computeActionId
DA:40,98
DA:48,2121
FN:48,MandateUtilities.hashMandate
FNDA:2121,MandateUtilities.hashMandate
DA:49,2121
DA:58,50
FN:58,MandateUtilities.createEmptyArrays
FNDA:50,MandateUtilities.createEmptyArrays
DA:63,50
DA:64,50
DA:65,50
DA:73,262
FN:73,MandateUtilities.arrayifyBools
FNDA:262,MandateUtilities.arrayifyBools
DA:74,262
BRDA:74,2,0,13
DA:75,249
BRDA:75,3,0,-
DA:79,249
DA:80,249
DA:81,249
DA:82,249
DA:84,120496
DA:85,120496
DA:88,249
DA:96,0
FN:96,MandateUtilities.hexStringToBytes
FNDA:0,MandateUtilities.hexStringToBytes
DA:97,0
DA:98,0
DA:99,0
DA:101,0
DA:104,0
FN:104,MandateUtilities.hexToByte
FNDA:0,MandateUtilities.hexToByte
DA:105,0
BRDA:105,4,0,-
DA:107,0
DA:109,0
BRDA:109,5,0,-
DA:111,0
DA:113,0
BRDA:113,6,0,-
DA:115,0
DA:117,0
FNF:7
FNH:5
LF:36
LH:23
BRF:7
BRH:3
end_of_record
TN:
SF:src/libraries/PowersUtilities.sol
DA:13,1516
FN:13,PowersUtilities.setRole
FNDA:1516,PowersUtilities.setRole
DA:19,1516
BRDA:19,0,0,1
DA:20,1515
BRDA:20,1,0,1
DA:21,1514
BRDA:21,2,0,-
DA:23,1514
DA:24,1514
DA:25,1514
DA:27,1514
BRDA:27,3,0,1505
BRDA:27,3,1,7
DA:28,1505
DA:29,1505
DA:30,9
BRDA:30,4,0,7
DA:31,7
DA:32,7
DA:36,7
DA:37,7
DA:39,7
DA:40,7
DA:44,1454
FN:44,PowersUtilities.storeMandate
FNDA:1454,PowersUtilities.storeMandate
DA:50,1454
BRDA:50,5,0,1
DA:51,1
DA:53,1
BRDA:53,6,0,1
DA:54,1452
BRDA:54,7,0,1
DA:55,1
DA:58,1451
DA:59,1451
DA:60,1451
DA:61,1451
DA:63,1451
DA:67,26
FN:67,PowersUtilities.countVote
FNDA:26,PowersUtilities.countVote
DA:73,26
DA:75,26
DA:77,26
BRDA:77,8,0,2
BRDA:77,8,1,1
DA:78,2
DA:79,24
BRDA:79,9,0,22
BRDA:79,9,1,1
DA:80,22
DA:81,2
BRDA:81,10,0,1
BRDA:81,10,1,1
DA:82,1
DA:84,1
FNF:3
FNH:3
LF:38
LH:38
BRF:15
BRH:14
end_of_record
TN:
SF:src/mandates/electoral/AssignExternalRole.sol
DA:31,184
FN:31,AssignExternalRole.constructor
FNDA:184,AssignExternalRole.constructor
DA:32,184
DA:33,184
DA:40,0
FN:40,AssignExternalRole.initializeMandate
FNDA:0,AssignExternalRole.initializeMandate
DA:45,0
DA:46,0
DA:47,0
DA:59,0
FN:59,AssignExternalRole.handleRequest
FNDA:0,AssignExternalRole.handleRequest
DA:71,0
DA:72,0
DA:73,0
DA:76,0
DA:77,0
DA:80,0
DA:81,0
DA:84,0
DA:87,0
BRDA:87,0,0,-
BRDA:87,0,1,-
DA:89,0
DA:90,0
DA:91,0
DA:92,0
BRDA:92,1,0,-
BRDA:92,1,1,-
DA:94,0
DA:95,0
DA:96,0
DA:97,0
BRDA:97,2,0,-
BRDA:97,2,1,-
DA:99,0
DA:102,0
DA:105,0
FNF:3
FNH:1
LF:28
LH:3
BRF:6
BRH:0
end_of_record
TN:
SF:src/mandates/electoral/DelegateTokenSelect.sol
DA:44,184
FN:44,DelegateTokenSelect.constructor
FNDA:184,DelegateTokenSelect.constructor
DA:45,184
DA:46,184
DA:47,184
DA:52,0
FN:52,DelegateTokenSelect.handleRequest
FNDA:0,DelegateTokenSelect.handleRequest
DA:65,0
DA:66,0
DA:67,0
DA:71,0
DA:73,0
DA:74,0
DA:75,0
DA:79,0
DA:80,0
DA:83,0
BRDA:83,0,0,-
BRDA:83,0,1,-
DA:85,0
DA:88,0
DA:89,0
DA:92,0
DA:93,0
DA:94,0
DA:98,0
DA:99,0
DA:100,0
BRDA:100,1,0,-
DA:102,0
DA:103,0
DA:104,0
DA:106,0
DA:107,0
DA:108,0
DA:114,0
DA:115,0
DA:116,0
DA:121,0
DA:123,0
BRDA:123,2,0,-
DA:125,0
DA:126,0
DA:129,0
DA:131,0
DA:134,0
DA:135,0
DA:136,0
DA:138,0
DA:142,0
DA:143,0
DA:144,0
DA:146,0
DA:149,0
FNF:2
FNH:1
LF:48
LH:4
BRF:4
BRH:0
end_of_record
TN:
SF:src/mandates/electoral/Nominate.sol
DA:16,184
FN:16,Nominate.constructor
FNDA:184,Nominate.constructor
DA:17,184
DA:18,184
DA:21,22
FN:21,Nominate.initializeMandate
FNDA:22,Nominate.initializeMandate
DA:27,22
DA:28,22
DA:29,22
DA:38,0
FN:38,Nominate.handleRequest
FNDA:0,Nominate.handleRequest
DA:50,0
DA:51,0
DA:53,0
DA:54,0
DA:55,0
DA:57,0
FNF:3
FNH:2
LF:14
LH:7
BRF:0
BRH:0
end_of_record
TN:
SF:src/mandates/electoral/PeerSelect.sol
DA:36,184
FN:36,PeerSelect.constructor
FNDA:184,PeerSelect.constructor
DA:37,184
DA:38,184
DA:41,22
FN:41,PeerSelect.initializeMandate
FNDA:22,PeerSelect.initializeMandate
DA:47,22
DA:48,22
DA:51,22
DA:54,22
DA:55,22
DA:56,0
DA:59,22
DA:60,22
DA:68,0
FN:68,PeerSelect.handleRequest
FNDA:0,PeerSelect.handleRequest
DA:81,6
DA:83,6
DA:85,6
DA:89,6
DA:92,6
BRDA:92,0,0,1
DA:93,1
DA:96,5
DA:97,5
DA:98,13
DA:100,13
DA:102,13
DA:106,5
DA:108,5
BRDA:108,1,0,1
DA:109,1
DA:112,4
DA:113,8
BRDA:113,2,0,8
DA:114,8
DA:119,4
BRDA:119,3,0,2
DA:120,2
DA:124,2
DA:129,2
DA:130,2
DA:131,0
DA:135,2
DA:137,2
DA:140,2
DA:141,0
DA:142,0
DA:146,2
DA:147,2
DA:148,4
BRDA:148,4,0,4
DA:149,4
DA:150,4
DA:152,4
DA:157,2
DA:158,2
DA:160,2
FNF:3
FNH:2
LF:50
LH:45
BRF:5
BRH:5
end_of_record
TN:
SF:src/mandates/electoral/RenounceRole.sol
DA:23,184
FN:23,RenounceRole.constructor
FNDA:184,RenounceRole.constructor
DA:24,184
DA:25,184
DA:28,22
FN:28,RenounceRole.initializeMandate
FNDA:22,RenounceRole.initializeMandate
DA:34,22
DA:35,22
DA:36,22
DA:39,0
FN:39,RenounceRole.handleRequest
FNDA:0,RenounceRole.handleRequest
DA:52,3
DA:54,3
DA:55,3
DA:58,3
BRDA:58,0,0,1
DA:59,1
DA:63,2
DA:64,2
DA:65,3
BRDA:65,1,0,1
DA:66,1
DA:67,1
DA:70,2
BRDA:70,2,0,1
DA:71,1
DA:75,1
DA:76,1
DA:77,1
DA:78,1
DA:80,1
DA:83,1
FN:83,RenounceRole.getAllowedRoleIds
FNDA:1,RenounceRole.getAllowedRoleIds
DA:84,1
DA:85,1
FNF:4
FNH:3
LF:28
LH:27
BRF:3
BRH:3
end_of_record
TN:
SF:src/mandates/electoral/RevokeAccountsRoleId.sol
DA:23,184
FN:23,RevokeAccountsRoleId.constructor
FNDA:184,RevokeAccountsRoleId.constructor
DA:24,184
DA:25,184
DA:29,0
FN:29,RevokeAccountsRoleId.initializeMandate
FNDA:0,RevokeAccountsRoleId.initializeMandate
DA:35,0
DA:36,0
DA:40,0
FN:40,RevokeAccountsRoleId.handleRequest
FNDA:0,RevokeAccountsRoleId.handleRequest
DA:52,0
DA:55,0
DA:58,0
DA:61,0
DA:64,0
BRDA:64,0,0,-
DA:65,0
DA:66,0
DA:69,0
DA:70,0
DA:71,0
DA:75,0
DA:77,0
DA:78,0
DA:79,0
DA:82,0
FNF:3
FNH:1
LF:22
LH:3
BRF:1
BRH:0
end_of_record
TN:
SF:src/mandates/electoral/RevokeInactiveAccounts.sol
DA:59,184
FN:59,RevokeInactiveAccounts.constructor
FNDA:184,RevokeInactiveAccounts.constructor
DA:60,184
DA:61,184
DA:62,184
DA:66,22
FN:66,RevokeInactiveAccounts.initializeMandate
FNDA:22,RevokeInactiveAccounts.initializeMandate
DA:71,22
DA:72,22
DA:84,0
FN:84,RevokeInactiveAccounts.handleRequest
FNDA:0,RevokeInactiveAccounts.handleRequest
DA:96,0
DA:99,0
DA:102,0
DA:105,0
DA:106,0
BRDA:106,0,0,-
DA:107,0
DA:108,0
DA:111,0
DA:112,0
DA:113,0
DA:117,0
DA:120,0
DA:121,0
DA:126,0
DA:127,0
DA:128,0
BRDA:128,1,0,-
DA:129,0
DA:130,0
DA:135,0
DA:136,0
DA:138,0
DA:139,0
DA:140,0
DA:141,0
DA:142,0
DA:146,0
DA:147,0
BRDA:147,2,0,-
DA:148,0
DA:151,0
DA:152,0
DA:154,0
BRDA:154,3,0,-
DA:155,0
DA:156,0
DA:157,0
DA:158,0
BRDA:158,4,0,-
DA:161,0
DA:162,0
BRDA:162,5,0,-
DA:165,0
DA:166,0
BRDA:166,6,0,-
DA:167,0
DA:169,0
DA:176,0
DA:178,0
DA:179,0
DA:180,0
DA:182,0
DA:183,0
DA:186,0
BRDA:186,7,0,-
DA:187,0
DA:191,0
BRDA:191,8,0,-
DA:192,0
DA:198,0
DA:199,0
DA:201,0
DA:202,0
BRDA:202,9,0,-
DA:203,0
DA:204,0
DA:208,0
BRDA:208,10,0,-
DA:209,0
DA:210,0
DA:213,0
DA:215,0
DA:216,0
DA:217,0
DA:220,0
FNF:3
FNH:2
LF:73
LH:7
BRF:11
BRH:0
end_of_record
TN:
SF:src/mandates/electoral/RoleByRoles.sol
DA:26,184
FN:26,RoleByRoles.constructor
FNDA:184,RoleByRoles.constructor
DA:27,184
DA:28,184
DA:31,22
FN:31,RoleByRoles.initializeMandate
FNDA:22,RoleByRoles.initializeMandate
DA:37,22
DA:38,22
DA:39,22
DA:42,0
FN:42,RoleByRoles.handleRequest
FNDA:0,RoleByRoles.handleRequest
DA:56,2
DA:59,2
DA:60,2
DA:61,2
DA:64,2
DA:65,2
DA:66,3
BRDA:66,0,0,1
DA:67,1
DA:68,1
DA:71,2
DA:74,2
DA:77,2
BRDA:77,1,0,1
DA:78,1
DA:79,1
DA:81,2
BRDA:81,2,0,1
DA:82,1
DA:83,1
DA:86,2
FNF:3
FNH:2
LF:26
LH:25
BRF:3
BRH:3
end_of_record
TN:
SF:src/mandates/electoral/SelfSelect.sol
DA:16,184
FN:16,SelfSelect.constructor
FNDA:184,SelfSelect.constructor
DA:17,184
DA:18,184
DA:27,0
FN:27,SelfSelect.handleRequest
FNDA:0,SelfSelect.handleRequest
DA:39,4
DA:40,4
DA:41,4
DA:43,4
BRDA:43,0,0,1
DA:44,1
DA:47,3
DA:48,3
DA:50,3
FNF:2
FNH:1
LF:12
LH:11
BRF:1
BRH:1
end_of_record
TN:
SF:src/mandates/executive/BespokeAction_Advanced.sol
DA:23,184
FN:23,BespokeAction_Advanced.constructor
FNDA:184,BespokeAction_Advanced.constructor
DA:24,184
DA:31,184
DA:34,18
FN:34,BespokeAction_Advanced.initializeMandate
FNDA:18,BespokeAction_Advanced.initializeMandate
DA:40,18
DA:41,18
DA:42,18
DA:47,0
FN:47,BespokeAction_Advanced.handleRequest
FNDA:0,BespokeAction_Advanced.handleRequest
DA:60,1
DA:62,1
DA:64,1
DA:67,1
DA:68,1
DA:69,1
DA:72,1
FNF:3
FNH:2
LF:15
LH:14
BRF:0
BRH:0
end_of_record
TN:
SF:src/mandates/executive/BespokeAction_OnReturnValue.sol
DA:14,184
FN:14,BespokeAction_OnReturnValue.constructor
FNDA:184,BespokeAction_OnReturnValue.constructor
DA:15,184
DA:23,184
DA:26,37
FN:26,BespokeAction_OnReturnValue.initializeMandate
FNDA:37,BespokeAction_OnReturnValue.initializeMandate
DA:32,37
DA:33,37
DA:38,0
FN:38,BespokeAction_OnReturnValue.handleRequest
FNDA:0,BespokeAction_OnReturnValue.handleRequest
DA:52,1
DA:58,1
DA:59,1
DA:60,1
DA:61,1
DA:64,1
DA:66,1
DA:67,1
DA:69,1
FNF:3
FNH:2
LF:16
LH:15
BRF:0
BRH:0
end_of_record
TN:
SF:src/mandates/executive/BespokeAction_Simple.sol
DA:17,184
FN:17,BespokeAction_Simple.constructor
FNDA:184,BespokeAction_Simple.constructor
DA:18,184
DA:19,184
DA:22,74
FN:22,BespokeAction_Simple.initializeMandate
FNDA:74,BespokeAction_Simple.initializeMandate
DA:28,74
DA:29,74
DA:34,0
FN:34,BespokeAction_Simple.handleRequest
FNDA:0,BespokeAction_Simple.handleRequest
DA:48,3
DA:49,3
DA:50,3
DA:53,3
DA:55,3
DA:56,3
DA:58,3
FNF:3
FNH:2
LF:14
LH:13
BRF:0
BRH:0
end_of_record
TN:
SF:src/mandates/executive/CheckExternalActionState.sol
DA:25,184
FN:25,CheckExternalActionState.constructor
FNDA:184,CheckExternalActionState.constructor
DA:26,184
DA:27,184
DA:31,18
FN:31,CheckExternalActionState.initializeMandate
FNDA:18,CheckExternalActionState.initializeMandate
DA:35,18
DA:36,18
DA:40,0
FN:40,CheckExternalActionState.handleRequest
FNDA:0,CheckExternalActionState.handleRequest
DA:52,0
DA:53,0
DA:54,0
DA:55,0
DA:59,0
DA:62,0
DA:63,0
BRDA:63,0,0,-
DA:64,0
DA:68,0
DA:69,0
FNF:3
FNH:2
LF:17
LH:6
BRF:1
BRH:0
end_of_record
TN:
SF:src/mandates/executive/ExternalAction_Flexible.sol
DA:15,184
FN:15,ExternalAction_Flexible.constructor
FNDA:184,ExternalAction_Flexible.constructor
DA:16,184
DA:17,184
DA:20,0
FN:20,ExternalAction_Flexible.initializeMandate
FNDA:0,ExternalAction_Flexible.initializeMandate
DA:26,0
DA:27,0
DA:28,0
DA:29,0
DA:30,0
DA:31,0
DA:33,0
DA:38,0
FN:38,ExternalAction_Flexible.handleRequest
FNDA:0,ExternalAction_Flexible.handleRequest
DA:51,0
DA:52,0
DA:53,0
DA:56,0
DA:57,0
DA:58,0
DA:66,0
FNF:3
FNH:1
LF:19
LH:3
BRF:0
BRH:0
end_of_record
TN:
SF:src/mandates/executive/ExternalAction_OnReturnValue.sol
DA:14,184
FN:14,ExternalAction_OnReturnValue.constructor
FNDA:184,ExternalAction_OnReturnValue.constructor
DA:15,184
DA:21,184
DA:24,0
FN:24,ExternalAction_OnReturnValue.initializeMandate
FNDA:0,ExternalAction_OnReturnValue.initializeMandate
DA:30,0
DA:31,0
DA:32,0
DA:33,0
DA:34,0
DA:35,0
DA:37,0
DA:42,0
FN:42,ExternalAction_OnReturnValue.handleRequest
FNDA:0,ExternalAction_OnReturnValue.handleRequest
DA:55,0
DA:56,0
DA:58,0
DA:60,0
DA:61,0
DA:62,0
DA:64,0
DA:65,0
DA:66,0
DA:74,0
FNF:3
FNH:1
LF:22
LH:3
BRF:0
BRH:0
end_of_record
TN:
SF:src/mandates/executive/ExternalAction_Simple.sol
DA:14,184
FN:14,ExternalAction_Simple.constructor
FNDA:184,ExternalAction_Simple.constructor
DA:15,184
DA:16,184
DA:17,184
DA:20,0
FN:20,ExternalAction_Simple.initializeMandate
FNDA:0,ExternalAction_Simple.initializeMandate
DA:26,0
DA:27,0
DA:32,0
FN:32,ExternalAction_Simple.handleRequest
FNDA:0,ExternalAction_Simple.handleRequest
DA:45,0
DA:46,0
DA:47,0
DA:50,0
DA:51,0
DA:52,0
DA:60,0
FNF:3
FNH:1
LF:15
LH:4
BRF:0
BRH:0
end_of_record
TN:
SF:src/mandates/executive/OpenAction.sol
DA:24,230
FN:24,OpenAction.constructor
FNDA:230,OpenAction.constructor
DA:25,230
DA:28,119
FN:28,OpenAction.initializeMandate
FNDA:119,OpenAction.initializeMandate
DA:34,119
DA:35,119
DA:36,119
DA:37,119
DA:38,119
DA:43,13
FN:43,OpenAction.handleRequest
FNDA:13,OpenAction.handleRequest
DA:55,17
DA:57,17
DA:58,0
FNF:3
FNH:3
LF:12
LH:11
BRF:0
BRH:0
end_of_record
TN:
SF:src/mandates/executive/PresetActions.sol
DA:17,184
FN:17,PresetActions.constructor
FNDA:184,PresetActions.constructor
DA:18,184
DA:19,184
DA:23,0
FN:23,PresetActions.handleRequest
FNDA:0,PresetActions.handleRequest
DA:36,3
DA:37,3
DA:39,0
FNF:2
FNH:1
LF:7
LH:5
BRF:0
BRH:0
end_of_record
TN:
SF:src/mandates/executive/PresetActions_OnOwnPowers.sol
DA:29,184
FN:29,PresetActions_OnOwnPowers.constructor
FNDA:184,PresetActions_OnOwnPowers.constructor
DA:30,184
DA:31,184
DA:35,0
FN:35,PresetActions_OnOwnPowers.handleRequest
FNDA:0,PresetActions_OnOwnPowers.handleRequest
DA:47,0
DA:48,0
DA:49,0
DA:51,0
DA:53,0
DA:54,0
DA:55,0
DA:58,0
FNF:2
FNH:1
LF:12
LH:3
BRF:0
BRH:0
end_of_record
TN:
SF:src/mandates/executive/StatementOfIntent.sol
DA:18,184
FN:18,StatementOfIntent.constructor
FNDA:184,StatementOfIntent.constructor
DA:21,184
DA:22,184
DA:25,222
FN:25,StatementOfIntent.initializeMandate
FNDA:222,StatementOfIntent.initializeMandate
DA:31,222
DA:33,222
DA:42,0
FN:42,StatementOfIntent.handleRequest
FNDA:0,StatementOfIntent.handleRequest
DA:54,6
DA:55,6
DA:56,0
FNF:3
FNH:2
LF:10
LH:8
BRF:0
BRH:0
end_of_record
TN:
SF:src/mandates/integrations/ChainlinkFunctions/ChainlinkFunctions_Open.sol
DA:52,184
FN:52,ChainlinkFunctions_Open.constructor
FNDA:184,ChainlinkFunctions_Open.constructor
DA:54,184
DA:61,184
DA:66,0
FN:66,ChainlinkFunctions_Open.initializeMandate
FNDA:0,ChainlinkFunctions_Open.initializeMandate
DA:72,0
DA:74,0
DA:80,0
DA:83,0
DA:84,0
DA:86,0
DA:87,0
DA:88,0
DA:89,0
BRDA:89,0,0,-
DA:90,0
DA:95,0
DA:96,0
DA:97,0
DA:98,0
DA:99,0
DA:102,0
DA:103,0
DA:108,0
FN:108,ChainlinkFunctions_Open.handleRequest
FNDA:0,ChainlinkFunctions_Open.handleRequest
DA:120,0
DA:121,0
DA:124,0
DA:127,0
DA:130,0
DA:132,0
DA:133,0
DA:135,0
DA:140,0
FN:140,ChainlinkFunctions_Open._callOracle
FNDA:0,ChainlinkFunctions_Open._callOracle
DA:149,0
DA:151,0
DA:154,0
DA:157,0
DA:167,0
FN:167,ChainlinkFunctions_Open.sendRequest
FNDA:0,ChainlinkFunctions_Open.sendRequest
DA:168,0
DA:170,0
DA:171,0
DA:172,0
BRDA:172,1,0,-
DA:174,0
DA:175,0
DA:178,0
FN:178,ChainlinkFunctions_Open.fulfillRequest
FNDA:0,ChainlinkFunctions_Open.fulfillRequest
DA:179,0
BRDA:179,2,0,-
DA:180,0
DA:183,0
DA:184,0
DA:186,0
BRDA:186,3,0,-
DA:187,0
DA:188,0
DA:192,0
DA:195,0
DA:196,0
DA:198,0
DA:203,0
FN:203,ChainlinkFunctions_Open.getData
FNDA:0,ChainlinkFunctions_Open.getData
DA:204,0
DA:207,0
FN:207,ChainlinkFunctions_Open.getLatestReply
FNDA:0,ChainlinkFunctions_Open.getLatestReply
DA:212,0
DA:215,0
FN:215,ChainlinkFunctions_Open.resetReply
FNDA:0,ChainlinkFunctions_Open.resetReply
DA:216,0
BRDA:216,4,0,-
DA:217,0
DA:220,0
DA:221,0
DA:222,0
DA:224,0
DA:227,0
FN:227,ChainlinkFunctions_Open.getRouter
FNDA:0,ChainlinkFunctions_Open.getRouter
DA:228,0
DA:236,0
FN:236,ChainlinkFunctions_Open._decodeStringTuple
FNDA:0,ChainlinkFunctions_Open._decodeStringTuple
DA:237,0
DA:238,0
DA:239,0
DA:244,0
DA:246,0
DA:249,0
DA:251,0
DA:253,0
DA:259,0
FN:259,ChainlinkFunctions_Open._encodeStringTuple
FNDA:0,ChainlinkFunctions_Open._encodeStringTuple
DA:260,0
DA:261,0
BRDA:261,5,0,-
DA:263,0
DA:264,0
DA:265,0
DA:266,0
DA:269,0
DA:270,0
DA:272,0
DA:275,0
DA:278,0
DA:279,0
DA:283,0
DA:285,0
DA:286,0
DA:287,0
DA:288,0
DA:292,0
DA:295,0
FNF:12
FNH:1
LF:96
LH:3
BRF:6
BRH:0
end_of_record
TN:
SF:src/mandates/integrations/ERC721/ERC721_GatedAccess.sol
DA:21,184
FN:21,ERC721_GatedAccess.constructor
FNDA:184,ERC721_GatedAccess.constructor
DA:22,184
DA:27,184
DA:30,0
FN:30,ERC721_GatedAccess.initializeMandate
FNDA:0,ERC721_GatedAccess.initializeMandate
DA:36,0
DA:37,0
DA:40,0
FN:40,ERC721_GatedAccess.handleRequest
FNDA:0,ERC721_GatedAccess.handleRequest
DA:52,0
DA:55,0
DA:56,0
DA:59,0
DA:60,0
BRDA:60,0,0,-
DA:61,0
DA:65,0
DA:66,0
DA:67,0
DA:69,0
FNF:3
FNH:1
LF:17
LH:3
BRF:1
BRH:0
end_of_record
TN:
SF:src/mandates/integrations/ElectionRegistry/ElectionRegistry_CleanUpVoteMandate.sol
DA:31,184
FN:31,ElectionRegistry_CleanUpVoteMandate.constructor
FNDA:184,ElectionRegistry_CleanUpVoteMandate.constructor
DA:32,184
DA:33,184
DA:36,0
FN:36,ElectionRegistry_CleanUpVoteMandate.initializeMandate
FNDA:0,ElectionRegistry_CleanUpVoteMandate.initializeMandate
DA:42,0
DA:43,0
DA:44,0
DA:52,0
FN:52,ElectionRegistry_CleanUpVoteMandate.handleRequest
FNDA:0,ElectionRegistry_CleanUpVoteMandate.handleRequest
DA:64,0
DA:66,0
DA:67,0
DA:68,0
DA:69,0
DA:72,0
DA:74,0
DA:76,0
DA:77,0
DA:78,0
DA:82,0
FNF:3
FNH:1
LF:19
LH:3
BRF:0
BRH:0
end_of_record
TN:
SF:src/mandates/integrations/ElectionRegistry/ElectionRegistry_CreateVoteMandate.sol
DA:35,184
FN:35,ElectionRegistry_CreateVoteMandate.constructor
FNDA:184,ElectionRegistry_CreateVoteMandate.constructor
DA:36,184
DA:37,184
DA:38,184
DA:41,19
FN:41,ElectionRegistry_CreateVoteMandate.initializeMandate
FNDA:19,ElectionRegistry_CreateVoteMandate.initializeMandate
DA:47,19
DA:48,19
DA:49,19
DA:57,0
FN:57,ElectionRegistry_CreateVoteMandate.handleRequest
FNDA:0,ElectionRegistry_CreateVoteMandate.handleRequest
DA:69,1
DA:71,1
DA:72,1
DA:73,1
DA:74,1
DA:77,1
DA:93,1
DA:94,1
DA:95,1
DA:99,1
FNF:3
FNH:2
LF:19
LH:18
BRF:0
BRH:0
end_of_record
TN:
SF:src/mandates/integrations/ElectionRegistry/ElectionRegistry_Nominate.sol
DA:32,184
FN:32,ElectionRegistry_Nominate.constructor
FNDA:184,ElectionRegistry_Nominate.constructor
DA:33,184
DA:34,184
DA:37,38
FN:37,ElectionRegistry_Nominate.initializeMandate
FNDA:38,ElectionRegistry_Nominate.initializeMandate
DA:43,38
DA:44,38
DA:45,38
DA:54,0
FN:54,ElectionRegistry_Nominate.handleRequest
FNDA:0,ElectionRegistry_Nominate.handleRequest
DA:66,1
DA:67,1
DA:68,1
DA:69,1
DA:70,1
DA:72,1
DA:73,1
DA:74,1
BRDA:74,0,0,1
BRDA:74,0,1,-
DA:75,1
DA:77,0
DA:80,1
FNF:3
FNH:2
LF:19
LH:17
BRF:2
BRH:1
end_of_record
TN:
SF:src/mandates/integrations/ElectionRegistry/ElectionRegistry_Tally.sol
DA:43,184
FN:43,ElectionRegistry_Tally.constructor
FNDA:184,ElectionRegistry_Tally.constructor
DA:44,184
DA:45,184
DA:48,19
FN:48,ElectionRegistry_Tally.initializeMandate
FNDA:19,ElectionRegistry_Tally.initializeMandate
DA:54,19
DA:55,19
DA:56,19
DA:62,0
FN:62,ElectionRegistry_Tally.handleRequest
FNDA:0,ElectionRegistry_Tally.handleRequest
DA:75,1
DA:76,1
DA:78,1
DA:79,1
DA:80,1
DA:83,1
BRDA:83,0,0,-
DA:84,0
DA:88,1
DA:91,1
DA:92,1
DA:93,2
DA:97,1
DA:99,1
DA:100,1
DA:101,1
DA:103,1
DA:104,1
DA:105,1
DA:112,1
DA:113,1
DA:114,1
DA:117,1
DA:118,2
DA:119,2
DA:121,2
DA:125,1
DA:126,1
DA:127,1
DA:129,1
DA:132,1
FNF:3
FNH:2
LF:38
LH:36
BRF:1
BRH:0
end_of_record
TN:
SF:src/mandates/integrations/ElectionRegistry/ElectionRegistry_Vote.sol
DA:35,184
FN:35,ElectionRegistry_Vote.constructor
FNDA:184,ElectionRegistry_Vote.constructor
DA:36,184
DA:37,184
DA:40,1
FN:40,ElectionRegistry_Vote.initializeMandate
FNDA:1,ElectionRegistry_Vote.initializeMandate
DA:46,1
DA:47,1
DA:50,1
BRDA:50,0,0,-
DA:51,0
DA:55,1
DA:58,1
DA:59,1
DA:60,1
DA:62,1
DA:63,1
DA:72,0
FN:72,ElectionRegistry_Vote.handleRequest
FNDA:0,ElectionRegistry_Vote.handleRequest
DA:85,1
DA:87,1
DA:88,1
DA:90,1
DA:93,1
BRDA:93,1,0,-
DA:94,0
DA:98,1
BRDA:98,2,0,-
DA:99,0
DA:102,1
DA:103,1
DA:104,1
DA:106,1
DA:108,1
DA:112,1
DA:113,1
DA:114,1
BRDA:114,3,0,1
DA:115,1
DA:116,1
BRDA:116,4,0,-
DA:117,0
DA:123,1
DA:124,1
DA:125,1
DA:127,1
FNF:3
FNH:2
LF:38
LH:33
BRF:5
BRH:1
end_of_record
TN:
SF:src/mandates/integrations/GovernedToken/GovernedToken_BurnToAccess.sol
DA:20,184
FN:20,GovernedToken_BurnToAccess.constructor
FNDA:184,GovernedToken_BurnToAccess.constructor
DA:21,184
DA:22,184
DA:25,19
FN:25,GovernedToken_BurnToAccess.initializeMandate
FNDA:19,GovernedToken_BurnToAccess.initializeMandate
DA:32,19
DA:34,19
DA:36,19
DA:37,38
DA:40,19
DA:42,19
DA:45,0
FN:45,GovernedToken_BurnToAccess.handleRequest
FNDA:0,GovernedToken_BurnToAccess.handleRequest
DA:57,2
DA:60,2
DA:63,2
DA:66,2
DA:67,2
BRDA:67,0,0,2
DA:68,2
DA:69,0
BRDA:69,0,1,-
DA:70,0
DA:74,2
DA:75,2
DA:77,2
BRDA:77,1,0,2
BRDA:77,1,1,-
DA:78,2
BRDA:78,2,0,1
DA:79,1
DA:82,0
BRDA:82,3,0,-
DA:83,0
BRDA:83,4,0,-
DA:84,0
DA:85,0
BRDA:85,3,1,-
DA:86,0
DA:90,1
FNF:3
FNH:2
LF:30
LH:22
BRF:8
BRH:3
end_of_record
TN:
SF:src/mandates/integrations/GovernedToken/GovernedToken_CollectSplitPayment.sol
DA:36,184
FN:36,GovernedToken_CollectSplitPayment.constructor
FNDA:184,GovernedToken_CollectSplitPayment.constructor
DA:37,184
DA:38,184
DA:41,0
FN:41,GovernedToken_CollectSplitPayment.initializeMandate
FNDA:0,GovernedToken_CollectSplitPayment.initializeMandate
DA:47,0
DA:48,0
DA:49,0
DA:52,0
FN:52,GovernedToken_CollectSplitPayment.handleRequest
FNDA:0,GovernedToken_CollectSplitPayment.handleRequest
DA:64,0
DA:65,0
DA:68,0
DA:74,0
DA:75,0
BRDA:75,0,0,-
DA:78,0
DA:82,0
DA:83,0
DA:84,0
BRDA:84,1,0,-
DA:85,0
DA:89,0
BRDA:89,2,0,-
BRDA:89,2,1,-
DA:90,0
DA:91,0
BRDA:91,3,0,-
BRDA:91,3,1,-
DA:92,0
DA:93,0
BRDA:93,4,0,-
BRDA:93,4,1,-
DA:94,0
DA:96,0
DA:100,0
DA:103,0
DA:104,0
BRDA:104,5,0,-
DA:107,0
DA:112,0
DA:113,0
DA:124,0
FNF:3
FNH:1
LF:32
LH:3
BRF:9
BRH:0
end_of_record
TN:
SF:src/mandates/integrations/GovernedToken/GovernedToken_GatedAccess.sol
DA:36,184
FN:36,GovernedToken_GatedAccess.constructor
FNDA:184,GovernedToken_GatedAccess.constructor
DA:37,184
DA:44,184
DA:47,19
FN:47,GovernedToken_GatedAccess.initializeMandate
FNDA:19,GovernedToken_GatedAccess.initializeMandate
DA:53,19
DA:54,19
DA:55,19
DA:58,0
FN:58,GovernedToken_GatedAccess.handleRequest
FNDA:0,GovernedToken_GatedAccess.handleRequest
DA:70,4
DA:71,4
DA:74,4
DA:75,4
DA:79,4
DA:81,4
DA:82,4
DA:83,15
DA:86,15
DA:87,15
BRDA:87,0,0,15
DA:88,15
BRDA:88,1,0,10
DA:89,0
BRDA:89,0,1,-
DA:90,0
BRDA:90,2,0,-
DA:91,0
BRDA:91,3,0,-
DA:92,0
BRDA:92,2,1,-
DA:93,0
DA:97,15
BRDA:97,4,0,5
DA:98,5
DA:102,10
BRDA:102,5,0,-
DA:103,0
DA:104,0
DA:106,10
DA:107,10
BRDA:107,6,0,4
DA:108,4
DA:112,6
BRDA:112,7,0,-
DA:113,0
DA:114,0
DA:116,6
DA:117,6
BRDA:117,8,0,6
DA:118,6
DA:122,4
BRDA:122,9,0,3
DA:123,3
DA:127,1
DA:128,1
DA:129,1
DA:131,1
FNF:3
FNH:2
LF:44
LH:34
BRF:12
BRH:6
end_of_record
TN:
SF:src/mandates/integrations/GovernedToken/GovernedToken_MintEncodedToken.sol
DA:27,184
FN:27,GovernedToken_MintEncodedToken.constructor
FNDA:184,GovernedToken_MintEncodedToken.constructor
DA:28,184
DA:29,184
DA:32,19
FN:32,GovernedToken_MintEncodedToken.initializeMandate
FNDA:19,GovernedToken_MintEncodedToken.initializeMandate
DA:38,19
DA:39,19
DA:40,19
DA:43,0
FN:43,GovernedToken_MintEncodedToken.handleRequest
FNDA:0,GovernedToken_MintEncodedToken.handleRequest
DA:55,16
DA:56,16
DA:59,16
DA:60,16
DA:62,16
DA:63,16
DA:65,16
DA:66,16
DA:67,16
DA:71,16
FNF:3
FNH:2
LF:18
LH:17
BRF:0
BRH:0
end_of_record
TN:
SF:src/mandates/integrations/Governor/Governor_CreateProposal.sol
DA:26,185
FN:26,Governor_CreateProposal.constructor
FNDA:185,Governor_CreateProposal.constructor
DA:27,185
DA:28,185
DA:31,19
FN:31,Governor_CreateProposal.initializeMandate
FNDA:19,Governor_CreateProposal.initializeMandate
DA:37,19
DA:47,1
FN:47,Governor_CreateProposal.handleRequest
FNDA:1,Governor_CreateProposal.handleRequest
DA:60,4
DA:61,4
DA:64,4
DA:65,3
BRDA:65,0,0,-
DA:68,3
DA:72,3
BRDA:72,1,0,1
DA:73,2
BRDA:73,2,0,1
DA:74,1
DA:76,1
BRDA:76,3,0,-
DA:77,0
DA:79,1
BRDA:79,4,0,-
DA:82,1
DA:83,1
DA:84,1
DA:88,1
FNF:3
FNH:3
LF:21
LH:20
BRF:5
BRH:2
end_of_record
TN:
SF:src/mandates/integrations/Governor/Governor_ExecuteProposal.sol
DA:30,184
FN:30,Governor_ExecuteProposal.constructor
FNDA:184,Governor_ExecuteProposal.constructor
DA:31,184
DA:32,184
DA:35,19
FN:35,Governor_ExecuteProposal.initializeMandate
FNDA:19,Governor_ExecuteProposal.initializeMandate
DA:41,19
DA:51,0
FN:51,Governor_ExecuteProposal.handleRequest
FNDA:0,Governor_ExecuteProposal.handleRequest
DA:64,3
DA:65,3
DA:66,3
DA:69,3
DA:70,3
DA:71,3
BRDA:71,0,0,-
DA:74,3
DA:78,3
BRDA:78,1,0,-
DA:79,3
BRDA:79,2,0,-
DA:80,0
DA:82,3
BRDA:82,3,0,-
DA:83,0
DA:85,3
BRDA:85,4,0,-
DA:88,3
DA:94,3
DA:95,3
BRDA:95,5,0,2
DA:96,2
DA:100,1
FNF:3
FNH:2
LF:24
LH:21
BRF:6
BRH:1
end_of_record
TN:
SF:src/mandates/integrations/PowersFactory/PowersFactory_AddSafeDelegate.sol
DA:20,184
FN:20,PowersFactory_AddSafeDelegate.constructor
FNDA:184,PowersFactory_AddSafeDelegate.constructor
DA:21,184
DA:22,184
DA:23,184
DA:26,0
FN:26,PowersFactory_AddSafeDelegate.initializeMandate
FNDA:0,PowersFactory_AddSafeDelegate.initializeMandate
DA:33,0
DA:35,0
DA:38,0
FN:38,PowersFactory_AddSafeDelegate.handleRequest
FNDA:0,PowersFactory_AddSafeDelegate.handleRequest
DA:50,0
DA:53,0
DA:54,0
DA:57,0
DA:58,0
DA:61,0
BRDA:61,0,0,-
DA:62,0
DA:66,0
BRDA:66,1,0,-
DA:67,0
DA:68,0
BRDA:68,1,1,-
DA:69,0
DA:71,0
BRDA:71,2,0,-
DA:72,0
DA:76,0
DA:79,0
DA:80,0
BRDA:80,3,0,-
DA:81,0
DA:86,0
DA:89,0
DA:90,0
DA:96,0
DA:113,0
FNF:3
FNH:1
LF:30
LH:4
BRF:5
BRH:0
end_of_record
TN:
SF:src/mandates/integrations/PowersFactory/PowersFactory_AssignRole.sol
DA:19,184
FN:19,PowersFactory_AssignRole.constructor
FNDA:184,PowersFactory_AssignRole.constructor
DA:20,184
DA:21,184
DA:22,184
DA:25,19
FN:25,PowersFactory_AssignRole.initializeMandate
FNDA:19,PowersFactory_AssignRole.initializeMandate
DA:32,19
DA:34,19
DA:37,0
FN:37,PowersFactory_AssignRole.handleRequest
FNDA:0,PowersFactory_AssignRole.handleRequest
DA:49,0
DA:52,0
DA:53,0
DA:56,0
DA:57,0
DA:59,0
BRDA:59,0,0,-
DA:60,0
DA:66,0
BRDA:66,1,0,-
DA:67,0
DA:68,0
BRDA:68,1,1,-
DA:69,0
DA:71,0
BRDA:71,2,0,-
DA:72,0
DA:76,0
DA:78,0
DA:79,0
DA:80,0
DA:82,0
FNF:3
FNH:2
LF:26
LH:7
BRF:4
BRH:0
end_of_record
TN:
SF:src/mandates/integrations/Safe/SafeAllowance_Action.sol
DA:22,184
FN:22,SafeAllowance_Action.constructor
FNDA:184,SafeAllowance_Action.constructor
DA:24,184
DA:25,184
DA:26,184
DA:29,0
FN:29,SafeAllowance_Action.initializeMandate
FNDA:0,SafeAllowance_Action.initializeMandate
DA:35,0
DA:36,0
DA:38,0
DA:43,0
DA:45,0
DA:54,0
FN:54,SafeAllowance_Action.handleRequest
FNDA:0,SafeAllowance_Action.handleRequest
DA:66,0
DA:67,0
DA:68,0
DA:69,0
DA:70,0
BRDA:70,0,0,-
DA:71,0
DA:82,0
DA:84,0
DA:86,0
DA:87,0
DA:101,0
FNF:3
FNH:1
LF:22
LH:4
BRF:1
BRH:0
end_of_record
TN:
SF:src/mandates/integrations/Safe/SafeAllowance_PresetTransfer.sol
DA:34,184
FN:34,SafeAllowance_PresetTransfer.constructor
FNDA:184,SafeAllowance_PresetTransfer.constructor
DA:36,184
DA:37,184
DA:38,184
DA:41,0
FN:41,SafeAllowance_PresetTransfer.initializeMandate
FNDA:0,SafeAllowance_PresetTransfer.initializeMandate
DA:47,0
DA:56,0
FN:56,SafeAllowance_PresetTransfer.handleRequest
FNDA:0,SafeAllowance_PresetTransfer.handleRequest
DA:68,0
DA:70,0
DA:71,0
DA:74,0
DA:76,0
DA:77,0
DA:79,0
DA:82,0
FN:82,SafeAllowance_PresetTransfer._createCalldata
FNDA:0,SafeAllowance_PresetTransfer._createCalldata
DA:87,0
DA:88,0
DA:90,0
DA:96,0
DA:98,0
FNF:4
FNH:1
LF:20
LH:4
BRF:0
BRH:0
end_of_record
TN:
SF:src/mandates/integrations/Safe/SafeAllowance_Transfer.sol
DA:34,184
FN:34,SafeAllowance_Transfer.constructor
FNDA:184,SafeAllowance_Transfer.constructor
DA:36,184
DA:37,184
DA:40,3
FN:40,SafeAllowance_Transfer.initializeMandate
FNDA:3,SafeAllowance_Transfer.initializeMandate
DA:46,3
DA:47,3
DA:48,3
DA:49,3
DA:51,3
DA:62,0
FN:62,SafeAllowance_Transfer.handleRequest
FNDA:0,SafeAllowance_Transfer.handleRequest
DA:74,1
DA:76,1
DA:77,1
DA:79,1
DA:81,1
DA:82,1
DA:84,1
DA:87,1
FN:87,SafeAllowance_Transfer._createCalldata
FNDA:1,SafeAllowance_Transfer._createCalldata
DA:92,1
DA:93,1
DA:94,1
DA:100,1
DA:102,1
FNF:4
FNH:3
LF:23
LH:22
BRF:0
BRH:0
end_of_record
TN:
SF:src/mandates/integrations/Safe/Safe_ExecTransaction.sol
DA:29,184
FN:29,Safe_ExecTransaction.constructor
FNDA:184,Safe_ExecTransaction.constructor
DA:30,184
DA:31,184
DA:34,57
FN:34,Safe_ExecTransaction.initializeMandate
FNDA:57,Safe_ExecTransaction.initializeMandate
DA:38,57
DA:39,57
DA:52,0
FN:52,Safe_ExecTransaction.handleRequest
FNDA:0,Safe_ExecTransaction.handleRequest
DA:64,3
DA:66,3
DA:67,3
DA:68,3
DA:69,3
BRDA:69,0,0,-
DA:70,0
DA:79,3
DA:82,3
DA:83,3
DA:84,3
DA:98,3
FNF:3
FNH:2
LF:18
LH:16
BRF:1
BRH:0
end_of_record
TN:
SF:src/mandates/integrations/Safe/Safe_ExecTransaction_OnReturnValue.sol
DA:32,184
FN:32,Safe_ExecTransaction_OnReturnValue.constructor
FNDA:184,Safe_ExecTransaction_OnReturnValue.constructor
DA:33,184
DA:41,184
DA:44,0
FN:44,Safe_ExecTransaction_OnReturnValue.initializeMandate
FNDA:0,Safe_ExecTransaction_OnReturnValue.initializeMandate
DA:48,0
DA:49,0
DA:62,0
FN:62,Safe_ExecTransaction_OnReturnValue.handleRequest
FNDA:0,Safe_ExecTransaction_OnReturnValue.handleRequest
DA:74,0
DA:76,0
DA:77,0
DA:79,0
DA:80,0
BRDA:80,0,0,-
DA:81,0
DA:83,0
DA:84,0
DA:93,0
DA:96,0
DA:97,0
DA:98,0
DA:112,0
FNF:3
FNH:1
LF:20
LH:3
BRF:1
BRH:0
end_of_record
TN:
SF:src/mandates/integrations/Safe/Safe_RecoverTokens.sol
DA:25,184
FN:25,Safe_RecoverTokens.constructor
FNDA:184,Safe_RecoverTokens.constructor
DA:26,184
DA:27,184
DA:30,0
FN:30,Safe_RecoverTokens.handleRequest
FNDA:0,Safe_RecoverTokens.handleRequest
DA:42,0
DA:43,0
DA:45,0
DA:46,0
DA:49,0
DA:50,0
DA:52,0
DA:53,0
DA:54,0
BRDA:54,0,0,-
DA:55,0
DA:60,0
DA:61,0
DA:62,0
DA:64,0
DA:65,0
DA:66,0
DA:67,0
DA:68,0
BRDA:68,1,0,-
DA:69,0
DA:71,0
DA:73,0
DA:77,0
FNF:2
FNH:1
LF:26
LH:3
BRF:2
BRH:0
end_of_record
TN:
SF:src/mandates/integrations/SlateRegistry/SlateRegistry_AddSlate.sol
DA:36,0
FN:36,SlateRegistry_AddSlate.constructor
FNDA:0,SlateRegistry_AddSlate.constructor
DA:37,0
DA:38,0
DA:41,0
FN:41,SlateRegistry_AddSlate.initializeMandate
FNDA:0,SlateRegistry_AddSlate.initializeMandate
DA:47,0
DA:54,0
DA:62,0
FN:62,SlateRegistry_AddSlate.handleRequest
FNDA:0,SlateRegistry_AddSlate.handleRequest
DA:74,0
DA:76,0
DA:80,0
DA:81,0
DA:90,0
DA:93,0
DA:97,0
DA:100,0
DA:103,0
DA:106,0
DA:109,0
DA:113,0
FN:113,SlateRegistry_AddSlate._findEmptySlot
FNDA:0,SlateRegistry_AddSlate._findEmptySlot
DA:114,0
DA:115,0
DA:116,0
BRDA:116,0,0,-
DA:117,0
DA:120,0
DA:124,0
FN:124,SlateRegistry_AddSlate._buildCalls
FNDA:0,SlateRegistry_AddSlate._buildCalls
DA:130,0
DA:147,0
DA:150,0
DA:151,0
DA:154,0
DA:155,0
DA:163,0
DA:164,0
DA:166,0
FNF:5
FNH:0
LF:34
LH:0
BRF:1
BRH:0
end_of_record
TN:
SF:src/mandates/integrations/SlateRegistry/SlateRegistry_ExecuteResult.sol
DA:28,0
FN:28,SlateRegistry_ExecuteResult.constructor
FNDA:0,SlateRegistry_ExecuteResult.constructor
DA:29,0
DA:30,0
DA:33,0
FN:33,SlateRegistry_ExecuteResult.initializeMandate
FNDA:0,SlateRegistry_ExecuteResult.initializeMandate
DA:39,0
DA:40,0
DA:48,0
FN:48,SlateRegistry_ExecuteResult.handleRequest
FNDA:0,SlateRegistry_ExecuteResult.handleRequest
DA:60,0
DA:62,0
DA:64,0
DA:65,0
DA:66,0
DA:69,0
DA:70,0
BRDA:70,0,0,-
DA:72,0
DA:73,0
DA:74,0
DA:76,0
FNF:3
FNH:0
LF:18
LH:0
BRF:1
BRH:0
end_of_record
TN:
SF:src/mandates/integrations/SlateRegistry/SlateRegistry_RemoveSlate.sol
DA:33,0
FN:33,SlateRegistry_RemoveSlate.constructor
FNDA:0,SlateRegistry_RemoveSlate.constructor
DA:34,0
DA:35,0
DA:38,0
FN:38,SlateRegistry_RemoveSlate.initializeMandate
FNDA:0,SlateRegistry_RemoveSlate.initializeMandate
DA:44,0
DA:51,0
DA:59,0
FN:59,SlateRegistry_RemoveSlate.handleRequest
FNDA:0,SlateRegistry_RemoveSlate.handleRequest
DA:71,0
DA:73,0
DA:77,0
DA:78,0
DA:79,0
DA:83,0
DA:86,0
DA:87,0
DA:90,0
DA:93,0
DA:96,0
DA:99,0
DA:100,0
DA:103,0
DA:104,0
DA:112,0
DA:113,0
DA:115,0
DA:119,0
FN:119,SlateRegistry_RemoveSlate._findMandateSlot
FNDA:0,SlateRegistry_RemoveSlate._findMandateSlot
DA:120,0
DA:121,0
DA:122,0
BRDA:122,0,0,-
DA:123,0
DA:126,0
FNF:4
FNH:0
LF:31
LH:0
BRF:1
BRH:0
end_of_record
TN:
SF:src/mandates/integrations/ZKPassport/ZKPassport_Check.sol
DA:36,184
FN:36,ZKPassport_Check.constructor
FNDA:184,ZKPassport_Check.constructor
DA:37,184
DA:45,184
DA:48,57
FN:48,ZKPassport_Check.initializeMandate
FNDA:57,ZKPassport_Check.initializeMandate
DA:54,57
DA:56,57
DA:57,57
DA:58,57
DA:60,57
DA:61,57
DA:65,0
FN:65,ZKPassport_Check.handleRequest
FNDA:0,ZKPassport_Check.handleRequest
DA:78,0
DA:79,0
DA:82,0
DA:85,0
BRDA:85,0,0,-
DA:86,0
BRDA:86,1,0,-
DA:87,0
BRDA:87,2,0,-
DA:89,0
DA:90,0
DA:93,0
DA:94,0
BRDA:94,3,0,-
BRDA:94,3,1,-
DA:97,0
BRDA:97,4,0,-
DA:98,0
BRDA:98,5,0,-
BRDA:98,5,1,-
DA:102,0
DA:105,0
BRDA:105,6,0,-
BRDA:105,6,1,-
DA:106,0
DA:107,0
BRDA:107,7,0,-
BRDA:107,7,1,-
DA:108,0
DA:109,0
BRDA:109,8,0,-
BRDA:109,8,1,-
DA:110,0
DA:111,0
BRDA:111,9,0,-
BRDA:111,9,1,-
DA:112,0
DA:113,0
BRDA:113,10,0,-
BRDA:113,10,1,-
DA:114,0
DA:115,0
BRDA:115,11,0,-
BRDA:115,11,1,-
DA:116,0
DA:117,0
BRDA:117,12,0,-
BRDA:117,12,1,-
DA:118,0
DA:119,0
BRDA:119,13,0,-
BRDA:119,13,1,-
DA:120,0
DA:121,0
BRDA:121,14,0,-
BRDA:121,14,1,-
DA:122,0
DA:123,0
BRDA:123,15,0,-
BRDA:123,15,1,-
DA:124,0
DA:125,0
BRDA:125,16,0,-
BRDA:125,16,1,-
DA:126,0
DA:127,0
BRDA:127,17,0,-
BRDA:127,17,1,-
DA:128,0
DA:129,0
BRDA:129,18,0,-
BRDA:129,18,1,-
DA:130,0
DA:131,0
BRDA:131,19,0,-
BRDA:131,19,1,-
DA:132,0
DA:133,0
BRDA:133,20,0,-
BRDA:133,20,1,-
DA:134,0
DA:135,0
BRDA:135,21,0,-
BRDA:135,21,1,-
DA:136,0
DA:137,0
BRDA:137,22,0,-
BRDA:137,22,1,-
DA:138,0
DA:139,0
BRDA:139,23,0,-
BRDA:139,23,1,-
DA:140,0
DA:141,0
BRDA:141,24,0,-
BRDA:141,24,1,-
DA:142,0
DA:143,0
BRDA:143,25,0,-
BRDA:143,25,1,-
DA:144,0
DA:145,0
BRDA:145,26,0,-
BRDA:145,26,1,-
DA:146,0
DA:147,0
BRDA:147,27,0,-
BRDA:147,27,1,-
DA:148,0
DA:150,0
DA:153,0
BRDA:153,28,0,-
DA:154,0
DA:157,0
DA:158,0
DA:159,0
DA:165,0
FN:165,ZKPassport_Check._verifyAgeAbove
FNDA:0,ZKPassport_Check._verifyAgeAbove
DA:166,0
DA:167,0
DA:170,0
FN:170,ZKPassport_Check._verifyAgeAboveOrEqual
FNDA:0,ZKPassport_Check._verifyAgeAboveOrEqual
DA:171,0
DA:172,0
DA:175,0
FN:175,ZKPassport_Check._verifyAgeBelow
FNDA:0,ZKPassport_Check._verifyAgeBelow
DA:176,0
DA:177,0
DA:180,0
FN:180,ZKPassport_Check._verifyAgeBelowOrEqual
FNDA:0,ZKPassport_Check._verifyAgeBelowOrEqual
DA:181,0
DA:182,0
DA:185,0
FN:185,ZKPassport_Check._verifyAgeBetween
FNDA:0,ZKPassport_Check._verifyAgeBetween
DA:186,0
DA:187,0
DA:188,0
DA:191,0
FN:191,ZKPassport_Check._verifyAgeEqual
FNDA:0,ZKPassport_Check._verifyAgeEqual
DA:192,0
DA:193,0
DA:196,0
FN:196,ZKPassport_Check._verifyBirthdateAfter
FNDA:0,ZKPassport_Check._verifyBirthdateAfter
DA:197,0
DA:198,0
DA:201,0
FN:201,ZKPassport_Check._verifyBirthdateAfterOrEqual
FNDA:0,ZKPassport_Check._verifyBirthdateAfterOrEqual
DA:202,0
DA:203,0
DA:206,0
FN:206,ZKPassport_Check._verifyBirthdateBefore
FNDA:0,ZKPassport_Check._verifyBirthdateBefore
DA:207,0
DA:208,0
DA:211,0
FN:211,ZKPassport_Check._verifyBirthdateBeforeOrEqual
FNDA:0,ZKPassport_Check._verifyBirthdateBeforeOrEqual
DA:212,0
DA:213,0
DA:216,0
FN:216,ZKPassport_Check._verifyBirthdateBetween
FNDA:0,ZKPassport_Check._verifyBirthdateBetween
DA:217,0
DA:218,0
DA:219,0
DA:222,0
FN:222,ZKPassport_Check._verifyBirthdateEqual
FNDA:0,ZKPassport_Check._verifyBirthdateEqual
DA:223,0
DA:224,0
DA:227,0
FN:227,ZKPassport_Check._verifyExpiryDateAfter
FNDA:0,ZKPassport_Check._verifyExpiryDateAfter
DA:228,0
DA:229,0
DA:232,0
FN:232,ZKPassport_Check._verifyExpiryDateAfterOrEqual
FNDA:0,ZKPassport_Check._verifyExpiryDateAfterOrEqual
DA:233,0
DA:234,0
DA:237,0
FN:237,ZKPassport_Check._verifyExpiryDateBefore
FNDA:0,ZKPassport_Check._verifyExpiryDateBefore
DA:238,0
DA:239,0
DA:242,0
FN:242,ZKPassport_Check._verifyExpiryDateBeforeOrEqual
FNDA:0,ZKPassport_Check._verifyExpiryDateBeforeOrEqual
DA:247,0
DA:248,0
DA:251,0
FN:251,ZKPassport_Check._verifyExpiryDateBetween
FNDA:0,ZKPassport_Check._verifyExpiryDateBetween
DA:252,0
DA:253,0
DA:254,0
DA:257,0
FN:257,ZKPassport_Check._verifyExpiryDateEqual
FNDA:0,ZKPassport_Check._verifyExpiryDateEqual
DA:258,0
DA:259,0
DA:262,0
FN:262,ZKPassport_Check._verifyIssuingCountryIn
FNDA:0,ZKPassport_Check._verifyIssuingCountryIn
DA:263,0
DA:264,0
DA:265,0
BRDA:265,29,0,-
DA:266,0
DA:269,0
DA:272,0
FN:272,ZKPassport_Check._verifyIssuingCountryOut
FNDA:0,ZKPassport_Check._verifyIssuingCountryOut
DA:273,0
DA:274,0
DA:275,0
BRDA:275,30,0,-
DA:276,0
DA:279,0
DA:282,0
FN:282,ZKPassport_Check._verifyNationalityIn
FNDA:0,ZKPassport_Check._verifyNationalityIn
DA:283,0
DA:284,0
DA:285,0
BRDA:285,31,0,-
DA:286,0
DA:289,0
DA:292,0
FN:292,ZKPassport_Check._verifyNationalityOut
FNDA:0,ZKPassport_Check._verifyNationalityOut
DA:293,0
DA:294,0
DA:295,0
BRDA:295,32,0,-
DA:296,0
DA:299,0
DA:306,0
FN:306,ZKPassport_Check._calculateAge
FNDA:0,ZKPassport_Check._calculateAge
DA:307,0
DA:308,0
DA:310,0
BRDA:310,33,0,-
DA:311,0
DA:314,0
FN:314,ZKPassport_Check._mrzToYYYYMMDD
FNDA:0,ZKPassport_Check._mrzToYYYYMMDD
DA:315,0
DA:316,0
BRDA:316,34,0,-
BRDA:316,34,1,-
DA:317,0
DA:318,0
DA:319,0
DA:321,0
DA:322,0
DA:324,0
DA:325,0
BRDA:325,35,0,-
BRDA:325,35,1,-
DA:328,0
BRDA:328,36,0,-
BRDA:328,36,1,-
DA:329,0
DA:331,0
DA:335,0
BRDA:335,37,0,-
BRDA:335,37,1,-
DA:336,0
DA:338,0
DA:342,0
DA:345,0
FN:345,ZKPassport_Check._timestampToYYYYMMDD
FNDA:0,ZKPassport_Check._timestampToYYYYMMDD
DA:346,0
DA:347,0
DA:350,0
FN:350,ZKPassport_Check._timestampToDate
FNDA:0,ZKPassport_Check._timestampToDate
DA:351,0
DA:352,0
DA:353,0
DA:354,0
DA:355,0
DA:356,0
DA:357,0
DA:358,0
DA:359,0
DA:360,0
DA:363,0
FN:363,ZKPassport_Check._stringToUint
FNDA:0,ZKPassport_Check._stringToUint
DA:364,0
DA:365,0
DA:366,0
DA:367,0
DA:368,0
DA:369,0
BRDA:369,38,0,-
DA:370,0
FNF:30
FNH:2
LF:199
LH:10
BRF:67
BRH:0
end_of_record
TN:
SF:src/mandates/reform/Adopt_Mandates.sol
DA:16,184
FN:16,Adopt_Mandates.constructor
FNDA:184,Adopt_Mandates.constructor
DA:17,184
DA:20,18
FN:20,Adopt_Mandates.initializeMandate
FNDA:18,Adopt_Mandates.initializeMandate
DA:26,18
DA:27,18
DA:28,18
DA:29,18
DA:34,0
FN:34,Adopt_Mandates.handleRequest
FNDA:0,Adopt_Mandates.handleRequest
DA:47,0
DA:49,0
DA:52,0
DA:53,0
DA:54,0
DA:56,0
DA:57,0
DA:58,0
DA:64,0
DA:65,0
DA:67,0
FNF:3
FNH:2
LF:19
LH:7
BRF:0
BRH:0
end_of_record
TN:
SF:src/mandates/reform/MandatePackage.sol
DA:26,0
FN:26,MandatePackage.constructor
FNDA:0,MandatePackage.constructor
DA:27,0
DA:28,0
DA:31,0
FN:31,MandatePackage.initializeMandate
FNDA:0,MandatePackage.initializeMandate
DA:37,0
DA:38,0
DA:43,0
FN:43,MandatePackage.handleRequest
FNDA:0,MandatePackage.handleRequest
DA:56,0
DA:57,0
DA:58,0
DA:61,0
DA:62,0
DA:63,0
DA:64,0
DA:65,0
DA:68,0
DA:69,0
DA:70,0
DA:79,0
FN:79,MandatePackage.getNewMandates
FNDA:0,MandatePackage.getNewMandates
DA:90,0
DA:91,0
DA:94,0
DA:95,0
DA:96,0
DA:97,0
DA:99,0
DA:100,0
DA:101,0
DA:102,0
DA:103,0
DA:111,0
DA:112,0
DA:113,0
DA:121,0
DA:122,0
DA:123,0
DA:124,0
DA:125,0
DA:126,0
DA:127,0
FNF:4
FNH:0
LF:40
LH:0
BRF:0
BRH:0
end_of_record
TN:
SF:src/mandates/reform/MandatePackage_Static.sol
DA:18,0
FN:18,ReformMandate_Static.constructor
FNDA:0,ReformMandate_Static.constructor
DA:19,0
DA:20,0
DA:22,0
DA:27,0
FN:27,ReformMandate_Static.handleRequest
FNDA:0,ReformMandate_Static.handleRequest
DA:40,0
DA:43,0
DA:44,0
DA:45,0
DA:46,0
DA:47,0
DA:50,0
DA:51,0
DA:52,0
FNF:2
FNH:0
LF:14
LH:0
BRF:0
BRH:0
end_of_record
TN:
SF:src/mandates/reform/PauseMandates.sol
DA:49,184
FN:49,PauseMandates.constructor
FNDA:184,PauseMandates.constructor
DA:50,184
DA:53,0
FN:53,PauseMandates.initializeMandate
FNDA:0,PauseMandates.initializeMandate
DA:60,0
DA:62,0
BRDA:62,0,0,-
DA:63,0
DA:66,0
DA:67,0
DA:68,0
DA:73,0
FN:73,PauseMandates.handleRequest
FNDA:0,PauseMandates.handleRequest
DA:86,0
DA:89,0
DA:92,0
DA:93,0
DA:95,0
BRDA:95,1,0,-
BRDA:95,1,1,-
DA:97,0
DA:100,0
DA:105,0
FN:105,PauseMandates._pauseMandates
FNDA:0,PauseMandates._pauseMandates
DA:111,0
DA:114,0
DA:117,0
DA:118,0
DA:119,0
DA:122,0
DA:126,0
FN:126,PauseMandates._restartMandates
FNDA:0,PauseMandates._restartMandates
DA:131,0
DA:134,0
DA:137,0
DA:139,0
DA:140,0
DA:143,0
DA:144,0
DA:147,0
DA:148,0
BRDA:148,2,0,-
DA:150,0
DA:154,0
DA:155,0
DA:156,0
DA:159,0
DA:171,0
DA:175,0
DA:178,0
DA:179,0
DA:182,0
DA:185,0
DA:186,0
DA:189,0
DA:190,0
DA:195,0
DA:200,0
FN:200,PauseMandates._findValidMandates
FNDA:0,PauseMandates._findValidMandates
DA:205,0
DA:206,0
DA:208,0
DA:210,0
DA:211,0
BRDA:211,3,0,-
DA:212,0
DA:213,0
BRDA:213,3,1,-
DA:215,0
DA:219,0
BRDA:219,4,0,-
DA:221,0
DA:224,0
DA:227,0
BRDA:227,5,0,-
DA:228,0
DA:232,0
DA:234,0
DA:237,0
FNF:6
FNH:1
LF:66
LH:2
BRF:8
BRH:0
end_of_record
TN:
SF:src/mandates/reform/Revoke_Mandates.sol
DA:15,184
FN:15,Revoke_Mandates.constructor
FNDA:184,Revoke_Mandates.constructor
DA:16,184
DA:17,184
DA:20,0
FN:20,Revoke_Mandates.initializeMandate
FNDA:0,Revoke_Mandates.initializeMandate
DA:26,0
DA:27,0
DA:28,0
DA:33,0
FN:33,Revoke_Mandates.handleRequest
FNDA:0,Revoke_Mandates.handleRequest
DA:46,0
DA:48,0
DA:51,0
DA:52,0
DA:53,0
DA:54,0
DA:55,0
DA:57,0
FNF:3
FNH:1
LF:16
LH:3
BRF:0
BRH:0
end_of_record
