TN:
SF:src/AsyncMandate.sol
DA:50,28
FN:50,AsyncMandate.initializeMandate
FNDA:28,AsyncMandate.initializeMandate
DA:56,28
DA:57,28
DA:59,26
DA:63,26
DA:72,10
FN:72,AsyncMandate.executeMandate
FNDA:10,AsyncMandate.executeMandate
DA:76,10
DA:77,10
BRDA:77,0,0,3
DA:78,3
DA:82,7
DA:83,7
DA:85,7
DA:87,7
DA:100,0
FN:100,AsyncMandate.handleRequest
FNDA:0,AsyncMandate.handleRequest
DA:121,0
FN:121,AsyncMandate._callOracle
FNDA:0,AsyncMandate._callOracle
DA:131,4
FN:131,AsyncMandate._replyPowers
FNDA:4,AsyncMandate._replyPowers
DA:140,4
DA:148,10
FN:148,AsyncMandate.getNameDescription
FNDA:10,AsyncMandate.getNameDescription
DA:149,10
DA:152,3
FN:152,AsyncMandate.getInputParams
FNDA:3,AsyncMandate.getInputParams
DA:153,3
DA:156,6
FN:156,AsyncMandate.getConfig
FNDA:6,AsyncMandate.getConfig
DA:157,6
DA:160,1367
FN:160,AsyncMandate.version
FNDA:1367,AsyncMandate.version
DA:161,1367
DA:170,2073
FN:170,AsyncMandate.supportsInterface
FNDA:2073,AsyncMandate.supportsInterface
DA:171,2073
FNF:10
FNH:8
LF:27
LH:25
BRF:1
BRH:1
end_of_record
TN:
SF:src/Mandate.sol
DA:50,3121
FN:50,Mandate.initializeMandate
FNDA:3121,Mandate.initializeMandate
DA:56,3121
DA:57,3121
DA:59,3119
DA:63,3119
DA:72,177
FN:72,Mandate.executeMandate
FNDA:177,Mandate.executeMandate
DA:76,177
DA:77,177
BRDA:77,0,0,1
DA:78,1
DA:82,176
DA:83,176
DA:85,154
DA:87,148
DA:100,0
FN:100,Mandate.handleRequest
FNDA:0,Mandate.handleRequest
DA:118,1178
FN:118,Mandate.getNameDescription
FNDA:1178,Mandate.getNameDescription
DA:119,1178
DA:122,8
FN:122,Mandate.getInputParams
FNDA:8,Mandate.getInputParams
DA:123,8
DA:126,15
FN:126,Mandate.getConfig
FNDA:15,Mandate.getConfig
DA:127,176
DA:130,64228
FN:130,Mandate.version
FNDA:64228,Mandate.version
DA:131,64228
DA:140,105759
FN:140,Mandate.supportsInterface
FNDA:105759,Mandate.supportsInterface
DA:141,105759
FNF:8
FNH:7
LF:24
LH:23
BRF:1
BRH:1
end_of_record
TN:
SF:src/Powers.sol
DA:107,31
FN:107,Powers.onlyPowers
FNDA:31,Powers.onlyPowers
DA:108,31
DA:113,2478
FN:113,Powers._onlyPowers
FNDA:2478,Powers._onlyPowers
DA:114,2478
BRDA:114,0,0,5
DA:118,404
FN:118,Powers.onlyAdmin
FNDA:404,Powers.onlyAdmin
DA:119,404
DA:124,1205
FN:124,Powers._onlyAdmin
FNDA:1205,Powers._onlyAdmin
DA:125,1205
BRDA:125,1,0,2
DA:140,2092
FN:140,Powers.constructor
FNDA:2092,Powers.constructor
DA:148,2092
DA:149,2092
BRDA:149,2,0,1
DA:150,2091
BRDA:150,3,0,1
DA:151,2090
BRDA:151,4,0,1
DA:152,2089
BRDA:152,5,0,1
DA:154,2088
DA:155,2088
DA:156,2088
DA:157,2088
DA:158,2088
DA:159,2088
DA:160,2088
DA:161,2088
DA:163,2088
DA:168,1
FN:168,Powers.receive
FNDA:1,Powers.receive
DA:169,1
DA:177,723
FN:177,Powers.constitute
FNDA:723,Powers.constitute
DA:178,1
BRDA:178,6,0,1
DA:180,721
DA:182,721
DA:184,3067
BRDA:184,7,0,3067
DA:185,3067
DA:187,3064
DA:191,718
DA:195,404
FN:195,Powers.closeConstitute.0
FNDA:404,Powers.closeConstitute.0
DA:196,403
DA:200,2
FN:200,Powers.closeConstitute.1
FNDA:2,Powers.closeConstitute.1
DA:201,2
DA:205,76
FN:205,Powers.closeConstitute.2
FNDA:76,Powers.closeConstitute.2
DA:206,76
DA:212,481
FN:212,Powers._closeConstitute
FNDA:481,Powers._closeConstitute
DA:214,481
BRDA:214,8,0,18
DA:215,18
DA:216,18
DA:219,481
BRDA:219,9,0,44
DA:220,44
DA:221,74
DA:224,481
DA:231,40
FN:231,Powers.propose
FNDA:40,Powers.propose
DA:236,40
BRDA:236,10,0,1
DA:238,39
DA:241,39
BRDA:241,11,0,1
DA:244,38
BRDA:244,12,0,1
DA:247,37
BRDA:247,13,0,1
DA:250,36
BRDA:250,14,0,1
DA:253,35
DA:254,35
DA:256,35
DA:259,35
DA:260,35
BRDA:260,15,0,1
DA:263,34
DA:266,34
DA:267,34
DA:268,34
DA:269,34
DA:270,34
DA:271,34
DA:272,34
DA:273,34
DA:275,34
DA:287,34
DA:292,207
FN:292,Powers.request
FNDA:207,Powers.request
DA:296,207
BRDA:296,16,0,1
DA:298,206
DA:299,206
DA:301,206
BRDA:301,17,0,2
DA:304,204
BRDA:304,18,0,-
DA:307,204
BRDA:307,19,0,-
DA:310,204
BRDA:310,20,0,16
DA:312,188
DA:315,188
BRDA:315,21,0,1
DA:318,187
BRDA:318,22,0,1
DA:321,186
DA:324,181
BRDA:324,23,0,174
DA:327,181
DA:328,181
DA:329,181
DA:330,181
DA:331,181
DA:332,181
DA:335,181
DA:336,153
BRDA:336,24,0,-
DA:339,153
DA:341,153
DA:345,162
FN:345,Powers.fulfill
FNDA:162,Powers.fulfill
DA:352,162
DA:355,162
BRDA:355,25,0,1
DA:358,161
BRDA:358,26,0,1
DA:360,160
DA:363,160
BRDA:363,27,0,3
DA:366,157
BRDA:366,28,0,1
DA:369,156
DA:370,156
BRDA:370,29,0,1
DA:373,155
BRDA:373,30,0,1
DA:376,154
DA:381,154
DA:384,154
DA:385,222
BRDA:385,31,0,-
DA:386,222
BRDA:386,32,0,-
DA:388,222
DA:389,222
BRDA:389,33,0,4
DA:393,4
BRDA:393,34,0,3
BRDA:393,34,1,1
DA:395,3
DA:396,3
DA:399,1
DA:402,218
BRDA:402,35,0,218
BRDA:402,35,1,-
DA:403,218
DA:405,0
DA:408,218
DA:411,150
DA:416,12
FN:416,Powers.cancel
FNDA:12,Powers.cancel
DA:417,12
DA:418,12
BRDA:418,36,0,1
DA:420,11
DA:421,11
DA:424,11
BRDA:424,37,0,1
DA:427,10
BRDA:427,38,0,1
DA:430,9
BRDA:430,39,0,3
DA:431,3
DA:435,6
DA:438,6
DA:440,6
DA:444,36
FN:444,Powers.castVote
FNDA:36,Powers.castVote
DA:445,36
DA:449,2
FN:449,Powers.castVoteWithReason
FNDA:2,Powers.castVoteWithReason
DA:450,2
DA:461,38
FN:461,Powers._castVote
FNDA:38,Powers._castVote
DA:462,38
DA:466,38
DA:467,38
DA:468,1
BRDA:468,40,0,1
DA:469,1
DA:473,37
DA:474,37
BRDA:474,41,0,1
DA:476,1
BRDA:476,42,0,1
DA:479,35
DA:481,34
DA:488,67
FN:488,Powers.adoptMandate
FNDA:67,Powers.adoptMandate
DA:489,66
DA:490,66
DA:492,60
DA:494,0
DA:498,26
FN:498,Powers.revokeMandate
FNDA:26,Powers.revokeMandate
DA:499,26
BRDA:499,43,0,1
DA:501,25
DA:502,25
DA:507,3133
FN:507,Powers._storeMandate
FNDA:3133,Powers._storeMandate
DA:508,3133
DA:509,3124
DA:513,10
FN:513,Powers.addFlow
FNDA:10,Powers.addFlow
DA:514,8
DA:515,8
DA:519,2
FN:519,Powers.removeFlow
FNDA:2,Powers.removeFlow
DA:520,2
BRDA:520,44,0,1
DA:525,1
DA:529,16
FN:529,Powers.editFlowByIndex
FNDA:16,Powers.editFlowByIndex
DA:530,16
BRDA:530,45,0,1
DA:531,15
BRDA:531,46,0,1
DA:532,14
DA:533,14
BRDA:533,47,0,1
DA:535,13
DA:537,13
DA:541,24
FN:541,Powers.labelRole
FNDA:24,Powers.labelRole
DA:542,24
BRDA:542,48,0,1
DA:543,23
BRDA:543,49,0,1
DA:544,22
BRDA:544,50,0,-
DA:546,22
DA:547,22
DA:548,22
DA:552,2272
FN:552,Powers.assignRole
FNDA:2272,Powers.assignRole
DA:553,2271
BRDA:553,51,0,1
DA:555,2270
DA:559,31
FN:559,Powers.revokeRole
FNDA:31,Powers.revokeRole
DA:560,31
DA:572,4425
FN:572,Powers._setRole
FNDA:4425,Powers._setRole
DA:573,4425
DA:574,4423
DA:578,3
FN:578,Powers.blacklistAddress
FNDA:3,Powers.blacklistAddress
DA:579,3
DA:580,3
DA:584,2
FN:584,Powers.setUri
FNDA:2,Powers.setUri
DA:585,1
DA:589,22
FN:589,Powers.setTreasury
FNDA:22,Powers.setTreasury
DA:590,22
BRDA:590,52,0,1
DA:591,21
DA:595,3
FN:595,Powers.setPaymaster
FNDA:3,Powers.setPaymaster
DA:596,3
BRDA:596,53,0,1
DA:597,2
DA:598,2
DA:607,16
FN:607,Powers._quorumReached
FNDA:16,Powers._quorumReached
DA:609,16
DA:610,16
DA:611,16
DA:614,16
DA:622,13
FN:622,Powers._voteSucceeded
FNDA:13,Powers._voteSucceeded
DA:624,13
DA:625,13
DA:626,13
DA:629,13
DA:638,35
FN:638,Powers._countVote
FNDA:35,Powers._countVote
DA:639,35
DA:646,29
FN:646,Powers._countMembersRole
FNDA:29,Powers._countMembersRole
DA:647,29
DA:654,1
FN:654,Powers.onERC721Received
FNDA:1,Powers.onERC721Received
DA:655,1
BRDA:655,54,0,-
DA:656,1
DA:660,1
FN:660,Powers.onERC1155Received
FNDA:1,Powers.onERC1155Received
DA:661,1
BRDA:661,55,0,-
DA:662,1
DA:666,1
FN:666,Powers.onERC1155BatchReceived
FNDA:1,Powers.onERC1155BatchReceived
DA:671,1
BRDA:671,56,0,-
DA:672,1
DA:676,2
FN:676,Powers.supportsInterface
FNDA:2,Powers.supportsInterface
DA:677,2
DA:678,0
DA:685,2093
FN:685,Powers.version
FNDA:2093,Powers.version
DA:686,2093
DA:690,7
FN:690,Powers.getFlowCount
FNDA:7,Powers.getFlowCount
DA:691,7
DA:695,35
FN:695,Powers.getFlowMandatesAtIndex
FNDA:35,Powers.getFlowMandatesAtIndex
DA:696,35
BRDA:696,57,0,2
DA:697,2
DA:699,33
DA:703,3
FN:703,Powers.getFlowDescriptionAtIndex
FNDA:3,Powers.getFlowDescriptionAtIndex
DA:704,3
BRDA:704,58,0,1
DA:705,1
DA:707,2
DA:711,4
FN:711,Powers.canCallMandate
FNDA:4,Powers.canCallMandate
DA:712,283
DA:713,283
DA:715,283
DA:719,270
FN:719,Powers.hasRoleSince
FNDA:270,Powers.hasRoleSince
DA:720,1758
DA:721,1758
DA:722,1758
BRDA:722,59,0,289
DA:723,289
DA:725,1469
DA:729,27
FN:729,Powers.getAmountRoleHolders
FNDA:27,Powers.getAmountRoleHolders
DA:730,27
DA:734,24
FN:734,Powers.getRoleHolderAtIndex
FNDA:24,Powers.getRoleHolderAtIndex
DA:735,24
DA:736,24
BRDA:736,60,0,1
DA:737,1
DA:739,23
DA:743,11
FN:743,Powers.getRoleLabel
FNDA:11,Powers.getRoleLabel
DA:744,11
DA:748,1
FN:748,Powers.getRoleMetadata
FNDA:1,Powers.getRoleMetadata
DA:749,1
DA:753,109
FN:753,Powers.getActionState
FNDA:109,Powers.getActionState
DA:755,109
DA:757,109
BRDA:757,61,0,4
DA:758,4
DA:760,105
BRDA:760,62,0,81
DA:761,81
DA:763,24
BRDA:763,63,0,2
DA:764,2
DA:766,22
BRDA:766,64,0,5
DA:767,5
DA:770,17
DA:772,17
BRDA:772,65,0,1
BRDA:772,65,1,13
DA:773,1
DA:774,16
BRDA:774,66,0,3
BRDA:774,66,1,13
DA:775,3
DA:777,13
DA:782,12
FN:782,Powers.getActionData
FNDA:12,Powers.getActionData
DA:795,12
DA:797,12
DA:809,4
FN:809,Powers.getActionVoteData
FNDA:4,Powers.getActionVoteData
DA:821,4
DA:823,4
DA:834,1
FN:834,Powers.getActionCalldata
FNDA:1,Powers.getActionCalldata
DA:835,1
DA:839,24
FN:839,Powers.getActionReturnData
FNDA:24,Powers.getActionReturnData
DA:840,24
DA:844,1
FN:844,Powers.getActionUri
FNDA:1,Powers.getActionUri
DA:845,1
DA:849,8
FN:849,Powers.hasVoted
FNDA:8,Powers.hasVoted
DA:850,8
DA:854,1211
FN:854,Powers.getAdoptedMandate
FNDA:1211,Powers.getAdoptedMandate
DA:859,1211
DA:860,1211
DA:861,1211
DA:862,1211
DA:864,1211
DA:868,33
FN:868,Powers.getMandateCounter
FNDA:33,Powers.getMandateCounter
DA:869,33
DA:873,2
FN:873,Powers.getLatestFulfillment
FNDA:2,Powers.getLatestFulfillment
DA:874,2
DA:878,10
FN:878,Powers.getQuantityMandateActions
FNDA:10,Powers.getQuantityMandateActions
DA:879,10
DA:883,5
FN:883,Powers.getMandateActionAtIndex
FNDA:5,Powers.getMandateActionAtIndex
DA:884,5
DA:885,5
BRDA:885,67,0,1
DA:886,1
DA:888,4
DA:892,226
FN:892,Powers.getConditions
FNDA:226,Powers.getConditions
DA:893,255
DA:897,12
FN:897,Powers.getTreasury
FNDA:12,Powers.getTreasury
DA:898,12
DA:902,0
FN:902,Powers.isBlacklisted
FNDA:0,Powers.isBlacklisted
DA:903,2734
FNF:65
FNH:64
LF:310
LH:306
BRF:72
BRH:62
end_of_record
TN:
SF:src/addons/helpers/Governed721.sol
DA:76,3
FN:76,Governed721.setPaymentId
FNDA:3,Governed721.setPaymentId
DA:77,2
DA:80,7
FN:80,Governed721.setSplit
FNDA:7,Governed721.setSplit
DA:81,6
BRDA:81,0,0,-
DA:82,0
DA:87,6
DA:88,6
BRDA:88,1,0,1
DA:89,1
DA:92,5
DA:93,5
DA:96,4
FN:96,Governed721.setWhitelist
FNDA:4,Governed721.setWhitelist
DA:97,3
DA:100,7
FN:100,Governed721.setBlacklist
FNDA:7,Governed721.setBlacklist
DA:101,6
DA:104,2
FN:104,Governed721.burn
FNDA:2,Governed721.burn
DA:105,1
DA:112,16
FN:112,Governed721.mint
FNDA:16,Governed721.mint
DA:113,16
BRDA:113,2,0,1
DA:114,15
BRDA:114,3,0,1
DA:115,14
BRDA:115,4,0,1
DA:116,13
BRDA:116,5,0,1
DA:118,12
DA:119,12
DA:120,12
DA:125,4
FN:125,Governed721.safeTransferFrom
FNDA:4,Governed721.safeTransferFrom
DA:129,4
DA:130,4
DA:131,4
DA:134,4
BRDA:134,6,0,2
DA:135,2
DA:139,2
BRDA:139,7,0,-
BRDA:139,7,1,-
DA:140,0
DA:143,0
BRDA:143,8,0,-
DA:144,0
BRDA:144,9,0,-
DA:145,0
DA:146,0
BRDA:146,10,0,-
DA:149,2
DA:152,2
DA:153,2
DA:165,2
DA:168,2
DA:177,3
FN:177,Governed721.safeTransferFromWithETH
FNDA:3,Governed721.safeTransferFromWithETH
DA:185,3
DA:188,3
BRDA:188,11,0,1
DA:189,1
DA:193,2
BRDA:193,12,0,1
DA:196,1
DA:197,1
BRDA:197,13,0,-
DA:200,1
BRDA:200,14,0,1
DA:201,1
DA:202,1
BRDA:202,15,0,-
DA:206,1
DA:207,1
DA:219,1
DA:222,1
DA:227,1
FN:227,Governed721.collectPayment
FNDA:1,Governed721.collectPayment
DA:231,1
BRDA:231,16,0,-
DA:233,1
DA:236,1
DA:244,3
FN:244,Governed721.getSplit
FNDA:3,Governed721.getSplit
DA:245,3
BRDA:245,17,0,2
DA:246,2
DA:248,1
DA:251,1
FN:251,Governed721.getArtist
FNDA:1,Governed721.getArtist
DA:252,1
DA:255,1
FN:255,Governed721.getTransferData
FNDA:1,Governed721.getTransferData
DA:256,1
DA:259,2
FN:259,Governed721.isWhitelisted
FNDA:2,Governed721.isWhitelisted
DA:260,2
DA:263,2
FN:263,Governed721.isBlacklisted
FNDA:2,Governed721.isBlacklisted
DA:264,2
FNF:14
FNH:14
LF:71
LH:65
BRF:19
BRH:10
end_of_record
TN:
SF:src/addons/helpers/ZKPassport_PowersRegistry.sol
DA:70,41
FN:70,ZKPassport_PowersRegistry.constructor
FNDA:41,ZKPassport_PowersRegistry.constructor
DA:71,41
BRDA:71,0,0,1
DA:72,40
DA:73,40
DA:74,40
DA:75,40
DA:82,13
FN:82,ZKPassport_PowersRegistry.mockAddDisclosedData
FNDA:13,ZKPassport_PowersRegistry.mockAddDisclosedData
DA:83,13
DA:84,13
DA:85,13
DA:86,13
DA:89,13
DA:91,13
DA:102,0
FN:102,ZKPassport_PowersRegistry.registerProof
FNDA:0,ZKPassport_PowersRegistry.registerProof
DA:106,0
DA:109,0
DA:110,0
BRDA:110,1,0,-
BRDA:110,1,1,-
DA:113,0
BRDA:113,2,0,-
BRDA:113,2,1,-
DA:119,0
BRDA:119,3,0,-
BRDA:119,3,1,-
DA:126,0
DA:127,0
BRDA:127,4,0,-
BRDA:127,4,1,-
DA:130,0
DA:132,0
BRDA:132,5,0,-
BRDA:132,5,1,-
DA:134,0
BRDA:134,6,0,-
BRDA:134,6,1,-
DA:137,0
DA:145,0
DA:146,0
BRDA:146,7,0,-
DA:149,0
DA:150,0
BRDA:150,7,1,-
DA:151,0
DA:155,0
DA:156,0
DA:157,0
DA:160,0
DA:161,0
DA:168,6
FN:168,ZKPassport_PowersRegistry.deleteProof
FNDA:6,ZKPassport_PowersRegistry.deleteProof
DA:169,6
DA:170,6
BRDA:170,8,0,2
BRDA:170,8,1,4
DA:172,4
BRDA:172,9,0,-
BRDA:172,9,1,4
DA:177,4
DA:183,9
FN:183,ZKPassport_PowersRegistry.getDisclosed
FNDA:9,ZKPassport_PowersRegistry.getDisclosed
DA:184,9
DA:185,9
BRDA:185,10,0,3
BRDA:185,10,1,6
DA:186,6
DA:189,5
FN:189,ZKPassport_PowersRegistry.getProofTimestamp
FNDA:5,ZKPassport_PowersRegistry.getProofTimestamp
DA:190,5
DA:191,5
BRDA:191,11,0,2
BRDA:191,11,1,3
DA:192,3
DA:195,3
FN:195,ZKPassport_PowersRegistry.getIsFacematched
FNDA:3,ZKPassport_PowersRegistry.getIsFacematched
DA:196,3
DA:197,3
BRDA:197,12,0,2
BRDA:197,12,1,1
DA:198,1
FNF:7
FNH:6
LF:52
LH:30
BRF:25
BRH:10
end_of_record
TN:
SF:src/addons/mandates/electoral/AssignExternalRole.sol
DA:31,683
FN:31,AssignExternalRole.constructor
FNDA:683,AssignExternalRole.constructor
DA:32,683
DA:33,683
DA:40,9
FN:40,AssignExternalRole.initializeMandate
FNDA:9,AssignExternalRole.initializeMandate
DA:45,9
DA:46,9
DA:47,9
DA:59,0
FN:59,AssignExternalRole.handleRequest
FNDA:0,AssignExternalRole.handleRequest
DA:71,5
DA:72,5
DA:73,5
DA:76,5
DA:77,5
DA:80,5
DA:81,5
DA:84,5
DA:87,5
BRDA:87,0,0,1
BRDA:87,0,1,1
DA:89,1
DA:90,1
DA:91,1
DA:92,4
BRDA:92,1,0,2
BRDA:92,1,1,1
DA:94,2
DA:95,2
DA:96,2
DA:97,2
BRDA:97,2,0,1
BRDA:97,2,1,1
DA:99,1
DA:102,1
DA:105,3
FNF:3
FNH:2
LF:28
LH:27
BRF:6
BRH:6
end_of_record
TN:
SF:src/addons/mandates/electoral/RevokeAccountsRoleId.sol
DA:23,683
FN:23,RevokeAccountsRoleId.constructor
FNDA:683,RevokeAccountsRoleId.constructor
DA:24,683
DA:25,683
DA:29,16
FN:29,RevokeAccountsRoleId.initializeMandate
FNDA:16,RevokeAccountsRoleId.initializeMandate
DA:33,16
DA:34,16
DA:38,0
FN:38,RevokeAccountsRoleId.handleRequest
FNDA:0,RevokeAccountsRoleId.handleRequest
DA:50,3
DA:53,3
DA:56,3
DA:59,3
DA:62,3
BRDA:62,0,0,1
DA:63,1
DA:64,1
DA:67,2
DA:68,2
DA:69,3
DA:73,2
DA:75,2
DA:76,3
DA:77,3
DA:80,2
FNF:3
FNH:2
LF:22
LH:21
BRF:1
BRH:1
end_of_record
TN:
SF:src/addons/mandates/electoral/RevokeInactiveAccounts.sol
DA:59,683
FN:59,RevokeInactiveAccounts.constructor
FNDA:683,RevokeInactiveAccounts.constructor
DA:60,683
DA:61,683
DA:62,683
DA:66,37
FN:66,RevokeInactiveAccounts.initializeMandate
FNDA:37,RevokeInactiveAccounts.initializeMandate
DA:71,37
DA:72,37
DA:84,0
FN:84,RevokeInactiveAccounts.handleRequest
FNDA:0,RevokeInactiveAccounts.handleRequest
DA:96,5
DA:99,5
DA:102,5
DA:105,5
DA:106,5
BRDA:106,0,0,1
DA:107,1
DA:108,1
DA:111,4
DA:112,4
DA:113,8
DA:117,4
DA:120,4
DA:121,4
DA:126,4
DA:127,12
DA:128,12
BRDA:128,1,0,8
DA:129,8
DA:130,8
DA:135,4
DA:136,4
DA:138,4
DA:139,8
DA:140,8
DA:141,8
DA:142,8
DA:146,4
DA:147,4
BRDA:147,2,0,4
DA:148,4
DA:151,4
DA:152,4
DA:154,4
BRDA:154,3,0,2
DA:155,2
DA:156,4
DA:157,4
DA:158,4
BRDA:158,4,0,4
DA:161,2
DA:162,2
BRDA:162,5,0,-
DA:165,2
DA:166,3
BRDA:166,6,0,3
DA:167,3
DA:169,3
DA:176,4
DA:178,4
DA:179,3
DA:180,3
DA:182,3
DA:183,6
DA:186,6
BRDA:186,7,0,3
DA:187,3
DA:191,6
BRDA:191,8,0,-
DA:192,0
DA:198,4
DA:199,4
DA:201,4
DA:202,8
BRDA:202,9,0,5
DA:203,5
DA:204,5
DA:208,4
BRDA:208,10,0,1
DA:209,1
DA:210,1
DA:213,3
DA:215,3
DA:216,5
DA:217,5
DA:220,3
FNF:3
FNH:2
LF:73
LH:71
BRF:11
BRH:9
end_of_record
TN:
SF:src/addons/mandates/electoral/RoleByRoles.sol
DA:26,683
FN:26,RoleByRoles.constructor
FNDA:683,RoleByRoles.constructor
DA:27,683
DA:28,683
DA:31,28
FN:31,RoleByRoles.initializeMandate
FNDA:28,RoleByRoles.initializeMandate
DA:35,28
DA:36,28
DA:37,28
DA:40,0
FN:40,RoleByRoles.handleRequest
FNDA:0,RoleByRoles.handleRequest
DA:54,2
DA:57,2
DA:58,2
DA:59,2
DA:62,2
DA:63,2
DA:64,3
BRDA:64,0,0,1
DA:65,1
DA:66,1
DA:69,2
DA:72,2
DA:75,2
BRDA:75,1,0,1
DA:76,1
DA:77,1
DA:79,2
BRDA:79,2,0,1
DA:80,1
DA:81,1
DA:84,2
FNF:3
FNH:2
LF:26
LH:25
BRF:3
BRH:3
end_of_record
TN:
SF:src/addons/mandates/executive/CheckExternalActionState.sol
DA:25,683
FN:25,CheckExternalActionState.constructor
FNDA:683,CheckExternalActionState.constructor
DA:26,683
DA:27,683
DA:31,60
FN:31,CheckExternalActionState.initializeMandate
FNDA:60,CheckExternalActionState.initializeMandate
DA:35,60
DA:36,60
DA:40,0
FN:40,CheckExternalActionState.handleRequest
FNDA:0,CheckExternalActionState.handleRequest
DA:52,3
DA:53,3
DA:54,3
DA:55,3
DA:59,3
DA:62,3
DA:63,3
BRDA:63,0,0,1
DA:64,1
DA:68,2
DA:69,2
FNF:3
FNH:2
LF:17
LH:16
BRF:1
BRH:1
end_of_record
TN:
SF:src/addons/mandates/executive/ExternalAction_OnReturnValue.sol
DA:14,683
FN:14,ExternalAction_OnReturnValue.constructor
FNDA:683,ExternalAction_OnReturnValue.constructor
DA:15,683
DA:16,683
DA:17,683
DA:20,60
FN:20,ExternalAction_OnReturnValue.initializeMandate
FNDA:60,ExternalAction_OnReturnValue.initializeMandate
DA:24,60
DA:25,60
DA:26,60
DA:27,60
DA:28,60
DA:29,60
DA:31,60
DA:36,0
FN:36,ExternalAction_OnReturnValue.handleRequest
FNDA:0,ExternalAction_OnReturnValue.handleRequest
DA:49,3
DA:50,3
DA:52,3
DA:54,3
DA:55,3
DA:56,3
DA:58,1
DA:59,1
DA:60,1
DA:68,1
FNF:3
FNH:2
LF:23
LH:22
BRF:0
BRH:0
end_of_record
TN:
SF:src/addons/mandates/executive/PresetActions_OnOwnPowers.sol
DA:29,683
FN:29,PresetActions_OnOwnPowers.constructor
FNDA:683,PresetActions_OnOwnPowers.constructor
DA:30,683
DA:31,683
DA:35,0
FN:35,PresetActions_OnOwnPowers.handleRequest
FNDA:0,PresetActions_OnOwnPowers.handleRequest
DA:47,3
DA:48,3
DA:49,3
DA:51,3
DA:53,3
DA:54,2
DA:55,2
DA:58,3
FNF:2
FNH:1
LF:12
LH:11
BRF:0
BRH:0
end_of_record
TN:
SF:src/addons/mandates/integrations/ChainlinkFunctions/ChainlinkFunctions_Open.sol
DA:52,683
FN:52,ChainlinkFunctions_Open.constructor
FNDA:683,ChainlinkFunctions_Open.constructor
DA:54,683
DA:57,683
DA:62,0
FN:62,ChainlinkFunctions_Open.initializeMandate
FNDA:0,ChainlinkFunctions_Open.initializeMandate
DA:73,0
DA:75,0
DA:76,0
DA:79,0
DA:80,0
DA:82,0
DA:83,0
DA:84,0
BRDA:84,0,0,-
DA:85,0
DA:90,0
DA:91,0
DA:92,0
DA:93,0
DA:94,0
DA:97,0
DA:98,0
DA:103,0
FN:103,ChainlinkFunctions_Open.handleRequest
FNDA:0,ChainlinkFunctions_Open.handleRequest
DA:115,0
DA:116,0
DA:119,0
DA:122,0
DA:125,0
DA:127,0
DA:128,0
DA:130,0
DA:135,0
FN:135,ChainlinkFunctions_Open._callOracle
FNDA:0,ChainlinkFunctions_Open._callOracle
DA:144,0
DA:146,0
DA:149,0
DA:152,0
DA:157,0
FN:157,ChainlinkFunctions_Open.sendRequest
FNDA:0,ChainlinkFunctions_Open.sendRequest
DA:158,0
DA:160,0
DA:161,0
DA:162,0
BRDA:162,1,0,-
DA:164,0
DA:165,0
DA:168,0
FN:168,ChainlinkFunctions_Open.fulfillRequest
FNDA:0,ChainlinkFunctions_Open.fulfillRequest
DA:169,0
BRDA:169,2,0,-
DA:170,0
DA:173,0
DA:174,0
DA:176,0
BRDA:176,3,0,-
DA:177,0
DA:178,0
DA:182,0
DA:185,0
DA:186,0
DA:188,0
DA:193,0
FN:193,ChainlinkFunctions_Open.getData
FNDA:0,ChainlinkFunctions_Open.getData
DA:194,0
DA:197,0
FN:197,ChainlinkFunctions_Open.getLatestReply
FNDA:0,ChainlinkFunctions_Open.getLatestReply
DA:202,0
DA:205,0
FN:205,ChainlinkFunctions_Open.resetReply
FNDA:0,ChainlinkFunctions_Open.resetReply
DA:206,0
BRDA:206,4,0,-
DA:207,0
DA:210,0
DA:211,0
DA:212,0
DA:214,0
DA:217,0
FN:217,ChainlinkFunctions_Open.getRouter
FNDA:0,ChainlinkFunctions_Open.getRouter
DA:218,0
DA:226,0
FN:226,ChainlinkFunctions_Open._decodeStringTuple
FNDA:0,ChainlinkFunctions_Open._decodeStringTuple
DA:227,0
DA:228,0
DA:229,0
DA:234,0
DA:236,0
DA:239,0
DA:241,0
DA:243,0
DA:249,0
FN:249,ChainlinkFunctions_Open._encodeStringTuple
FNDA:0,ChainlinkFunctions_Open._encodeStringTuple
DA:250,0
DA:251,0
BRDA:251,5,0,-
DA:253,0
DA:254,0
DA:255,0
DA:256,0
DA:259,0
DA:260,0
DA:262,0
DA:265,0
DA:268,0
DA:269,0
DA:273,0
DA:275,0
DA:276,0
DA:277,0
DA:278,0
DA:282,0
DA:285,0
FNF:12
FNH:1
LF:95
LH:3
BRF:6
BRH:0
end_of_record
TN:
SF:src/addons/mandates/integrations/ERC721/ERC721_GatedAccess.sol
DA:21,683
FN:21,ERC721_GatedAccess.constructor
FNDA:683,ERC721_GatedAccess.constructor
DA:22,683
DA:27,683
DA:30,0
FN:30,ERC721_GatedAccess.initializeMandate
FNDA:0,ERC721_GatedAccess.initializeMandate
DA:36,0
DA:37,0
DA:40,0
FN:40,ERC721_GatedAccess.handleRequest
FNDA:0,ERC721_GatedAccess.handleRequest
DA:52,0
DA:55,0
DA:56,0
DA:59,0
DA:60,0
BRDA:60,0,0,-
DA:61,0
DA:65,0
DA:66,0
DA:67,0
DA:69,0
FNF:3
FNH:1
LF:17
LH:3
BRF:1
BRH:0
end_of_record
TN:
SF:src/addons/mandates/integrations/GovernedToken/GovernedToken_BurnToAccess.sol
DA:20,683
FN:20,GovernedToken_BurnToAccess.constructor
FNDA:683,GovernedToken_BurnToAccess.constructor
DA:21,683
DA:22,683
DA:25,19
FN:25,GovernedToken_BurnToAccess.initializeMandate
FNDA:19,GovernedToken_BurnToAccess.initializeMandate
DA:30,19
DA:32,19
DA:34,19
DA:35,38
DA:38,19
DA:40,19
DA:43,0
FN:43,GovernedToken_BurnToAccess.handleRequest
FNDA:0,GovernedToken_BurnToAccess.handleRequest
DA:55,2
DA:58,2
DA:61,2
DA:64,2
DA:65,2
BRDA:65,0,0,2
DA:66,2
DA:67,0
BRDA:67,0,1,-
DA:68,0
DA:72,2
DA:73,2
DA:75,2
BRDA:75,1,0,2
BRDA:75,1,1,-
DA:76,2
BRDA:76,2,0,1
DA:77,1
DA:80,0
BRDA:80,3,0,-
DA:81,0
BRDA:81,4,0,-
DA:82,0
DA:83,0
BRDA:83,3,1,-
DA:84,0
DA:88,1
FNF:3
FNH:2
LF:30
LH:22
BRF:8
BRH:3
end_of_record
TN:
SF:src/addons/mandates/integrations/GovernedToken/GovernedToken_CollectSplitPayment.sol
DA:36,683
FN:36,GovernedToken_CollectSplitPayment.constructor
FNDA:683,GovernedToken_CollectSplitPayment.constructor
DA:37,683
DA:38,683
DA:41,0
FN:41,GovernedToken_CollectSplitPayment.initializeMandate
FNDA:0,GovernedToken_CollectSplitPayment.initializeMandate
DA:45,0
DA:46,0
DA:47,0
DA:50,0
FN:50,GovernedToken_CollectSplitPayment.handleRequest
FNDA:0,GovernedToken_CollectSplitPayment.handleRequest
DA:62,0
DA:63,0
DA:66,0
DA:72,0
DA:73,0
BRDA:73,0,0,-
DA:76,0
DA:80,0
DA:81,0
DA:82,0
BRDA:82,1,0,-
DA:83,0
DA:87,0
BRDA:87,2,0,-
BRDA:87,2,1,-
DA:88,0
DA:89,0
BRDA:89,3,0,-
BRDA:89,3,1,-
DA:90,0
DA:91,0
BRDA:91,4,0,-
BRDA:91,4,1,-
DA:92,0
DA:94,0
DA:98,0
DA:101,0
DA:102,0
BRDA:102,5,0,-
DA:105,0
DA:110,0
DA:111,0
DA:122,0
FNF:3
FNH:1
LF:32
LH:3
BRF:9
BRH:0
end_of_record
TN:
SF:src/addons/mandates/integrations/GovernedToken/GovernedToken_GatedAccess.sol
DA:36,683
FN:36,GovernedToken_GatedAccess.constructor
FNDA:683,GovernedToken_GatedAccess.constructor
DA:37,683
DA:44,683
DA:47,19
FN:47,GovernedToken_GatedAccess.initializeMandate
FNDA:19,GovernedToken_GatedAccess.initializeMandate
DA:51,19
DA:52,19
DA:53,19
DA:56,0
FN:56,GovernedToken_GatedAccess.handleRequest
FNDA:0,GovernedToken_GatedAccess.handleRequest
DA:68,4
DA:69,4
DA:72,4
DA:73,4
DA:77,4
DA:79,4
DA:80,4
DA:81,15
DA:84,15
DA:85,15
BRDA:85,0,0,15
DA:86,15
BRDA:86,1,0,10
DA:87,0
BRDA:87,0,1,-
DA:88,0
BRDA:88,2,0,-
DA:89,0
BRDA:89,3,0,-
DA:90,0
BRDA:90,2,1,-
DA:91,0
DA:95,15
BRDA:95,4,0,5
DA:96,5
DA:100,10
BRDA:100,5,0,-
DA:101,0
DA:102,0
DA:104,10
DA:105,10
BRDA:105,6,0,4
DA:106,4
DA:110,6
BRDA:110,7,0,-
DA:111,0
DA:112,0
DA:114,6
DA:115,6
BRDA:115,8,0,6
DA:116,6
DA:120,4
BRDA:120,9,0,3
DA:121,3
DA:125,1
DA:126,1
DA:127,1
DA:129,1
FNF:3
FNH:2
LF:44
LH:34
BRF:12
BRH:6
end_of_record
TN:
SF:src/addons/mandates/integrations/GovernedToken/GovernedToken_MintEncodedToken.sol
DA:27,683
FN:27,GovernedToken_MintEncodedToken.constructor
FNDA:683,GovernedToken_MintEncodedToken.constructor
DA:28,683
DA:29,683
DA:32,19
FN:32,GovernedToken_MintEncodedToken.initializeMandate
FNDA:19,GovernedToken_MintEncodedToken.initializeMandate
DA:36,19
DA:37,19
DA:38,19
DA:41,0
FN:41,GovernedToken_MintEncodedToken.handleRequest
FNDA:0,GovernedToken_MintEncodedToken.handleRequest
DA:53,16
DA:54,16
DA:57,16
DA:58,16
DA:60,16
DA:61,16
DA:63,16
DA:64,16
DA:65,16
DA:67,16
FNF:3
FNH:2
LF:18
LH:17
BRF:0
BRH:0
end_of_record
TN:
SF:src/addons/mandates/integrations/Governor/Governor_CreateProposal.sol
DA:26,684
FN:26,Governor_CreateProposal.constructor
FNDA:684,Governor_CreateProposal.constructor
DA:27,684
DA:28,684
DA:31,19
FN:31,Governor_CreateProposal.initializeMandate
FNDA:19,Governor_CreateProposal.initializeMandate
DA:35,19
DA:45,1
FN:45,Governor_CreateProposal.handleRequest
FNDA:1,Governor_CreateProposal.handleRequest
DA:58,4
DA:59,4
DA:62,4
DA:63,3
BRDA:63,0,0,-
DA:66,3
DA:70,3
BRDA:70,1,0,1
DA:71,2
BRDA:71,2,0,1
DA:72,1
DA:74,1
BRDA:74,3,0,-
DA:75,0
DA:77,1
BRDA:77,4,0,-
DA:80,1
DA:81,1
DA:82,1
DA:86,1
FNF:3
FNH:3
LF:21
LH:20
BRF:5
BRH:2
end_of_record
TN:
SF:src/addons/mandates/integrations/Governor/Governor_ExecuteProposal.sol
DA:30,683
FN:30,Governor_ExecuteProposal.constructor
FNDA:683,Governor_ExecuteProposal.constructor
DA:31,683
DA:32,683
DA:35,19
FN:35,Governor_ExecuteProposal.initializeMandate
FNDA:19,Governor_ExecuteProposal.initializeMandate
DA:39,19
DA:49,0
FN:49,Governor_ExecuteProposal.handleRequest
FNDA:0,Governor_ExecuteProposal.handleRequest
DA:62,3
DA:63,3
DA:64,3
DA:67,3
DA:68,3
DA:69,3
BRDA:69,0,0,-
DA:72,3
DA:76,3
BRDA:76,1,0,-
DA:77,3
BRDA:77,2,0,-
DA:78,0
DA:80,3
BRDA:80,3,0,-
DA:81,0
DA:83,3
BRDA:83,4,0,-
DA:86,3
DA:92,3
DA:93,3
BRDA:93,5,0,2
DA:94,2
DA:98,1
FNF:3
FNH:2
LF:24
LH:21
BRF:6
BRH:1
end_of_record
TN:
SF:src/addons/mandates/integrations/PowersFactory/PowersFactory_AddSafeDelegate.sol
DA:20,683
FN:20,PowersFactory_AddSafeDelegate.constructor
FNDA:683,PowersFactory_AddSafeDelegate.constructor
DA:21,683
DA:22,683
DA:23,683
DA:26,17
FN:26,PowersFactory_AddSafeDelegate.initializeMandate
FNDA:17,PowersFactory_AddSafeDelegate.initializeMandate
DA:31,17
DA:33,17
DA:36,4
FN:36,PowersFactory_AddSafeDelegate.handleRequest
FNDA:4,PowersFactory_AddSafeDelegate.handleRequest
DA:48,4
DA:51,4
DA:52,4
DA:55,4
DA:56,4
DA:59,4
BRDA:59,0,0,-
DA:60,0
DA:64,4
BRDA:64,1,0,4
DA:65,4
DA:66,0
BRDA:66,1,1,-
DA:67,0
DA:69,4
BRDA:69,2,0,-
DA:70,0
DA:74,4
DA:77,4
DA:78,4
BRDA:78,3,0,-
DA:79,0
DA:84,4
DA:87,4
DA:88,4
DA:94,4
DA:111,4
FNF:3
FNH:3
LF:30
LH:25
BRF:5
BRH:1
end_of_record
TN:
SF:src/addons/mandates/integrations/PowersFactory/PowersFactory_AssignRole.sol
DA:19,683
FN:19,PowersFactory_AssignRole.constructor
FNDA:683,PowersFactory_AssignRole.constructor
DA:20,683
DA:21,683
DA:22,683
DA:25,36
FN:25,PowersFactory_AssignRole.initializeMandate
FNDA:36,PowersFactory_AssignRole.initializeMandate
DA:30,36
DA:32,36
DA:35,5
FN:35,PowersFactory_AssignRole.handleRequest
FNDA:5,PowersFactory_AssignRole.handleRequest
DA:47,6
DA:50,6
DA:51,6
DA:54,6
DA:55,6
DA:57,6
BRDA:57,0,0,-
DA:58,0
DA:64,6
BRDA:64,1,0,6
DA:65,6
DA:66,0
BRDA:66,1,1,-
DA:67,0
DA:69,6
BRDA:69,2,0,-
DA:70,0
DA:74,6
DA:76,6
DA:77,6
DA:78,6
DA:80,6
FNF:3
FNH:3
LF:26
LH:22
BRF:4
BRH:1
end_of_record
TN:
SF:src/addons/mandates/integrations/ZKPassport/ZKPassport_Check.sol
DA:36,683
FN:36,ZKPassport_Check.constructor
FNDA:683,ZKPassport_Check.constructor
DA:37,683
DA:45,683
DA:48,57
FN:48,ZKPassport_Check.initializeMandate
FNDA:57,ZKPassport_Check.initializeMandate
DA:52,57
DA:54,57
DA:55,57
DA:56,57
DA:58,57
DA:59,57
DA:63,0
FN:63,ZKPassport_Check.handleRequest
FNDA:0,ZKPassport_Check.handleRequest
DA:76,0
DA:77,0
DA:80,0
DA:83,0
BRDA:83,0,0,-
DA:84,0
BRDA:84,1,0,-
DA:85,0
BRDA:85,2,0,-
DA:87,0
DA:88,0
DA:91,0
DA:92,0
BRDA:92,3,0,-
BRDA:92,3,1,-
DA:95,0
BRDA:95,4,0,-
DA:96,0
BRDA:96,5,0,-
BRDA:96,5,1,-
DA:100,0
DA:103,0
BRDA:103,6,0,-
BRDA:103,6,1,-
DA:104,0
DA:105,0
BRDA:105,7,0,-
BRDA:105,7,1,-
DA:106,0
DA:107,0
BRDA:107,8,0,-
BRDA:107,8,1,-
DA:108,0
DA:109,0
BRDA:109,9,0,-
BRDA:109,9,1,-
DA:110,0
DA:111,0
BRDA:111,10,0,-
BRDA:111,10,1,-
DA:112,0
DA:113,0
BRDA:113,11,0,-
BRDA:113,11,1,-
DA:114,0
DA:115,0
BRDA:115,12,0,-
BRDA:115,12,1,-
DA:116,0
DA:117,0
BRDA:117,13,0,-
BRDA:117,13,1,-
DA:118,0
DA:119,0
BRDA:119,14,0,-
BRDA:119,14,1,-
DA:120,0
DA:121,0
BRDA:121,15,0,-
BRDA:121,15,1,-
DA:122,0
DA:123,0
BRDA:123,16,0,-
BRDA:123,16,1,-
DA:124,0
DA:125,0
BRDA:125,17,0,-
BRDA:125,17,1,-
DA:126,0
DA:127,0
BRDA:127,18,0,-
BRDA:127,18,1,-
DA:128,0
DA:129,0
BRDA:129,19,0,-
BRDA:129,19,1,-
DA:130,0
DA:131,0
BRDA:131,20,0,-
BRDA:131,20,1,-
DA:132,0
DA:133,0
BRDA:133,21,0,-
BRDA:133,21,1,-
DA:134,0
DA:135,0
BRDA:135,22,0,-
BRDA:135,22,1,-
DA:136,0
DA:137,0
BRDA:137,23,0,-
BRDA:137,23,1,-
DA:138,0
DA:139,0
BRDA:139,24,0,-
BRDA:139,24,1,-
DA:140,0
DA:141,0
BRDA:141,25,0,-
BRDA:141,25,1,-
DA:142,0
DA:143,0
BRDA:143,26,0,-
BRDA:143,26,1,-
DA:144,0
DA:145,0
BRDA:145,27,0,-
BRDA:145,27,1,-
DA:146,0
DA:148,0
DA:151,0
BRDA:151,28,0,-
DA:152,0
DA:155,0
DA:156,0
DA:157,0
DA:163,0
FN:163,ZKPassport_Check._verifyAgeAbove
FNDA:0,ZKPassport_Check._verifyAgeAbove
DA:164,0
DA:165,0
DA:168,0
FN:168,ZKPassport_Check._verifyAgeAboveOrEqual
FNDA:0,ZKPassport_Check._verifyAgeAboveOrEqual
DA:169,0
DA:170,0
DA:173,0
FN:173,ZKPassport_Check._verifyAgeBelow
FNDA:0,ZKPassport_Check._verifyAgeBelow
DA:174,0
DA:175,0
DA:178,0
FN:178,ZKPassport_Check._verifyAgeBelowOrEqual
FNDA:0,ZKPassport_Check._verifyAgeBelowOrEqual
DA:179,0
DA:180,0
DA:183,0
FN:183,ZKPassport_Check._verifyAgeBetween
FNDA:0,ZKPassport_Check._verifyAgeBetween
DA:184,0
DA:185,0
DA:186,0
DA:189,0
FN:189,ZKPassport_Check._verifyAgeEqual
FNDA:0,ZKPassport_Check._verifyAgeEqual
DA:190,0
DA:191,0
DA:194,0
FN:194,ZKPassport_Check._verifyBirthdateAfter
FNDA:0,ZKPassport_Check._verifyBirthdateAfter
DA:195,0
DA:196,0
DA:199,0
FN:199,ZKPassport_Check._verifyBirthdateAfterOrEqual
FNDA:0,ZKPassport_Check._verifyBirthdateAfterOrEqual
DA:200,0
DA:201,0
DA:204,0
FN:204,ZKPassport_Check._verifyBirthdateBefore
FNDA:0,ZKPassport_Check._verifyBirthdateBefore
DA:205,0
DA:206,0
DA:209,0
FN:209,ZKPassport_Check._verifyBirthdateBeforeOrEqual
FNDA:0,ZKPassport_Check._verifyBirthdateBeforeOrEqual
DA:210,0
DA:211,0
DA:214,0
FN:214,ZKPassport_Check._verifyBirthdateBetween
FNDA:0,ZKPassport_Check._verifyBirthdateBetween
DA:215,0
DA:216,0
DA:217,0
DA:220,0
FN:220,ZKPassport_Check._verifyBirthdateEqual
FNDA:0,ZKPassport_Check._verifyBirthdateEqual
DA:221,0
DA:222,0
DA:225,0
FN:225,ZKPassport_Check._verifyExpiryDateAfter
FNDA:0,ZKPassport_Check._verifyExpiryDateAfter
DA:226,0
DA:227,0
DA:230,0
FN:230,ZKPassport_Check._verifyExpiryDateAfterOrEqual
FNDA:0,ZKPassport_Check._verifyExpiryDateAfterOrEqual
DA:231,0
DA:232,0
DA:235,0
FN:235,ZKPassport_Check._verifyExpiryDateBefore
FNDA:0,ZKPassport_Check._verifyExpiryDateBefore
DA:236,0
DA:237,0
DA:240,0
FN:240,ZKPassport_Check._verifyExpiryDateBeforeOrEqual
FNDA:0,ZKPassport_Check._verifyExpiryDateBeforeOrEqual
DA:245,0
DA:246,0
DA:249,0
FN:249,ZKPassport_Check._verifyExpiryDateBetween
FNDA:0,ZKPassport_Check._verifyExpiryDateBetween
DA:250,0
DA:251,0
DA:252,0
DA:255,0
FN:255,ZKPassport_Check._verifyExpiryDateEqual
FNDA:0,ZKPassport_Check._verifyExpiryDateEqual
DA:256,0
DA:257,0
DA:260,0
FN:260,ZKPassport_Check._verifyIssuingCountryIn
FNDA:0,ZKPassport_Check._verifyIssuingCountryIn
DA:261,0
DA:262,0
DA:263,0
BRDA:263,29,0,-
DA:264,0
DA:267,0
DA:270,0
FN:270,ZKPassport_Check._verifyIssuingCountryOut
FNDA:0,ZKPassport_Check._verifyIssuingCountryOut
DA:271,0
DA:272,0
DA:273,0
BRDA:273,30,0,-
DA:274,0
DA:277,0
DA:280,0
FN:280,ZKPassport_Check._verifyNationalityIn
FNDA:0,ZKPassport_Check._verifyNationalityIn
DA:281,0
DA:282,0
DA:283,0
BRDA:283,31,0,-
DA:284,0
DA:287,0
DA:290,0
FN:290,ZKPassport_Check._verifyNationalityOut
FNDA:0,ZKPassport_Check._verifyNationalityOut
DA:291,0
DA:292,0
DA:293,0
BRDA:293,32,0,-
DA:294,0
DA:297,0
DA:304,0
FN:304,ZKPassport_Check._calculateAge
FNDA:0,ZKPassport_Check._calculateAge
DA:305,0
DA:306,0
DA:308,0
BRDA:308,33,0,-
DA:309,0
DA:312,0
FN:312,ZKPassport_Check._mrzToYYYYMMDD
FNDA:0,ZKPassport_Check._mrzToYYYYMMDD
DA:313,0
DA:314,0
BRDA:314,34,0,-
BRDA:314,34,1,-
DA:315,0
DA:316,0
DA:317,0
DA:319,0
DA:320,0
DA:322,0
DA:323,0
BRDA:323,35,0,-
BRDA:323,35,1,-
DA:326,0
BRDA:326,36,0,-
BRDA:326,36,1,-
DA:327,0
DA:329,0
DA:333,0
BRDA:333,37,0,-
BRDA:333,37,1,-
DA:334,0
DA:336,0
DA:340,0
DA:343,0
FN:343,ZKPassport_Check._timestampToYYYYMMDD
FNDA:0,ZKPassport_Check._timestampToYYYYMMDD
DA:344,0
DA:345,0
DA:348,0
FN:348,ZKPassport_Check._timestampToDate
FNDA:0,ZKPassport_Check._timestampToDate
DA:349,0
DA:350,0
DA:351,0
DA:352,0
DA:353,0
DA:354,0
DA:355,0
DA:356,0
DA:357,0
DA:358,0
DA:361,0
FN:361,ZKPassport_Check._stringToUint
FNDA:0,ZKPassport_Check._stringToUint
DA:362,0
DA:363,0
DA:364,0
DA:365,0
DA:366,0
DA:367,0
BRDA:367,38,0,-
DA:368,0
FNF:30
FNH:2
LF:199
LH:10
BRF:67
BRH:0
end_of_record
TN:
SF:src/core/helpers/ElectionRegistry.sol
DA:35,7
FN:35,ElectionRegistry.onlyOwner
FNDA:7,ElectionRegistry.onlyOwner
DA:36,7
BRDA:36,0,0,1
DA:41,87
FN:41,ElectionRegistry.constructor
FNDA:87,ElectionRegistry.constructor
DA:42,87
DA:43,87
DA:49,30
FN:49,ElectionRegistry.createElection
FNDA:30,ElectionRegistry.createElection
DA:50,30
DA:52,30
BRDA:52,1,0,1
DA:55,29
DA:62,29
DA:69,29
DA:75,31
FN:75,ElectionRegistry.nominate
FNDA:31,ElectionRegistry.nominate
DA:76,29
DA:78,1
BRDA:78,2,0,1
DA:79,28
BRDA:79,3,0,1
DA:81,27
DA:82,27
DA:84,27
DA:90,7
FN:90,ElectionRegistry.revokeNomination
FNDA:7,ElectionRegistry.revokeNomination
DA:91,6
DA:93,6
BRDA:93,4,0,1
DA:94,5
BRDA:94,5,0,1
DA:96,4
DA:98,4
DA:99,4
DA:100,5
BRDA:100,6,0,4
DA:101,4
DA:102,4
DA:103,4
DA:107,4
DA:114,13
FN:114,ElectionRegistry.vote
FNDA:13,ElectionRegistry.vote
DA:115,12
DA:116,12
BRDA:116,7,0,2
DA:117,2
DA:119,1
BRDA:119,8,0,1
DA:121,9
DA:122,9
BRDA:122,9,0,1
DA:124,8
DA:126,8
DA:127,10
BRDA:127,10,0,10
DA:128,10
DA:129,10
DA:130,10
DA:136,7
FN:136,ElectionRegistry.isElectionOpen
FNDA:7,ElectionRegistry.isElectionOpen
DA:137,7
DA:138,7
DA:141,16
FN:141,ElectionRegistry.getElectionInfo
FNDA:16,ElectionRegistry.getElectionInfo
DA:142,16
DA:145,6
FN:145,ElectionRegistry.getNominees
FNDA:6,ElectionRegistry.getNominees
DA:146,10
DA:149,6
FN:149,ElectionRegistry.getNomineeCount
FNDA:6,ElectionRegistry.getNomineeCount
DA:150,6
DA:153,3
FN:153,ElectionRegistry.getVoteCount
FNDA:3,ElectionRegistry.getVoteCount
DA:154,3
DA:157,2
FN:157,ElectionRegistry.hasUserVoted
FNDA:2,ElectionRegistry.hasUserVoted
DA:158,2
DA:161,3
FN:161,ElectionRegistry.getNomineeRanking
FNDA:3,ElectionRegistry.getNomineeRanking
DA:166,3
DA:167,3
BRDA:167,11,0,1
DA:168,1
DA:171,2
DA:174,2
FN:174,ElectionRegistry.getRankingAnyTime
FNDA:2,ElectionRegistry.getRankingAnyTime
DA:179,4
DA:180,4
BRDA:180,12,0,1
DA:182,3
DA:183,3
DA:186,3
DA:187,6
DA:188,6
DA:192,3
DA:193,3
DA:194,4
BRDA:194,13,0,2
DA:196,2
DA:197,2
DA:198,2
DA:201,2
DA:202,2
DA:203,2
DA:208,3
FNF:14
FNH:14
LF:79
LH:79
BRF:14
BRH:14
end_of_record
TN:
SF:src/core/helpers/MandateRegistry.sol
DA:142,30
FN:142,MandateRegistry.registerMandate
FNDA:30,MandateRegistry.registerMandate
DA:147,32670
BRDA:147,0,0,2
DA:148,2
DA:150,32668
BRDA:150,1,0,1
DA:153,32667
BRDA:153,2,0,1
DA:154,1
DA:157,32666
DA:158,32666
DA:159,32666
DA:162,32666
BRDA:162,3,0,2
DA:163,1
BRDA:163,4,0,1
BRDA:163,4,1,1
DA:164,1
DA:166,1
DA:171,32664
DA:173,32664
DA:174,32664
DA:176,32664
DA:178,32664
DA:182,11
FN:182,MandateRegistry.deactivateMandate
FNDA:11,MandateRegistry.deactivateMandate
DA:186,10
DA:187,10
DA:189,10
BRDA:189,5,0,1
DA:190,1
DA:193,9
DA:194,9
BRDA:194,6,0,1
DA:196,8
DA:198,8
DA:202,5
FN:202,MandateRegistry.reactivateMandate
FNDA:5,MandateRegistry.reactivateMandate
DA:206,4
DA:207,4
DA:209,4
BRDA:209,7,0,1
DA:210,1
DA:213,3
DA:214,1
BRDA:214,8,0,1
DA:216,2
DA:218,2
DA:224,683
FN:224,MandateRegistry.batchRegisterMandates
FNDA:683,MandateRegistry.batchRegisterMandates
DA:229,682
BRDA:229,9,0,1
DA:230,1
DA:233,681
DA:234,32641
DA:242,2
FN:242,MandateRegistry.packVersion
FNDA:2,MandateRegistry.packVersion
DA:243,68660
DA:246,32664
FN:246,MandateRegistry._addVersion
FNDA:32664,MandateRegistry._addVersion
DA:254,32664
DA:255,32664
DA:257,32664
BRDA:257,10,0,-
DA:258,0
DA:261,32664
DA:264,3334
FN:264,MandateRegistry._getMandateEntryInternal
FNDA:3334,MandateRegistry._getMandateEntryInternal
DA:269,3334
DA:270,3334
DA:272,3334
DA:273,3334
BRDA:273,11,0,1
DA:274,3333
DA:281,5
FN:281,MandateRegistry.getMandateEntry
FNDA:5,MandateRegistry.getMandateEntry
DA:286,5
DA:290,3329
FN:290,MandateRegistry.getMandateAddress
FNDA:3329,MandateRegistry.getMandateAddress
DA:295,3329
DA:299,32641
FN:299,MandateRegistry.isMandateRegistered
FNDA:32641,MandateRegistry.isMandateRegistered
DA:300,32641
DA:306,6
FN:306,MandateRegistry.isMandateAddressActive
FNDA:6,MandateRegistry.isMandateAddressActive
DA:307,6
DA:308,6
DA:309,6
DA:313,32644
FN:313,MandateRegistry.isVersionActive
FNDA:32644,MandateRegistry.isVersionActive
DA:318,32644
DA:319,32644
DA:320,32644
BRDA:320,12,0,32641
DA:321,3
DA:324,3
FN:324,MandateRegistry.getLatestVersion
FNDA:3,MandateRegistry.getLatestVersion
DA:329,3
DA:330,3
DA:331,3
BRDA:331,13,0,1
DA:333,2
DA:334,2
DA:335,2
DA:336,2
FNF:13
FNH:13
LF:78
LH:77
BRF:15
BRH:14
end_of_record
TN:
SF:src/core/helpers/Nominees.sol
DA:26,61
FN:26,Nominees.nominate
FNDA:61,Nominees.nominate
DA:27,54
BRDA:27,0,0,54
BRDA:27,0,1,12
DA:28,54
BRDA:28,1,0,2
DA:29,52
DA:30,52
DA:32,52
DA:34,52
DA:36,15
BRDA:36,2,0,3
DA:37,12
DA:39,12
DA:40,12
DA:41,15
BRDA:41,3,0,12
DA:42,12
DA:43,12
DA:44,12
DA:48,12
DA:50,12
DA:55,10
FN:55,Nominees.revokeNomination
FNDA:10,Nominees.revokeNomination
DA:56,9
DA:61,45
FN:61,Nominees.getNominees
FNDA:45,Nominees.getNominees
DA:62,45
DA:65,16
FN:65,Nominees.isNominee
FNDA:16,Nominees.isNominee
DA:66,16
FNF:4
FNH:4
LF:23
LH:23
BRF:5
BRH:5
end_of_record
TN:
SF:src/core/helpers/PowersDeployer.sol
DA:11,17
FN:11,PowersDeployer.deploy
FNDA:17,PowersDeployer.deploy
DA:22,17
DA:26,17
DA:27,17
DA:29,17
FNF:1
FNH:1
LF:5
LH:5
BRF:0
BRH:0
end_of_record
TN:
SF:src/core/helpers/PowersFactory.sol
DA:40,42
FN:40,PowersFactory.constructor
FNDA:42,PowersFactory.constructor
DA:49,42
DA:51,42
DA:52,42
DA:53,42
DA:54,42
DA:55,42
DA:65,36
FN:65,PowersFactory.addMandates
FNDA:36,PowersFactory.addMandates
DA:66,35
DA:67,130
DA:75,2
FN:75,PowersFactory.replaceMandate
FNDA:2,PowersFactory.replaceMandate
DA:76,1
DA:82,5
FN:82,PowersFactory.getMandate
FNDA:5,PowersFactory.getMandate
DA:83,5
DA:93,6
FN:93,PowersFactory.addFlows
FNDA:6,PowersFactory.addFlows
DA:94,5
DA:95,5
DA:103,2
FN:103,PowersFactory.replaceFlow
FNDA:2,PowersFactory.replaceFlow
DA:104,1
DA:110,3
FN:110,PowersFactory.getFlow
FNDA:3,PowersFactory.getFlow
DA:111,3
DA:121,7
FN:121,PowersFactory.createPowers.0
FNDA:7,PowersFactory.createPowers.0
DA:122,6
DA:134,6
DA:136,6
DA:142,4
FN:142,PowersFactory.createPowers.1
FNDA:4,PowersFactory.createPowers.1
DA:143,3
DA:155,3
DA:157,3
DA:166,3
FN:166,PowersFactory.getLatestDeployment
FNDA:3,PowersFactory.getLatestDeployment
DA:167,3
FNF:10
FNH:10
LF:31
LH:31
BRF:0
BRH:0
end_of_record
TN:
SF:src/core/helpers/PowersPaymaster.sol
DA:28,20
FN:28,PowersPaymaster.constructor
FNDA:20,PowersPaymaster.constructor
DA:29,20
DA:30,20
DA:33,4
FN:33,PowersPaymaster.addSponsoredTarget
FNDA:4,PowersPaymaster.addSponsoredTarget
DA:34,3
BRDA:34,0,0,1
DA:35,1
DA:37,2
DA:39,2
DA:42,4
FN:42,PowersPaymaster.removeSponsoredTarget
FNDA:4,PowersPaymaster.removeSponsoredTarget
DA:43,3
BRDA:43,1,0,1
DA:44,1
DA:47,2
DA:48,2
DA:49,2
DA:50,3
BRDA:50,2,0,1
DA:51,1
DA:52,1
DA:53,1
DA:54,1
DA:57,2
BRDA:57,3,0,1
DA:58,1
DA:61,1
DA:69,10
FN:69,PowersPaymaster._validatePaymasterUserOp
FNDA:10,PowersPaymaster._validatePaymasterUserOp
DA:80,10
BRDA:80,4,0,1
DA:81,1
DA:84,9
DA:86,9
BRDA:86,5,0,5
BRDA:86,5,1,1
DA:88,5
DA:89,5
DA:90,4
BRDA:90,6,0,2
BRDA:90,6,1,1
DA:93,2
BRDA:93,7,0,1
DA:94,1
DA:95,1
DA:99,1
DA:101,1
DA:103,2
DA:106,4
DA:109,6
FN:109,PowersPaymaster._requireSponsoredTarget
FNDA:6,PowersPaymaster._requireSponsoredTarget
DA:110,6
DA:111,6
BRDA:111,8,0,4
DA:113,2
FNF:5
FNH:5
LF:41
LH:41
BRF:11
BRH:11
end_of_record
TN:
SF:src/core/helpers/SlateRegistry.sol
DA:46,55
FN:46,SlateRegistry.constructor
FNDA:55,SlateRegistry.constructor
DA:47,55
DA:48,55
DA:49,55
DA:58,35
FN:58,SlateRegistry.createElection
FNDA:35,SlateRegistry.createElection
DA:62,35
DA:64,35
BRDA:64,0,0,1
DA:65,1
DA:67,34
BRDA:67,1,0,1
DA:70,33
DA:71,33
DA:72,33
DA:74,32
DA:83,32
DA:90,32
DA:97,29
FN:97,SlateRegistry.registerSlate
FNDA:29,SlateRegistry.registerSlate
DA:98,28
BRDA:98,2,0,2
DA:99,1
BRDA:99,3,0,1
DA:100,25
DA:101,25
DA:102,25
DA:109,7
FN:109,SlateRegistry.removeSlate
FNDA:7,SlateRegistry.removeSlate
DA:110,6
BRDA:110,4,0,2
DA:111,4
BRDA:111,5,0,1
DA:112,3
DA:115,3
DA:116,3
DA:117,3
BRDA:117,6,0,3
DA:118,3
DA:119,3
DA:120,3
DA:123,3
DA:129,15
FN:129,SlateRegistry.vote
FNDA:15,SlateRegistry.vote
DA:130,14
DA:131,14
BRDA:131,7,0,2
DA:132,2
DA:134,1
BRDA:134,8,0,1
DA:135,11
BRDA:135,9,0,1
DA:137,10
DA:140,10
DA:141,13
DA:142,13
DA:143,13
DA:147,2
FN:147,SlateRegistry.executeResults
FNDA:2,SlateRegistry.executeResults
DA:149,1
DA:151,1
DA:153,1
DA:154,1
DA:155,1
DA:163,4
FN:163,SlateRegistry.isElectionOpen
FNDA:4,SlateRegistry.isElectionOpen
DA:164,4
DA:165,4
DA:168,3
FN:168,SlateRegistry.getElectionInfo
FNDA:3,SlateRegistry.getElectionInfo
DA:169,3
DA:172,2
FN:172,SlateRegistry.getSlates
FNDA:2,SlateRegistry.getSlates
DA:173,8
DA:176,4
FN:176,SlateRegistry.getSlateCount
FNDA:4,SlateRegistry.getSlateCount
DA:177,4
DA:180,5
FN:180,SlateRegistry.getElectionCount
FNDA:5,SlateRegistry.getElectionCount
DA:181,5
DA:184,2
FN:184,SlateRegistry.hasUserVoted
FNDA:2,SlateRegistry.hasUserVoted
DA:185,2
DA:188,4
FN:188,SlateRegistry.getSlateRanking
FNDA:4,SlateRegistry.getSlateRanking
DA:193,5
DA:194,5
BRDA:194,10,0,1
DA:195,1
DA:198,4
DA:201,2
FN:201,SlateRegistry.getRankingAnyTime
FNDA:2,SlateRegistry.getRankingAnyTime
DA:206,6
DA:207,6
BRDA:207,11,0,2
DA:209,4
DA:210,4
DA:213,4
DA:214,8
DA:215,8
DA:219,4
DA:220,4
DA:221,5
BRDA:221,12,0,2
DA:223,2
DA:224,2
DA:225,2
DA:228,2
DA:229,2
DA:230,2
DA:235,4
FNF:14
FNH:14
LF:85
LH:85
BRF:13
BRH:13
end_of_record
TN:
SF:src/core/mandates/electoral/DelegateTokenSelect.sol
DA:44,683
FN:44,DelegateTokenSelect.constructor
FNDA:683,DelegateTokenSelect.constructor
DA:45,683
DA:46,683
DA:47,683
DA:52,0
FN:52,DelegateTokenSelect.handleRequest
FNDA:0,DelegateTokenSelect.handleRequest
DA:65,6
DA:66,6
DA:67,6
DA:71,6
DA:73,6
DA:74,6
DA:75,10
DA:79,6
DA:80,6
DA:83,6
BRDA:83,0,0,5
BRDA:83,0,1,3
DA:85,5
DA:88,1
DA:89,1
DA:92,1
DA:93,4
DA:94,4
DA:98,1
DA:99,3
DA:100,6
BRDA:100,1,0,-
DA:102,0
DA:103,0
DA:104,0
DA:106,0
DA:107,0
DA:108,0
DA:114,1
DA:115,1
DA:116,3
DA:121,6
DA:123,6
BRDA:123,2,0,1
DA:125,1
DA:126,1
DA:129,5
DA:131,5
DA:134,5
DA:135,10
DA:136,10
DA:138,10
DA:142,5
DA:143,8
DA:144,8
DA:146,8
DA:149,5
FNF:2
FNH:1
LF:48
LH:41
BRF:4
BRH:3
end_of_record
TN:
SF:src/core/mandates/electoral/Nominate.sol
DA:16,683
FN:16,Nominate.constructor
FNDA:683,Nominate.constructor
DA:17,683
DA:18,683
DA:21,37
FN:21,Nominate.initializeMandate
FNDA:37,Nominate.initializeMandate
DA:25,37
DA:26,37
DA:27,37
DA:36,0
FN:36,Nominate.handleRequest
FNDA:0,Nominate.handleRequest
DA:48,7
DA:49,7
DA:51,7
DA:52,7
DA:53,7
DA:55,7
FNF:3
FNH:2
LF:14
LH:13
BRF:0
BRH:0
end_of_record
TN:
SF:src/core/mandates/electoral/PeerSelect.sol
DA:36,683
FN:36,PeerSelect.constructor
FNDA:683,PeerSelect.constructor
DA:37,683
DA:38,683
DA:41,28
FN:41,PeerSelect.initializeMandate
FNDA:28,PeerSelect.initializeMandate
DA:47,28
DA:48,28
DA:51,28
DA:54,28
DA:55,28
DA:56,0
DA:59,28
DA:60,28
DA:68,0
FN:68,PeerSelect.handleRequest
FNDA:0,PeerSelect.handleRequest
DA:81,6
DA:83,6
DA:85,6
DA:89,6
DA:92,6
BRDA:92,0,0,1
DA:93,1
DA:96,5
DA:97,5
DA:98,13
DA:100,13
DA:102,13
DA:106,5
DA:108,5
BRDA:108,1,0,1
DA:109,1
DA:112,4
DA:113,8
BRDA:113,2,0,8
DA:114,8
DA:119,4
BRDA:119,3,0,2
DA:120,2
DA:124,2
DA:129,2
DA:130,2
DA:131,0
DA:135,2
DA:137,2
DA:140,2
DA:141,0
DA:142,0
DA:146,2
DA:147,2
DA:148,4
BRDA:148,4,0,4
DA:149,4
DA:150,4
DA:152,4
DA:157,2
DA:158,2
DA:160,2
FNF:3
FNH:2
LF:50
LH:45
BRF:5
BRH:5
end_of_record
TN:
SF:src/core/mandates/electoral/RenounceRole.sol
DA:23,683
FN:23,RenounceRole.constructor
FNDA:683,RenounceRole.constructor
DA:24,683
DA:25,683
DA:28,29
FN:28,RenounceRole.initializeMandate
FNDA:29,RenounceRole.initializeMandate
DA:32,29
DA:33,29
DA:34,29
DA:37,0
FN:37,RenounceRole.handleRequest
FNDA:0,RenounceRole.handleRequest
DA:50,3
DA:52,3
DA:53,3
DA:56,3
BRDA:56,0,0,1
DA:57,1
DA:61,2
DA:62,2
DA:63,3
BRDA:63,1,0,1
DA:64,1
DA:65,1
DA:68,2
BRDA:68,2,0,1
DA:69,1
DA:73,1
DA:74,1
DA:75,1
DA:76,1
DA:78,1
DA:81,1
FN:81,RenounceRole.getAllowedRoleIds
FNDA:1,RenounceRole.getAllowedRoleIds
DA:82,1
DA:83,1
FNF:4
FNH:3
LF:28
LH:27
BRF:3
BRH:3
end_of_record
TN:
SF:src/core/mandates/electoral/SelfSelect.sol
DA:16,683
FN:16,SelfSelect.constructor
FNDA:683,SelfSelect.constructor
DA:17,683
DA:18,683
DA:27,0
FN:27,SelfSelect.handleRequest
FNDA:0,SelfSelect.handleRequest
DA:39,8
DA:40,8
DA:41,8
DA:43,8
BRDA:43,0,0,1
DA:44,1
DA:47,7
DA:48,7
DA:50,7
FNF:2
FNH:1
LF:12
LH:11
BRF:1
BRH:1
end_of_record
TN:
SF:src/core/mandates/executive/BespokeAction_Advanced.sol
DA:23,683
FN:23,BespokeAction_Advanced.constructor
FNDA:683,BespokeAction_Advanced.constructor
DA:24,683
DA:31,683
DA:34,60
FN:34,BespokeAction_Advanced.initializeMandate
FNDA:60,BespokeAction_Advanced.initializeMandate
DA:44,60
DA:45,60
DA:46,60
DA:51,0
FN:51,BespokeAction_Advanced.handleRequest
FNDA:0,BespokeAction_Advanced.handleRequest
DA:64,1
DA:66,1
DA:68,1
DA:71,1
DA:72,1
DA:73,1
DA:76,1
FNF:3
FNH:2
LF:15
LH:14
BRF:0
BRH:0
end_of_record
TN:
SF:src/core/mandates/executive/BespokeAction_OnReturnValue.sol
DA:14,683
FN:14,BespokeAction_OnReturnValue.constructor
FNDA:683,BespokeAction_OnReturnValue.constructor
DA:15,683
DA:23,683
DA:26,79
FN:26,BespokeAction_OnReturnValue.initializeMandate
FNDA:79,BespokeAction_OnReturnValue.initializeMandate
DA:30,79
DA:31,79
DA:36,0
FN:36,BespokeAction_OnReturnValue.handleRequest
FNDA:0,BespokeAction_OnReturnValue.handleRequest
DA:50,1
DA:56,1
DA:57,1
DA:58,1
DA:59,1
DA:62,1
DA:64,1
DA:65,1
DA:67,1
FNF:3
FNH:2
LF:16
LH:15
BRF:0
BRH:0
end_of_record
TN:
SF:src/core/mandates/executive/BespokeAction_Simple.sol
DA:17,683
FN:17,BespokeAction_Simple.constructor
FNDA:683,BespokeAction_Simple.constructor
DA:18,683
DA:19,683
DA:22,184
FN:22,BespokeAction_Simple.initializeMandate
FNDA:184,BespokeAction_Simple.initializeMandate
DA:26,184
DA:27,184
DA:32,0
FN:32,BespokeAction_Simple.handleRequest
FNDA:0,BespokeAction_Simple.handleRequest
DA:46,16
DA:47,16
DA:48,16
DA:51,16
DA:53,16
DA:54,16
DA:56,16
FNF:3
FNH:2
LF:14
LH:13
BRF:0
BRH:0
end_of_record
TN:
SF:src/core/mandates/executive/ExternalAction_Flexible.sol
DA:15,683
FN:15,ExternalAction_Flexible.constructor
FNDA:683,ExternalAction_Flexible.constructor
DA:16,683
DA:17,683
DA:20,60
FN:20,ExternalAction_Flexible.initializeMandate
FNDA:60,ExternalAction_Flexible.initializeMandate
DA:24,60
DA:25,60
DA:26,60
DA:27,60
DA:28,60
DA:29,0
DA:31,60
DA:36,0
FN:36,ExternalAction_Flexible.handleRequest
FNDA:0,ExternalAction_Flexible.handleRequest
DA:49,2
DA:50,2
DA:51,1
DA:54,1
DA:55,1
DA:56,1
DA:64,1
FNF:3
FNH:2
LF:19
LH:17
BRF:0
BRH:0
end_of_record
TN:
SF:src/core/mandates/executive/ExternalAction_Simple.sol
DA:14,683
FN:14,ExternalAction_Simple.constructor
FNDA:683,ExternalAction_Simple.constructor
DA:15,683
DA:16,683
DA:17,683
DA:20,0
FN:20,ExternalAction_Simple.initializeMandate
FNDA:0,ExternalAction_Simple.initializeMandate
DA:24,0
DA:25,0
DA:30,0
FN:30,ExternalAction_Simple.handleRequest
FNDA:0,ExternalAction_Simple.handleRequest
DA:43,0
DA:44,0
DA:45,0
DA:48,0
DA:49,0
DA:50,0
DA:58,0
FNF:3
FNH:1
LF:15
LH:4
BRF:0
BRH:0
end_of_record
TN:
SF:src/core/mandates/executive/OpenAction.sol
DA:24,740
FN:24,OpenAction.constructor
FNDA:740,OpenAction.constructor
DA:25,740
DA:28,484
FN:28,OpenAction.initializeMandate
FNDA:484,OpenAction.initializeMandate
DA:32,484
DA:33,484
DA:34,484
DA:35,484
DA:36,484
DA:41,13
FN:41,OpenAction.handleRequest
FNDA:13,OpenAction.handleRequest
DA:53,20
DA:55,20
DA:56,0
FNF:3
FNH:3
LF:12
LH:11
BRF:0
BRH:0
end_of_record
TN:
SF:src/core/mandates/executive/PresetActions.sol
DA:17,683
FN:17,PresetActions.constructor
FNDA:683,PresetActions.constructor
DA:18,683
DA:19,683
DA:23,0
FN:23,PresetActions.handleRequest
FNDA:0,PresetActions.handleRequest
DA:36,8
DA:37,8
DA:39,0
FNF:2
FNH:1
LF:7
LH:5
BRF:0
BRH:0
end_of_record
TN:
SF:src/core/mandates/executive/StatementOfIntent.sol
DA:18,691
FN:18,StatementOfIntent.constructor
FNDA:691,StatementOfIntent.constructor
DA:21,691
DA:22,691
DA:25,403
FN:25,StatementOfIntent.initializeMandate
FNDA:403,StatementOfIntent.initializeMandate
DA:31,403
DA:33,403
DA:42,0
FN:42,StatementOfIntent.handleRequest
FNDA:0,StatementOfIntent.handleRequest
DA:54,12
DA:55,12
DA:56,0
FNF:3
FNH:2
LF:10
LH:8
BRF:0
BRH:0
end_of_record
TN:
SF:src/core/mandates/integrations/ElectionRegistry/ElectionRegistry_CleanUpVoteMandate.sol
DA:31,683
FN:31,ElectionRegistry_CleanUpVoteMandate.constructor
FNDA:683,ElectionRegistry_CleanUpVoteMandate.constructor
DA:32,683
DA:33,683
DA:36,0
FN:36,ElectionRegistry_CleanUpVoteMandate.initializeMandate
FNDA:0,ElectionRegistry_CleanUpVoteMandate.initializeMandate
DA:40,0
DA:41,0
DA:42,0
DA:50,0
FN:50,ElectionRegistry_CleanUpVoteMandate.handleRequest
FNDA:0,ElectionRegistry_CleanUpVoteMandate.handleRequest
DA:63,0
DA:65,0
DA:66,0
DA:67,0
DA:68,0
DA:71,0
DA:73,0
DA:75,0
DA:76,0
DA:77,0
DA:81,0
FNF:3
FNH:1
LF:19
LH:3
BRF:0
BRH:0
end_of_record
TN:
SF:src/core/mandates/integrations/ElectionRegistry/ElectionRegistry_CreateVoteMandate.sol
DA:35,683
FN:35,ElectionRegistry_CreateVoteMandate.constructor
FNDA:683,ElectionRegistry_CreateVoteMandate.constructor
DA:36,683
DA:39,683
DA:42,19
FN:42,ElectionRegistry_CreateVoteMandate.initializeMandate
FNDA:19,ElectionRegistry_CreateVoteMandate.initializeMandate
DA:46,19
DA:47,19
DA:48,19
DA:56,0
FN:56,ElectionRegistry_CreateVoteMandate.handleRequest
FNDA:0,ElectionRegistry_CreateVoteMandate.handleRequest
DA:69,1
DA:71,1
DA:72,1
DA:73,1
DA:74,1
DA:77,1
DA:94,1
DA:95,1
DA:96,1
DA:100,1
FNF:3
FNH:2
LF:18
LH:17
BRF:0
BRH:0
end_of_record
TN:
SF:src/core/mandates/integrations/ElectionRegistry/ElectionRegistry_Nominate.sol
DA:32,683
FN:32,ElectionRegistry_Nominate.constructor
FNDA:683,ElectionRegistry_Nominate.constructor
DA:33,683
DA:34,683
DA:37,38
FN:37,ElectionRegistry_Nominate.initializeMandate
FNDA:38,ElectionRegistry_Nominate.initializeMandate
DA:41,38
DA:42,38
DA:43,38
DA:52,0
FN:52,ElectionRegistry_Nominate.handleRequest
FNDA:0,ElectionRegistry_Nominate.handleRequest
DA:64,1
DA:65,1
DA:66,1
DA:67,1
DA:68,1
DA:70,1
DA:71,1
DA:72,1
BRDA:72,0,0,1
BRDA:72,0,1,-
DA:73,1
DA:75,0
DA:78,1
FNF:3
FNH:2
LF:19
LH:17
BRF:2
BRH:1
end_of_record
TN:
SF:src/core/mandates/integrations/ElectionRegistry/ElectionRegistry_Tally.sol
DA:43,683
FN:43,ElectionRegistry_Tally.constructor
FNDA:683,ElectionRegistry_Tally.constructor
DA:44,683
DA:45,683
DA:48,19
FN:48,ElectionRegistry_Tally.initializeMandate
FNDA:19,ElectionRegistry_Tally.initializeMandate
DA:52,19
DA:53,19
DA:54,19
DA:60,0
FN:60,ElectionRegistry_Tally.handleRequest
FNDA:0,ElectionRegistry_Tally.handleRequest
DA:73,1
DA:74,1
DA:76,1
DA:77,1
DA:78,1
DA:81,1
BRDA:81,0,0,-
DA:82,0
DA:86,1
DA:89,1
DA:90,1
DA:91,2
DA:95,1
DA:97,1
DA:98,1
DA:99,1
DA:101,1
DA:102,1
DA:103,1
DA:110,1
DA:111,1
DA:112,1
DA:115,1
DA:116,2
DA:117,2
DA:119,2
DA:123,1
DA:124,1
DA:125,1
DA:127,1
DA:130,1
FNF:3
FNH:2
LF:38
LH:36
BRF:1
BRH:0
end_of_record
TN:
SF:src/core/mandates/integrations/ElectionRegistry/ElectionRegistry_Vote.sol
DA:35,683
FN:35,ElectionRegistry_Vote.constructor
FNDA:683,ElectionRegistry_Vote.constructor
DA:36,683
DA:37,683
DA:38,683
DA:41,1
FN:41,ElectionRegistry_Vote.initializeMandate
FNDA:1,ElectionRegistry_Vote.initializeMandate
DA:47,1
DA:48,1
DA:51,1
BRDA:51,0,0,-
DA:52,0
DA:56,1
DA:59,1
DA:60,1
DA:61,1
DA:63,1
DA:64,1
DA:73,0
FN:73,ElectionRegistry_Vote.handleRequest
FNDA:0,ElectionRegistry_Vote.handleRequest
DA:86,1
DA:88,1
DA:89,1
DA:91,1
DA:94,1
BRDA:94,1,0,-
DA:95,0
DA:99,1
BRDA:99,2,0,-
DA:100,0
DA:103,1
DA:104,1
DA:105,1
DA:107,1
DA:109,1
DA:113,1
DA:114,1
DA:115,1
BRDA:115,3,0,1
DA:116,1
DA:117,1
BRDA:117,4,0,-
DA:118,0
DA:124,1
DA:125,1
DA:126,1
DA:128,1
FNF:3
FNH:2
LF:39
LH:34
BRF:5
BRH:1
end_of_record
TN:
SF:src/core/mandates/integrations/Safe/SafeAllowance_Action.sol
DA:22,683
FN:22,SafeAllowance_Action.constructor
FNDA:683,SafeAllowance_Action.constructor
DA:24,683
DA:25,683
DA:26,683
DA:29,0
FN:29,SafeAllowance_Action.initializeMandate
FNDA:0,SafeAllowance_Action.initializeMandate
DA:35,0
DA:36,0
DA:38,0
DA:43,0
DA:45,0
DA:54,0
FN:54,SafeAllowance_Action.handleRequest
FNDA:0,SafeAllowance_Action.handleRequest
DA:66,0
DA:67,0
DA:68,0
DA:69,0
DA:70,0
BRDA:70,0,0,-
DA:71,0
DA:82,0
DA:84,0
DA:86,0
DA:87,0
DA:101,0
FNF:3
FNH:1
LF:22
LH:4
BRF:1
BRH:0
end_of_record
TN:
SF:src/core/mandates/integrations/Safe/SafeAllowance_PresetTransfer.sol
DA:34,683
FN:34,SafeAllowance_PresetTransfer.constructor
FNDA:683,SafeAllowance_PresetTransfer.constructor
DA:36,683
DA:37,683
DA:38,683
DA:41,0
FN:41,SafeAllowance_PresetTransfer.initializeMandate
FNDA:0,SafeAllowance_PresetTransfer.initializeMandate
DA:45,0
DA:54,0
FN:54,SafeAllowance_PresetTransfer.handleRequest
FNDA:0,SafeAllowance_PresetTransfer.handleRequest
DA:66,0
DA:68,0
DA:69,0
DA:72,0
DA:74,0
DA:75,0
DA:77,0
DA:80,0
FN:80,SafeAllowance_PresetTransfer._createCalldata
FNDA:0,SafeAllowance_PresetTransfer._createCalldata
DA:85,0
DA:86,0
DA:88,0
DA:94,0
DA:96,0
FNF:4
FNH:1
LF:20
LH:4
BRF:0
BRH:0
end_of_record
TN:
SF:src/core/mandates/integrations/Safe/SafeAllowance_Transfer.sol
DA:34,683
FN:34,SafeAllowance_Transfer.constructor
FNDA:683,SafeAllowance_Transfer.constructor
DA:36,683
DA:37,683
DA:40,3
FN:40,SafeAllowance_Transfer.initializeMandate
FNDA:3,SafeAllowance_Transfer.initializeMandate
DA:44,3
DA:45,3
DA:46,3
DA:47,3
DA:49,3
DA:58,0
FN:58,SafeAllowance_Transfer.handleRequest
FNDA:0,SafeAllowance_Transfer.handleRequest
DA:70,1
DA:72,1
DA:73,1
DA:75,1
DA:77,1
DA:78,1
DA:80,1
DA:83,1
FN:83,SafeAllowance_Transfer._createCalldata
FNDA:1,SafeAllowance_Transfer._createCalldata
DA:88,1
DA:89,1
DA:90,1
DA:96,1
DA:98,1
FNF:4
FNH:3
LF:23
LH:22
BRF:0
BRH:0
end_of_record
TN:
SF:src/core/mandates/integrations/Safe/Safe_ExecTransaction.sol
DA:29,683
FN:29,Safe_ExecTransaction.constructor
FNDA:683,Safe_ExecTransaction.constructor
DA:30,683
DA:31,683
DA:34,57
FN:34,Safe_ExecTransaction.initializeMandate
FNDA:57,Safe_ExecTransaction.initializeMandate
DA:38,57
DA:39,57
DA:52,0
FN:52,Safe_ExecTransaction.handleRequest
FNDA:0,Safe_ExecTransaction.handleRequest
DA:64,3
DA:66,3
DA:67,3
DA:68,3
DA:69,3
BRDA:69,0,0,-
DA:70,0
DA:79,3
DA:82,3
DA:83,3
DA:84,3
DA:98,3
FNF:3
FNH:2
LF:18
LH:16
BRF:1
BRH:0
end_of_record
TN:
SF:src/core/mandates/integrations/Safe/Safe_ExecTransaction_OnReturnValue.sol
DA:32,683
FN:32,Safe_ExecTransaction_OnReturnValue.constructor
FNDA:683,Safe_ExecTransaction_OnReturnValue.constructor
DA:33,683
DA:41,683
DA:44,0
FN:44,Safe_ExecTransaction_OnReturnValue.initializeMandate
FNDA:0,Safe_ExecTransaction_OnReturnValue.initializeMandate
DA:48,0
DA:49,0
DA:62,0
FN:62,Safe_ExecTransaction_OnReturnValue.handleRequest
FNDA:0,Safe_ExecTransaction_OnReturnValue.handleRequest
DA:74,0
DA:76,0
DA:77,0
DA:79,0
DA:80,0
BRDA:80,0,0,-
DA:81,0
DA:83,0
DA:84,0
DA:93,0
DA:96,0
DA:97,0
DA:98,0
DA:112,0
FNF:3
FNH:1
LF:20
LH:3
BRF:1
BRH:0
end_of_record
TN:
SF:src/core/mandates/integrations/Safe/Safe_RecoverTokens.sol
DA:25,683
FN:25,Safe_RecoverTokens.constructor
FNDA:683,Safe_RecoverTokens.constructor
DA:26,683
DA:27,683
DA:30,0
FN:30,Safe_RecoverTokens.handleRequest
FNDA:0,Safe_RecoverTokens.handleRequest
DA:42,0
DA:43,0
DA:45,0
DA:46,0
DA:49,0
DA:50,0
DA:52,0
DA:53,0
DA:54,0
BRDA:54,0,0,-
DA:55,0
DA:60,0
DA:61,0
DA:62,0
DA:64,0
DA:65,0
DA:66,0
DA:67,0
DA:68,0
BRDA:68,1,0,-
DA:69,0
DA:71,0
DA:73,0
DA:77,0
FNF:2
FNH:1
LF:26
LH:3
BRF:2
BRH:0
end_of_record
TN:
SF:src/core/mandates/integrations/SlateRegistry/SlateRegistry_AddSlate.sol
DA:36,683
FN:36,SlateRegistry_AddSlate.constructor
FNDA:683,SlateRegistry_AddSlate.constructor
DA:37,683
DA:38,683
DA:41,30
FN:41,SlateRegistry_AddSlate.initializeMandate
FNDA:30,SlateRegistry_AddSlate.initializeMandate
DA:47,30
DA:54,30
DA:62,6
FN:62,SlateRegistry_AddSlate.handleRequest
FNDA:6,SlateRegistry_AddSlate.handleRequest
DA:75,16
DA:77,16
DA:81,16
DA:82,16
DA:86,16
DA:89,16
DA:93,16
DA:96,16
DA:99,16
DA:102,16
DA:105,16
DA:109,16
FN:109,SlateRegistry_AddSlate._findEmptySlot
FNDA:16,SlateRegistry_AddSlate._findEmptySlot
DA:110,16
DA:111,16
DA:112,16
BRDA:112,0,0,16
DA:113,16
DA:116,0
DA:120,16
FN:120,SlateRegistry_AddSlate._buildCalls
FNDA:16,SlateRegistry_AddSlate._buildCalls
DA:126,16
DA:144,16
DA:147,16
DA:148,16
DA:151,16
DA:152,16
DA:157,16
DA:158,16
DA:160,16
FNF:5
FNH:5
LF:34
LH:33
BRF:1
BRH:1
end_of_record
TN:
SF:src/core/mandates/integrations/SlateRegistry/SlateRegistry_ExecuteResult.sol
DA:28,683
FN:28,SlateRegistry_ExecuteResult.constructor
FNDA:683,SlateRegistry_ExecuteResult.constructor
DA:29,683
DA:30,683
DA:33,30
FN:33,SlateRegistry_ExecuteResult.initializeMandate
FNDA:30,SlateRegistry_ExecuteResult.initializeMandate
DA:37,30
DA:38,30
DA:46,4
FN:46,SlateRegistry_ExecuteResult.handleRequest
FNDA:4,SlateRegistry_ExecuteResult.handleRequest
DA:59,5
DA:61,5
DA:63,5
DA:64,5
DA:65,5
DA:68,5
DA:69,5
BRDA:69,0,0,-
DA:71,5
DA:72,5
DA:73,5
DA:75,5
FNF:3
FNH:3
LF:18
LH:18
BRF:1
BRH:0
end_of_record
TN:
SF:src/core/mandates/integrations/SlateRegistry/SlateRegistry_RemoveSlate.sol
DA:33,683
FN:33,SlateRegistry_RemoveSlate.constructor
FNDA:683,SlateRegistry_RemoveSlate.constructor
DA:34,683
DA:35,683
DA:38,30
FN:38,SlateRegistry_RemoveSlate.initializeMandate
FNDA:30,SlateRegistry_RemoveSlate.initializeMandate
DA:44,30
DA:51,30
DA:59,5
FN:59,SlateRegistry_RemoveSlate.handleRequest
FNDA:5,SlateRegistry_RemoveSlate.handleRequest
DA:72,6
DA:74,6
DA:78,6
DA:79,6
DA:80,6
DA:84,6
DA:87,6
DA:88,6
DA:91,6
DA:94,6
DA:97,6
DA:100,6
DA:101,6
DA:104,6
DA:105,6
DA:108,6
DA:109,6
DA:111,6
DA:115,6
FN:115,SlateRegistry_RemoveSlate._findMandateSlot
FNDA:6,SlateRegistry_RemoveSlate._findMandateSlot
DA:116,6
DA:117,6
DA:118,6
BRDA:118,0,0,6
DA:119,6
DA:122,0
FNF:4
FNH:4
LF:31
LH:30
BRF:1
BRH:1
end_of_record
TN:
SF:src/core/mandates/reform/Adopt_Mandates.sol
DA:16,683
FN:16,Adopt_Mandates.constructor
FNDA:683,Adopt_Mandates.constructor
DA:17,683
DA:20,61
FN:20,Adopt_Mandates.initializeMandate
FNDA:61,Adopt_Mandates.initializeMandate
DA:24,61
DA:25,61
DA:26,61
DA:27,61
DA:32,0
FN:32,Adopt_Mandates.handleRequest
FNDA:0,Adopt_Mandates.handleRequest
DA:45,10
DA:47,10
DA:50,10
DA:51,10
DA:52,10
DA:54,10
DA:55,10
DA:56,10
DA:62,10
DA:63,10
DA:65,10
FNF:3
FNH:2
LF:19
LH:18
BRF:0
BRH:0
end_of_record
TN:
SF:src/core/mandates/reform/MandatePackage.sol
DA:26,7
FN:26,MandatePackage.constructor
FNDA:7,MandatePackage.constructor
DA:27,7
DA:28,7
DA:31,6
FN:31,MandatePackage.initializeMandate
FNDA:6,MandatePackage.initializeMandate
DA:37,6
DA:38,6
DA:43,0
FN:43,MandatePackage.handleRequest
FNDA:0,MandatePackage.handleRequest
DA:56,1
DA:57,1
DA:58,1
DA:61,1
DA:62,1
DA:63,1
DA:64,3
DA:65,3
DA:68,1
DA:69,1
DA:70,1
DA:79,2
FN:79,MandatePackage.getNewMandates
FNDA:2,MandatePackage.getNewMandates
DA:90,3
DA:91,3
DA:94,3
DA:95,3
DA:96,3
DA:97,3
DA:99,3
DA:100,3
DA:101,3
DA:102,3
DA:103,3
DA:111,3
DA:112,3
DA:113,3
DA:121,3
DA:122,3
DA:123,3
DA:124,3
DA:125,3
DA:126,3
DA:127,3
FNF:4
FNH:3
LF:40
LH:39
BRF:0
BRH:0
end_of_record
TN:
SF:src/core/mandates/reform/MandatePackage_Static.sol
DA:18,24
FN:18,ReformMandate_Static.constructor
FNDA:24,ReformMandate_Static.constructor
DA:19,24
DA:20,16
DA:22,24
DA:27,0
FN:27,ReformMandate_Static.handleRequest
FNDA:0,ReformMandate_Static.handleRequest
DA:40,4
DA:43,4
DA:44,4
DA:45,4
DA:46,3
DA:47,3
DA:50,4
DA:51,4
DA:52,4
FNF:2
FNH:1
LF:14
LH:13
BRF:0
BRH:0
end_of_record
TN:
SF:src/core/mandates/reform/PauseMandates.sol
DA:49,683
FN:49,PauseMandates.constructor
FNDA:683,PauseMandates.constructor
DA:50,683
DA:53,34
FN:53,PauseMandates.initializeMandate
FNDA:34,PauseMandates.initializeMandate
DA:58,34
DA:60,34
BRDA:60,0,0,1
DA:61,1
DA:64,33
DA:65,33
DA:66,33
DA:71,0
FN:71,PauseMandates.handleRequest
FNDA:0,PauseMandates.handleRequest
DA:84,6
DA:87,6
DA:90,6
DA:91,6
DA:93,4
BRDA:93,1,0,4
BRDA:93,1,1,2
DA:95,4
DA:98,2
DA:103,4
FN:103,PauseMandates._pauseMandates
FNDA:4,PauseMandates._pauseMandates
DA:109,4
DA:112,4
DA:115,4
DA:116,2
DA:117,2
DA:120,4
DA:124,2
FN:124,PauseMandates._restartMandates
FNDA:2,PauseMandates._restartMandates
DA:129,2
DA:132,2
DA:135,2
DA:137,2
DA:138,2
DA:141,2
DA:142,2
DA:145,2
DA:146,2
BRDA:146,2,0,2
DA:148,2
DA:152,1
DA:153,1
DA:154,1
DA:157,1
DA:169,1
DA:173,2
DA:176,2
DA:177,1
DA:180,1
DA:183,1
DA:184,1
DA:187,1
DA:188,1
DA:193,2
DA:198,6
FN:198,PauseMandates._findValidMandates
FNDA:6,PauseMandates._findValidMandates
DA:203,6
DA:204,6
DA:206,6
DA:208,6
DA:209,6
BRDA:209,3,0,6
DA:210,5
DA:211,1
BRDA:211,3,1,1
DA:213,1
DA:217,5
BRDA:217,4,0,1
DA:219,1
DA:222,4
DA:225,4
BRDA:225,5,0,-
DA:226,0
DA:230,4
DA:232,4
DA:235,0
FNF:6
FNH:5
LF:66
LH:63
BRF:8
BRH:7
end_of_record
TN:
SF:src/core/mandates/reform/Revoke_Mandates.sol
DA:15,683
FN:15,Revoke_Mandates.constructor
FNDA:683,Revoke_Mandates.constructor
DA:16,683
DA:17,683
DA:20,8
FN:20,Revoke_Mandates.initializeMandate
FNDA:8,Revoke_Mandates.initializeMandate
DA:24,8
DA:25,8
DA:26,8
DA:31,0
FN:31,Revoke_Mandates.handleRequest
FNDA:0,Revoke_Mandates.handleRequest
DA:44,3
DA:46,3
DA:49,3
DA:50,3
DA:51,3
DA:52,3
DA:53,3
DA:55,3
FNF:3
FNH:2
LF:16
LH:15
BRF:0
BRH:0
end_of_record
TN:
SF:src/libraries/Checks.sol
DA:42,191
FN:42,Checks.check
FNDA:191,Checks.check
DA:49,191
DA:51,191
BRDA:51,0,0,4
DA:52,4
DA:54,4
BRDA:54,1,0,1
DA:55,1
DA:60,190
BRDA:60,2,0,1
DA:61,1
DA:63,1
BRDA:63,3,0,-
DA:64,0
DA:69,190
BRDA:69,4,0,19
DA:70,19
BRDA:70,5,0,2
DA:71,2
DA:76,188
BRDA:76,6,0,12
DA:78,12
DA:80,1
BRDA:80,7,0,1
DA:81,1
DA:87,11
BRDA:87,8,0,2
DA:88,2
DA:89,2
DA:91,2
BRDA:91,9,0,1
DA:92,1
DA:98,186
BRDA:98,10,0,9
DA:99,9
DA:100,9
DA:102,9
BRDA:102,11,0,-
DA:103,0
DA:106,9
BRDA:106,12,0,1
DA:107,1
DA:125,253
FN:125,Checks.computeActionId
FNDA:253,Checks.computeActionId
DA:130,281
DA:133,2
FN:133,Checks.getConditions
FNDA:2,Checks.getConditions
DA:138,193
FNF:3
FNH:3
LF:33
LH:31
BRF:13
BRH:11
end_of_record
TN:
SF:src/libraries/MandateUtilities.sol
DA:16,3150
FN:16,MandateUtilities.checkStringLength
FNDA:3150,MandateUtilities.checkStringLength
DA:17,3150
BRDA:17,0,0,2
DA:18,2
DA:20,3148
BRDA:20,1,0,2
DA:21,2
DA:34,299
FN:34,MandateUtilities.computeActionId
FNDA:299,MandateUtilities.computeActionId
DA:39,299
DA:47,4722
FN:47,MandateUtilities.hashMandate
FNDA:4722,MandateUtilities.hashMandate
DA:48,4722
DA:57,165
FN:57,MandateUtilities.createEmptyArrays
FNDA:165,MandateUtilities.createEmptyArrays
DA:62,165
DA:63,165
DA:64,165
DA:72,518
FN:72,MandateUtilities.arrayifyBools
FNDA:518,MandateUtilities.arrayifyBools
DA:73,518
BRDA:73,2,0,12
DA:74,506
BRDA:74,3,0,256
DA:78,250
DA:79,250
DA:80,250
DA:81,250
DA:83,121452
DA:84,121452
DA:87,250
DA:95,4
FN:95,MandateUtilities.hexStringToBytes
FNDA:4,MandateUtilities.hexStringToBytes
DA:96,4
DA:97,4
DA:98,12
DA:100,3
DA:103,23
FN:103,MandateUtilities.hexToByte
FNDA:23,MandateUtilities.hexToByte
DA:104,23
BRDA:104,4,0,13
DA:106,13
DA:108,10
BRDA:108,5,0,3
DA:110,3
DA:112,7
BRDA:112,6,0,6
DA:114,6
DA:116,1
FNF:7
FNH:7
LF:36
LH:36
BRF:7
BRH:7
end_of_record
TN:
SF:src/libraries/PowersUtilities.sol
DA:14,4425
FN:14,PowersUtilities.setRole
FNDA:4425,PowersUtilities.setRole
DA:17,4425
BRDA:17,0,0,1
DA:18,4424
BRDA:18,1,0,1
DA:19,4423
BRDA:19,2,0,-
DA:21,4423
DA:22,4423
DA:23,4423
DA:25,4423
BRDA:25,3,0,4372
BRDA:25,3,1,49
DA:26,4372
DA:27,4372
DA:28,51
BRDA:28,4,0,49
DA:29,49
DA:30,49
DA:34,49
DA:35,49
DA:37,49
DA:38,49
DA:42,3133
FN:42,PowersUtilities.storeMandate
FNDA:3133,PowersUtilities.storeMandate
DA:49,3133
BRDA:49,5,0,1
DA:50,1
DA:52,1
BRDA:52,6,0,1
DA:53,3131
BRDA:53,7,0,1
DA:54,1
DA:58,3130
DA:59,6
DA:60,3
BRDA:60,8,0,3
DA:61,3
DA:64,3127
DA:65,3127
DA:66,3127
DA:67,3127
DA:69,3127
DA:73,35
FN:73,PowersUtilities.countVote
FNDA:35,PowersUtilities.countVote
DA:79,35
DA:81,35
DA:83,35
BRDA:83,9,0,2
BRDA:83,9,1,1
DA:84,2
DA:85,33
BRDA:85,10,0,31
BRDA:85,10,1,1
DA:86,31
DA:87,2
BRDA:87,11,0,1
BRDA:87,11,1,1
DA:88,1
DA:90,1
FNF:3
FNH:3
LF:42
LH:42
BRF:16
BRH:15
end_of_record
